{"/Users/afo/Code/greenpill/cookie-jar/frontend/app/page.tsx": {"path":"/Users/afo/Code/greenpill/cookie-jar/frontend/app/page.tsx","statementMap":{"0":{"start":{"line":6,"column":24},"end":{"line":6,"column":null}},"1":{"start":{"line":1,"column":28},"end":{"line":1,"column":null}},"2":{"start":{"line":4,"column":23},"end":{"line":4,"column":null}}},"fnMap":{"0":{"name":"Home","decl":{"start":{"line":6,"column":24},"end":{"line":6,"column":null}},"loc":{"start":{"line":6,"column":24},"end":{"line":13,"column":null}}}},"branchMap":{},"s":{"0":0,"1":0,"2":0},"f":{"0":0},"b":{}}
,"/Users/afo/Code/greenpill/cookie-jar/frontend/app/admin/cookie-jars/page.tsx": {"path":"/Users/afo/Code/greenpill/cookie-jar/frontend/app/admin/cookie-jars/page.tsx","statementMap":{"0":{"start":{"line":111,"column":0},"end":{"line":111,"column":15}},"1":{"start":{"line":4,"column":33},"end":{"line":4,"column":null}},"2":{"start":{"line":5,"column":86},"end":{"line":5,"column":null}},"3":{"start":{"line":6,"column":23},"end":{"line":6,"column":null}},"4":{"start":{"line":7,"column":40},"end":{"line":7,"column":null}},"5":{"start":{"line":8,"column":25},"end":{"line":8,"column":null}},"6":{"start":{"line":9,"column":26},"end":{"line":9,"column":null}},"7":{"start":{"line":10,"column":27},"end":{"line":10,"column":null}},"8":{"start":{"line":11,"column":42},"end":{"line":11,"column":null}},"9":{"start":{"line":12,"column":30},"end":{"line":12,"column":null}},"10":{"start":{"line":16,"column":53},"end":{"line":23,"column":null}},"11":{"start":{"line":17,"column":21},"end":{"line":17,"column":null}},"12":{"start":{"line":19,"column":2},"end":{"line":19,"column":null}},"13":{"start":{"line":19,"column":16},"end":{"line":19,"column":null}},"14":{"start":{"line":26,"column":56},"end":{"line":33,"column":null}},"15":{"start":{"line":27,"column":2},"end":{"line":32,"column":null}},"16":{"start":{"line":28,"column":19},"end":{"line":28,"column":null}},"17":{"start":{"line":35,"column":32},"end":{"line":109,"column":null}},"18":{"start":{"line":36,"column":47},"end":{"line":36,"column":null}},"19":{"start":{"line":37,"column":17},"end":{"line":37,"column":null}},"20":{"start":{"line":38,"column":26},"end":{"line":38,"column":null}},"21":{"start":{"line":40,"column":24},"end":{"line":42,"column":null}},"22":{"start":{"line":41,"column":4},"end":{"line":41,"column":null}},"23":{"start":{"line":44,"column":2},"end":{"line":50,"column":null}},"24":{"start":{"line":66,"column":12},"end":{"line":66,"column":34}},"25":{"start":{"line":72,"column":12},"end":{"line":72,"column":39}},"26":{"start":{"line":90,"column":67},"end":{"line":90,"column":null}},"27":{"start":{"line":111,"column":15},"end":{"line":111,"column":null}}},"fnMap":{"0":{"name":"(anonymous_1)","decl":{"start":{"line":16,"column":53},"end":{"line":16,"column":54}},"loc":{"start":{"line":16,"column":65},"end":{"line":23,"column":null}}},"1":{"name":"(anonymous_2)","decl":{"start":{"line":26,"column":56},"end":{"line":26,"column":57}},"loc":{"start":{"line":26,"column":69},"end":{"line":33,"column":null}}},"2":{"name":"(anonymous_3)","decl":{"start":{"line":35,"column":32},"end":{"line":35,"column":null}},"loc":{"start":{"line":35,"column":32},"end":{"line":109,"column":null}}},"3":{"name":"(anonymous_4)","decl":{"start":{"line":40,"column":24},"end":{"line":40,"column":25}},"loc":{"start":{"line":40,"column":25},"end":{"line":42,"column":null}}},"4":{"name":"(anonymous_5)","decl":{"start":{"line":65,"column":29},"end":{"line":65,"column":30}},"loc":{"start":{"line":66,"column":12},"end":{"line":66,"column":34}}},"5":{"name":"(anonymous_6)","decl":{"start":{"line":71,"column":30},"end":{"line":71,"column":31}},"loc":{"start":{"line":72,"column":12},"end":{"line":72,"column":39}}},"6":{"name":"(anonymous_7)","decl":{"start":{"line":90,"column":61},"end":{"line":90,"column":67}},"loc":{"start":{"line":90,"column":67},"end":{"line":90,"column":null}}}},"branchMap":{"0":{"loc":{"start":{"line":19,"column":2},"end":{"line":19,"column":null}},"type":"if","locations":[{"start":{"line":19,"column":2},"end":{"line":19,"column":null}},{"start":{},"end":{}}]},"1":{"loc":{"start":{"line":22,"column":16},"end":{"line":22,"column":null}},"type":"binary-expr","locations":[{"start":{"line":22,"column":16},"end":{"line":22,"column":26}},{"start":{"line":22,"column":26},"end":{"line":22,"column":null}}]},"2":{"loc":{"start":{"line":29,"column":18},"end":{"line":29,"column":null}},"type":"binary-expr","locations":[{"start":{"line":29,"column":18},"end":{"line":29,"column":29}},{"start":{"line":29,"column":33},"end":{"line":29,"column":null}}]},"3":{"loc":{"start":{"line":44,"column":2},"end":{"line":50,"column":null}},"type":"if","locations":[{"start":{"line":44,"column":2},"end":{"line":50,"column":null}},{"start":{},"end":{}}]},"4":{"loc":{"start":{"line":57,"column":7},"end":{"line":57,"column":null}},"type":"binary-expr","locations":[{"start":{"line":57,"column":7},"end":{"line":57,"column":null}}]},"5":{"loc":{"start":{"line":64,"column":8},"end":{"line":70,"column":9}},"type":"cond-expr","locations":[{"start":{"line":64,"column":8},"end":{"line":70,"column":9}}]},"6":{"loc":{"start":{"line":63,"column":7},"end":{"line":63,"column":null}},"type":"binary-expr","locations":[{"start":{"line":63,"column":7},"end":{"line":63,"column":20}},{"start":{"line":63,"column":20},"end":{"line":63,"column":null}}]},"7":{"loc":{"start":{"line":99,"column":7},"end":{"line":99,"column":20}},"type":"binary-expr","locations":[{"start":{"line":99,"column":7},"end":{"line":99,"column":20}},{"start":{"line":99,"column":20},"end":{"line":99,"column":null}}]}},"s":{"0":0,"1":0,"2":0,"3":0,"4":0,"5":0,"6":0,"7":0,"8":0,"9":0,"10":0,"11":0,"12":0,"13":0,"14":0,"15":0,"16":0,"17":0,"18":0,"19":0,"20":0,"21":0,"22":0,"23":0,"24":0,"25":0,"26":0,"27":0},"f":{"0":0,"1":0,"2":0,"3":0,"4":0,"5":0,"6":0},"b":{"0":[0,0],"1":[0,0],"2":[0,0],"3":[0,0],"4":[0],"5":[0],"6":[0,0],"7":[0,0]}}
,"/Users/afo/Code/greenpill/cookie-jar/frontend/app/create/page.tsx": {"path":"/Users/afo/Code/greenpill/cookie-jar/frontend/app/create/page.tsx","statementMap":{"0":{"start":{"line":52,"column":24},"end":{"line":52,"column":null}},"1":{"start":{"line":3,"column":29},"end":{"line":3,"column":null}},"2":{"start":{"line":5,"column":18},"end":{"line":5,"column":null}},"3":{"start":{"line":8,"column":26},"end":{"line":8,"column":null}},"4":{"start":{"line":9,"column":36},"end":{"line":9,"column":null}},"5":{"start":{"line":10,"column":87},"end":{"line":10,"column":null}},"6":{"start":{"line":11,"column":34},"end":{"line":11,"column":null}},"7":{"start":{"line":12,"column":38},"end":{"line":12,"column":null}},"8":{"start":{"line":13,"column":69},"end":{"line":13,"column":null}},"9":{"start":{"line":14,"column":23},"end":{"line":14,"column":null}},"10":{"start":{"line":15,"column":22},"end":{"line":15,"column":null}},"11":{"start":{"line":16,"column":22},"end":{"line":16,"column":null}},"12":{"start":{"line":17,"column":25},"end":{"line":17,"column":null}},"13":{"start":{"line":18,"column":78},"end":{"line":18,"column":null}},"14":{"start":{"line":19,"column":25},"end":{"line":19,"column":null}},"15":{"start":{"line":20,"column":30},"end":{"line":20,"column":null}},"16":{"start":{"line":21,"column":61},"end":{"line":21,"column":null}},"17":{"start":{"line":24,"column":31},"end":{"line":24,"column":null}},"18":{"start":{"line":26,"column":27},"end":{"line":26,"column":null}},"19":{"start":{"line":27,"column":44},"end":{"line":27,"column":null}},"20":{"start":{"line":28,"column":25},"end":{"line":28,"column":null}},"21":{"start":{"line":29,"column":21},"end":{"line":29,"column":null}},"22":{"start":{"line":30,"column":30},"end":{"line":30,"column":null}},"23":{"start":{"line":33,"column":79},"end":{"line":33,"column":null}},"24":{"start":{"line":36,"column":5},"end":{"line":36,"column":null}},"25":{"start":{"line":41,"column":5},"end":{"line":41,"column":null}},"26":{"start":{"line":46,"column":5},"end":{"line":46,"column":null}},"27":{"start":{"line":53,"column":17},"end":{"line":53,"column":null}},"28":{"start":{"line":54,"column":39},"end":{"line":54,"column":null}},"29":{"start":{"line":55,"column":40},"end":{"line":55,"column":null}},"30":{"start":{"line":56,"column":21},"end":{"line":56,"column":null}},"31":{"start":{"line":59,"column":48},"end":{"line":59,"column":null}},"32":{"start":{"line":60,"column":48},"end":{"line":60,"column":null}},"33":{"start":{"line":61,"column":52},"end":{"line":61,"column":null}},"34":{"start":{"line":62,"column":38},"end":{"line":62,"column":null}},"35":{"start":{"line":63,"column":50},"end":{"line":63,"column":null}},"36":{"start":{"line":64,"column":40},"end":{"line":64,"column":null}},"37":{"start":{"line":65,"column":44},"end":{"line":65,"column":null}},"38":{"start":{"line":66,"column":54},"end":{"line":66,"column":null}},"39":{"start":{"line":67,"column":44},"end":{"line":67,"column":null}},"40":{"start":{"line":68,"column":70},"end":{"line":68,"column":null}},"41":{"start":{"line":69,"column":52},"end":{"line":69,"column":null}},"42":{"start":{"line":70,"column":34},"end":{"line":70,"column":null}},"43":{"start":{"line":73,"column":32},"end":{"line":73,"column":null}},"44":{"start":{"line":74,"column":34},"end":{"line":74,"column":null}},"45":{"start":{"line":75,"column":42},"end":{"line":75,"column":null}},"46":{"start":{"line":76,"column":36},"end":{"line":76,"column":null}},"47":{"start":{"line":77,"column":48},"end":{"line":77,"column":null}},"48":{"start":{"line":79,"column":35},"end":{"line":79,"column":null}},"49":{"start":{"line":80,"column":18},"end":{"line":80,"column":null}},"50":{"start":{"line":81,"column":20},"end":{"line":81,"column":null}},"51":{"start":{"line":84,"column":38},"end":{"line":96,"column":null}},"52":{"start":{"line":99,"column":42},"end":{"line":99,"column":null}},"53":{"start":{"line":100,"column":34},"end":{"line":100,"column":null}},"54":{"start":{"line":101,"column":44},"end":{"line":101,"column":null}},"55":{"start":{"line":102,"column":38},"end":{"line":102,"column":null}},"56":{"start":{"line":105,"column":42},"end":{"line":105,"column":null}},"57":{"start":{"line":108,"column":120},"end":{"line":109,"column":null}},"58":{"start":{"line":112,"column":52},"end":{"line":112,"column":null}},"59":{"start":{"line":113,"column":38},"end":{"line":113,"column":null}},"60":{"start":{"line":114,"column":42},"end":{"line":114,"column":null}},"61":{"start":{"line":115,"column":40},"end":{"line":115,"column":null}},"62":{"start":{"line":118,"column":25},"end":{"line":119,"column":null}},"63":{"start":{"line":127,"column":6},"end":{"line":127,"column":null}},"64":{"start":{"line":134,"column":6},"end":{"line":137,"column":null}},"65":{"start":{"line":140,"column":2},"end":{"line":144,"column":null}},"66":{"start":{"line":141,"column":4},"end":{"line":143,"column":null}},"67":{"start":{"line":142,"column":6},"end":{"line":142,"column":null}},"68":{"start":{"line":147,"column":2},"end":{"line":149,"column":null}},"69":{"start":{"line":148,"column":4},"end":{"line":148,"column":null}},"70":{"start":{"line":152,"column":24},"end":{"line":152,"column":57}},"71":{"start":{"line":155,"column":21},"end":{"line":162,"column":null}},"72":{"start":{"line":156,"column":4},"end":{"line":161,"column":null}},"73":{"start":{"line":157,"column":6},"end":{"line":157,"column":null}},"74":{"start":{"line":158,"column":6},"end":{"line":158,"column":null}},"75":{"start":{"line":160,"column":6},"end":{"line":160,"column":null}},"76":{"start":{"line":165,"column":22},"end":{"line":184,"column":null}},"77":{"start":{"line":166,"column":4},"end":{"line":166,"column":null}},"78":{"start":{"line":166,"column":41},"end":{"line":166,"column":null}},"79":{"start":{"line":168,"column":4},"end":{"line":183,"column":null}},"80":{"start":{"line":169,"column":6},"end":{"line":179,"column":null}},"81":{"start":{"line":171,"column":8},"end":{"line":171,"column":null}},"82":{"start":{"line":174,"column":8},"end":{"line":176,"column":null}},"83":{"start":{"line":175,"column":10},"end":{"line":175,"column":null}},"84":{"start":{"line":178,"column":8},"end":{"line":178,"column":null}},"85":{"start":{"line":181,"column":6},"end":{"line":181,"column":null}},"86":{"start":{"line":182,"column":6},"end":{"line":182,"column":null}},"87":{"start":{"line":187,"column":17},"end":{"line":193,"column":null}},"88":{"start":{"line":188,"column":4},"end":{"line":192,"column":null}},"89":{"start":{"line":189,"column":6},"end":{"line":189,"column":null}},"90":{"start":{"line":190,"column":6},"end":{"line":190,"column":null}},"91":{"start":{"line":191,"column":6},"end":{"line":191,"column":null}},"92":{"start":{"line":196,"column":20},"end":{"line":199,"column":null}},"93":{"start":{"line":197,"column":4},"end":{"line":197,"column":null}},"94":{"start":{"line":197,"column":50},"end":{"line":197,"column":null}},"95":{"start":{"line":198,"column":4},"end":{"line":198,"column":null}},"96":{"start":{"line":198,"column":42},"end":{"line":198,"column":null}},"97":{"start":{"line":203,"column":23},"end":{"line":206,"column":null}},"98":{"start":{"line":204,"column":4},"end":{"line":204,"column":null}},"99":{"start":{"line":205,"column":4},"end":{"line":205,"column":null}},"100":{"start":{"line":209,"column":24},"end":{"line":312,"column":null}},"101":{"start":{"line":211,"column":32},"end":{"line":211,"column":null}},"102":{"start":{"line":212,"column":4},"end":{"line":220,"column":null}},"103":{"start":{"line":213,"column":6},"end":{"line":213,"column":null}},"104":{"start":{"line":215,"column":28},"end":{"line":215,"column":null}},"105":{"start":{"line":216,"column":30},"end":{"line":216,"column":null}},"106":{"start":{"line":216,"column":57},"end":{"line":216,"column":69}},"107":{"start":{"line":217,"column":6},"end":{"line":217,"column":null}},"108":{"start":{"line":218,"column":6},"end":{"line":218,"column":null}},"109":{"start":{"line":219,"column":6},"end":{"line":219,"column":null}},"110":{"start":{"line":222,"column":4},"end":{"line":222,"column":null}},"111":{"start":{"line":223,"column":4},"end":{"line":223,"column":null}},"112":{"start":{"line":224,"column":4},"end":{"line":224,"column":null}},"113":{"start":{"line":226,"column":4},"end":{"line":311,"column":null}},"114":{"start":{"line":228,"column":36},"end":{"line":228,"column":90}},"115":{"start":{"line":229,"column":32},"end":{"line":229,"column":82}},"116":{"start":{"line":232,"column":29},"end":{"line":237,"column":null}},"117":{"start":{"line":238,"column":27},"end":{"line":238,"column":null}},"118":{"start":{"line":241,"column":27},"end":{"line":241,"column":72}},"119":{"start":{"line":242,"column":6},"end":{"line":247,"column":null}},"120":{"start":{"line":243,"column":8},"end":{"line":243,"column":null}},"121":{"start":{"line":244,"column":8},"end":{"line":244,"column":null}},"122":{"start":{"line":245,"column":8},"end":{"line":245,"column":null}},"123":{"start":{"line":246,"column":8},"end":{"line":246,"column":null}},"124":{"start":{"line":249,"column":6},"end":{"line":310,"column":null}},"125":{"start":{"line":251,"column":8},"end":{"line":253,"column":null}},"126":{"start":{"line":252,"column":10},"end":{"line":252,"column":null}},"127":{"start":{"line":256,"column":29},"end":{"line":256,"column":null}},"128":{"start":{"line":257,"column":23},"end":{"line":257,"column":null}},"129":{"start":{"line":259,"column":8},"end":{"line":304,"column":null}},"130":{"start":{"line":260,"column":10},"end":{"line":281,"column":null}},"131":{"start":{"line":283,"column":10},"end":{"line":303,"column":null}},"132":{"start":{"line":306,"column":8},"end":{"line":306,"column":null}},"133":{"start":{"line":307,"column":8},"end":{"line":307,"column":null}},"134":{"start":{"line":308,"column":8},"end":{"line":308,"column":null}},"135":{"start":{"line":309,"column":8},"end":{"line":309,"column":null}},"136":{"start":{"line":315,"column":20},"end":{"line":335,"column":null}},"137":{"start":{"line":316,"column":4},"end":{"line":316,"column":null}},"138":{"start":{"line":317,"column":4},"end":{"line":317,"column":null}},"139":{"start":{"line":318,"column":4},"end":{"line":318,"column":null}},"140":{"start":{"line":319,"column":4},"end":{"line":319,"column":null}},"141":{"start":{"line":320,"column":4},"end":{"line":320,"column":null}},"142":{"start":{"line":321,"column":4},"end":{"line":321,"column":null}},"143":{"start":{"line":322,"column":4},"end":{"line":322,"column":null}},"144":{"start":{"line":323,"column":4},"end":{"line":323,"column":null}},"145":{"start":{"line":324,"column":4},"end":{"line":324,"column":null}},"146":{"start":{"line":325,"column":4},"end":{"line":325,"column":null}},"147":{"start":{"line":326,"column":4},"end":{"line":326,"column":null}},"148":{"start":{"line":327,"column":4},"end":{"line":327,"column":null}},"149":{"start":{"line":328,"column":4},"end":{"line":328,"column":null}},"150":{"start":{"line":329,"column":4},"end":{"line":329,"column":null}},"151":{"start":{"line":330,"column":4},"end":{"line":330,"column":null}},"152":{"start":{"line":331,"column":4},"end":{"line":331,"column":null}},"153":{"start":{"line":332,"column":4},"end":{"line":332,"column":null}},"154":{"start":{"line":333,"column":4},"end":{"line":333,"column":null}},"155":{"start":{"line":334,"column":4},"end":{"line":334,"column":null}},"156":{"start":{"line":338,"column":2},"end":{"line":395,"column":null}},"157":{"start":{"line":339,"column":4},"end":{"line":394,"column":null}},"158":{"start":{"line":340,"column":6},"end":{"line":340,"column":null}},"159":{"start":{"line":343,"column":6},"end":{"line":346,"column":null}},"160":{"start":{"line":349,"column":6},"end":{"line":353,"column":null}},"161":{"start":{"line":356,"column":6},"end":{"line":389,"column":null}},"162":{"start":{"line":357,"column":8},"end":{"line":372,"column":null}},"163":{"start":{"line":359,"column":29},"end":{"line":359,"column":52}},"164":{"start":{"line":361,"column":10},"end":{"line":361,"column":null}},"165":{"start":{"line":364,"column":10},"end":{"line":367,"column":19}},"166":{"start":{"line":366,"column":12},"end":{"line":366,"column":null}},"167":{"start":{"line":369,"column":10},"end":{"line":369,"column":null}},"168":{"start":{"line":370,"column":10},"end":{"line":370,"column":null}},"169":{"start":{"line":371,"column":10},"end":{"line":371,"column":null}},"170":{"start":{"line":375,"column":8},"end":{"line":375,"column":null}},"171":{"start":{"line":378,"column":8},"end":{"line":380,"column":null}},"172":{"start":{"line":379,"column":10},"end":{"line":379,"column":null}},"173":{"start":{"line":383,"column":8},"end":{"line":383,"column":null}},"174":{"start":{"line":386,"column":8},"end":{"line":388,"column":null}},"175":{"start":{"line":387,"column":10},"end":{"line":387,"column":null}},"176":{"start":{"line":392,"column":6},"end":{"line":392,"column":null}},"177":{"start":{"line":393,"column":6},"end":{"line":393,"column":null}},"178":{"start":{"line":399,"column":2},"end":{"line":414,"column":null}},"179":{"start":{"line":400,"column":4},"end":{"line":413,"column":null}},"180":{"start":{"line":401,"column":6},"end":{"line":401,"column":null}},"181":{"start":{"line":404,"column":6},"end":{"line":408,"column":null}},"182":{"start":{"line":410,"column":6},"end":{"line":410,"column":null}},"183":{"start":{"line":411,"column":6},"end":{"line":411,"column":null}},"184":{"start":{"line":412,"column":6},"end":{"line":412,"column":null}},"185":{"start":{"line":417,"column":23},"end":{"line":536,"column":null}},"186":{"start":{"line":418,"column":44},"end":{"line":418,"column":null}},"187":{"start":{"line":420,"column":4},"end":{"line":501,"column":null}},"188":{"start":{"line":423,"column":8},"end":{"line":425,"column":null}},"189":{"start":{"line":424,"column":10},"end":{"line":424,"column":null}},"190":{"start":{"line":428,"column":8},"end":{"line":432,"column":null}},"191":{"start":{"line":429,"column":10},"end":{"line":431,"column":null}},"192":{"start":{"line":430,"column":12},"end":{"line":430,"column":null}},"193":{"start":{"line":435,"column":8},"end":{"line":442,"column":null}},"194":{"start":{"line":436,"column":10},"end":{"line":441,"column":null}},"195":{"start":{"line":437,"column":12},"end":{"line":437,"column":null}},"196":{"start":{"line":438,"column":17},"end":{"line":441,"column":null}},"197":{"start":{"line":440,"column":12},"end":{"line":440,"column":null}},"198":{"start":{"line":445,"column":8},"end":{"line":449,"column":null}},"199":{"start":{"line":446,"column":10},"end":{"line":446,"column":null}},"200":{"start":{"line":447,"column":15},"end":{"line":449,"column":null}},"201":{"start":{"line":448,"column":10},"end":{"line":448,"column":null}},"202":{"start":{"line":452,"column":8},"end":{"line":454,"column":null}},"203":{"start":{"line":453,"column":10},"end":{"line":453,"column":null}},"204":{"start":{"line":457,"column":8},"end":{"line":459,"column":null}},"205":{"start":{"line":458,"column":10},"end":{"line":458,"column":null}},"206":{"start":{"line":462,"column":8},"end":{"line":471,"column":null}},"207":{"start":{"line":463,"column":10},"end":{"line":470,"column":null}},"208":{"start":{"line":464,"column":12},"end":{"line":464,"column":null}},"209":{"start":{"line":466,"column":29},"end":{"line":466,"column":null}},"210":{"start":{"line":467,"column":12},"end":{"line":469,"column":null}},"211":{"start":{"line":468,"column":14},"end":{"line":468,"column":null}},"212":{"start":{"line":474,"column":8},"end":{"line":478,"column":null}},"213":{"start":{"line":475,"column":10},"end":{"line":475,"column":null}},"214":{"start":{"line":476,"column":15},"end":{"line":478,"column":null}},"215":{"start":{"line":477,"column":10},"end":{"line":477,"column":null}},"216":{"start":{"line":479,"column":8},"end":{"line":479,"column":null}},"217":{"start":{"line":483,"column":8},"end":{"line":487,"column":null}},"218":{"start":{"line":484,"column":10},"end":{"line":486,"column":null}},"219":{"start":{"line":485,"column":12},"end":{"line":485,"column":null}},"220":{"start":{"line":490,"column":8},"end":{"line":494,"column":null}},"221":{"start":{"line":491,"column":10},"end":{"line":493,"column":null}},"222":{"start":{"line":492,"column":12},"end":{"line":492,"column":null}},"223":{"start":{"line":497,"column":8},"end":{"line":499,"column":null}},"224":{"start":{"line":498,"column":10},"end":{"line":498,"column":null}},"225":{"start":{"line":500,"column":8},"end":{"line":500,"column":null}},"226":{"start":{"line":504,"column":4},"end":{"line":530,"column":null}},"227":{"start":{"line":505,"column":6},"end":{"line":508,"column":null}},"228":{"start":{"line":505,"column":29},"end":{"line":508,"column":null}},"229":{"start":{"line":509,"column":11},"end":{"line":530,"column":null}},"230":{"start":{"line":511,"column":6},"end":{"line":521,"column":null}},"231":{"start":{"line":511,"column":29},"end":{"line":521,"column":null}},"232":{"start":{"line":522,"column":11},"end":{"line":530,"column":null}},"233":{"start":{"line":524,"column":6},"end":{"line":529,"column":null}},"234":{"start":{"line":524,"column":29},"end":{"line":529,"column":null}},"235":{"start":{"line":532,"column":4},"end":{"line":535,"column":null}},"236":{"start":{"line":539,"column":22},"end":{"line":554,"column":null}},"237":{"start":{"line":541,"column":24},"end":{"line":541,"column":null}},"238":{"start":{"line":542,"column":24},"end":{"line":542,"column":null}},"239":{"start":{"line":545,"column":22},"end":{"line":548,"column":null}},"240":{"start":{"line":550,"column":4},"end":{"line":553,"column":null}},"241":{"start":{"line":557,"column":19},"end":{"line":572,"column":null}},"242":{"start":{"line":559,"column":32},"end":{"line":559,"column":null}},"243":{"start":{"line":560,"column":4},"end":{"line":567,"column":null}},"244":{"start":{"line":562,"column":28},"end":{"line":562,"column":null}},"245":{"start":{"line":563,"column":30},"end":{"line":563,"column":null}},"246":{"start":{"line":563,"column":57},"end":{"line":563,"column":69}},"247":{"start":{"line":564,"column":6},"end":{"line":564,"column":null}},"248":{"start":{"line":565,"column":6},"end":{"line":565,"column":null}},"249":{"start":{"line":566,"column":6},"end":{"line":566,"column":null}},"250":{"start":{"line":569,"column":4},"end":{"line":571,"column":null}},"251":{"start":{"line":570,"column":6},"end":{"line":570,"column":null}},"252":{"start":{"line":574,"column":19},"end":{"line":578,"column":null}},"253":{"start":{"line":575,"column":4},"end":{"line":577,"column":null}},"254":{"start":{"line":576,"column":6},"end":{"line":576,"column":null}},"255":{"start":{"line":581,"column":31},"end":{"line":581,"column":null}},"256":{"start":{"line":582,"column":31},"end":{"line":584,"column":null}},"257":{"start":{"line":586,"column":38},"end":{"line":588,"column":null}},"258":{"start":{"line":591,"column":23},"end":{"line":604,"column":null}},"259":{"start":{"line":592,"column":4},"end":{"line":603,"column":null}},"260":{"start":{"line":594,"column":8},"end":{"line":594,"column":null}},"261":{"start":{"line":596,"column":8},"end":{"line":596,"column":null}},"262":{"start":{"line":598,"column":8},"end":{"line":598,"column":null}},"263":{"start":{"line":600,"column":8},"end":{"line":600,"column":null}},"264":{"start":{"line":602,"column":8},"end":{"line":602,"column":null}},"265":{"start":{"line":607,"column":21},"end":{"line":1256,"column":null}},"266":{"start":{"line":608,"column":4},"end":{"line":1255,"column":null}},"267":{"start":{"line":619,"column":32},"end":{"line":619,"column":null}},"268":{"start":{"line":621,"column":20},"end":{"line":621,"column":null}},"269":{"start":{"line":623,"column":18},"end":{"line":632,"column":null}},"270":{"start":{"line":634,"column":18},"end":{"line":644,"column":null}},"271":{"start":{"line":650,"column":24},"end":{"line":650,"column":null}},"272":{"start":{"line":651,"column":24},"end":{"line":651,"column":null}},"273":{"start":{"line":652,"column":24},"end":{"line":652,"column":null}},"274":{"start":{"line":698,"column":32},"end":{"line":698,"column":46}},"275":{"start":{"line":699,"column":18},"end":{"line":703,"column":null}},"276":{"start":{"line":700,"column":20},"end":{"line":700,"column":null}},"277":{"start":{"line":702,"column":20},"end":{"line":702,"column":null}},"278":{"start":{"line":724,"column":18},"end":{"line":729,"column":null}},"279":{"start":{"line":725,"column":20},"end":{"line":725,"column":null}},"280":{"start":{"line":726,"column":20},"end":{"line":726,"column":null}},"281":{"start":{"line":728,"column":20},"end":{"line":728,"column":null}},"282":{"start":{"line":758,"column":34},"end":{"line":758,"column":48}},"283":{"start":{"line":759,"column":20},"end":{"line":759,"column":null}},"284":{"start":{"line":786,"column":32},"end":{"line":786,"column":46}},"285":{"start":{"line":787,"column":18},"end":{"line":787,"column":null}},"286":{"start":{"line":790,"column":18},"end":{"line":801,"column":null}},"287":{"start":{"line":791,"column":20},"end":{"line":794,"column":null}},"288":{"start":{"line":791,"column":43},"end":{"line":794,"column":null}},"289":{"start":{"line":797,"column":20},"end":{"line":800,"column":null}},"290":{"start":{"line":797,"column":43},"end":{"line":800,"column":null}},"291":{"start":{"line":824,"column":32},"end":{"line":824,"column":46}},"292":{"start":{"line":825,"column":18},"end":{"line":825,"column":null}},"293":{"start":{"line":828,"column":18},"end":{"line":839,"column":null}},"294":{"start":{"line":829,"column":20},"end":{"line":832,"column":null}},"295":{"start":{"line":829,"column":43},"end":{"line":832,"column":null}},"296":{"start":{"line":835,"column":20},"end":{"line":838,"column":null}},"297":{"start":{"line":835,"column":43},"end":{"line":838,"column":null}},"298":{"start":{"line":862,"column":32},"end":{"line":862,"column":46}},"299":{"start":{"line":863,"column":18},"end":{"line":863,"column":null}},"300":{"start":{"line":866,"column":18},"end":{"line":877,"column":null}},"301":{"start":{"line":867,"column":20},"end":{"line":870,"column":null}},"302":{"start":{"line":867,"column":43},"end":{"line":870,"column":null}},"303":{"start":{"line":873,"column":20},"end":{"line":876,"column":null}},"304":{"start":{"line":873,"column":43},"end":{"line":876,"column":null}},"305":{"start":{"line":896,"column":20},"end":{"line":896,"column":null}},"306":{"start":{"line":897,"column":20},"end":{"line":900,"column":null}},"307":{"start":{"line":898,"column":22},"end":{"line":898,"column":null}},"308":{"start":{"line":899,"column":22},"end":{"line":899,"column":null}},"309":{"start":{"line":899,"column":45},"end":{"line":899,"column":null}},"310":{"start":{"line":921,"column":36},"end":{"line":921,"column":50}},"311":{"start":{"line":922,"column":22},"end":{"line":922,"column":null}},"312":{"start":{"line":925,"column":22},"end":{"line":938,"column":null}},"313":{"start":{"line":926,"column":41},"end":{"line":926,"column":null}},"314":{"start":{"line":927,"column":24},"end":{"line":937,"column":null}},"315":{"start":{"line":928,"column":26},"end":{"line":931,"column":null}},"316":{"start":{"line":928,"column":49},"end":{"line":931,"column":null}},"317":{"start":{"line":933,"column":26},"end":{"line":936,"column":null}},"318":{"start":{"line":933,"column":49},"end":{"line":936,"column":null}},"319":{"start":{"line":967,"column":32},"end":{"line":967,"column":46}},"320":{"start":{"line":968,"column":18},"end":{"line":968,"column":null}},"321":{"start":{"line":971,"column":18},"end":{"line":982,"column":null}},"322":{"start":{"line":972,"column":20},"end":{"line":975,"column":null}},"323":{"start":{"line":972,"column":43},"end":{"line":975,"column":null}},"324":{"start":{"line":978,"column":20},"end":{"line":981,"column":null}},"325":{"start":{"line":978,"column":43},"end":{"line":981,"column":null}},"326":{"start":{"line":1006,"column":42},"end":{"line":1006,"column":null}},"327":{"start":{"line":1032,"column":39},"end":{"line":1032,"column":null}},"328":{"start":{"line":1039,"column":48},"end":{"line":1039,"column":null}},"329":{"start":{"line":1068,"column":24},"end":{"line":1068,"column":41}},"330":{"start":{"line":1075,"column":89},"end":{"line":1075,"column":null}},"331":{"start":{"line":1100,"column":42},"end":{"line":1100,"column":null}},"332":{"start":{"line":1124,"column":37},"end":{"line":1124,"column":null}},"333":{"start":{"line":1151,"column":37},"end":{"line":1151,"column":null}},"334":{"start":{"line":1181,"column":31},"end":{"line":1181,"column":null}},"335":{"start":{"line":1182,"column":34},"end":{"line":1182,"column":null}},"336":{"start":{"line":1183,"column":18},"end":{"line":1183,"column":null}},"337":{"start":{"line":1205,"column":46},"end":{"line":1205,"column":null}},"338":{"start":{"line":1254,"column":8},"end":{"line":1254,"column":null}},"339":{"start":{"line":1259,"column":2},"end":{"line":1269,"column":null}},"340":{"start":{"line":1283,"column":12},"end":{"line":1283,"column":null}},"341":{"start":{"line":1421,"column":31},"end":{"line":1421,"column":null}},"342":{"start":{"line":1435,"column":95},"end":{"line":1435,"column":null}},"343":{"start":{"line":1440,"column":10},"end":{"line":1440,"column":null}},"344":{"start":{"line":1441,"column":10},"end":{"line":1441,"column":null}},"345":{"start":{"line":1460,"column":18},"end":{"line":1460,"column":null}},"346":{"start":{"line":1461,"column":18},"end":{"line":1461,"column":null}}},"fnMap":{"0":{"name":"(anonymous_5)","decl":{"start":{"line":36,"column":5},"end":{"line":36,"column":null}},"loc":{"start":{"line":36,"column":5},"end":{"line":36,"column":null}}},"1":{"name":"(anonymous_6)","decl":{"start":{"line":41,"column":5},"end":{"line":41,"column":null}},"loc":{"start":{"line":41,"column":5},"end":{"line":41,"column":null}}},"2":{"name":"(anonymous_7)","decl":{"start":{"line":46,"column":5},"end":{"line":46,"column":null}},"loc":{"start":{"line":46,"column":5},"end":{"line":46,"column":null}}},"3":{"name":"CreateCookieJarForm","decl":{"start":{"line":52,"column":24},"end":{"line":52,"column":null}},"loc":{"start":{"line":52,"column":24},"end":{"line":1474,"column":null}}},"4":{"name":"(anonymous_9)","decl":{"start":{"line":140,"column":12},"end":{"line":140,"column":null}},"loc":{"start":{"line":140,"column":12},"end":{"line":144,"column":5}}},"5":{"name":"(anonymous_10)","decl":{"start":{"line":147,"column":12},"end":{"line":147,"column":null}},"loc":{"start":{"line":147,"column":12},"end":{"line":149,"column":5}}},"6":{"name":"(anonymous_11)","decl":{"start":{"line":155,"column":21},"end":{"line":155,"column":22}},"loc":{"start":{"line":155,"column":22},"end":{"line":162,"column":null}}},"7":{"name":"(anonymous_12)","decl":{"start":{"line":165,"column":22},"end":{"line":165,"column":23}},"loc":{"start":{"line":165,"column":23},"end":{"line":184,"column":null}}},"8":{"name":"(anonymous_13)","decl":{"start":{"line":187,"column":17},"end":{"line":187,"column":null}},"loc":{"start":{"line":187,"column":17},"end":{"line":193,"column":null}}},"9":{"name":"(anonymous_14)","decl":{"start":{"line":196,"column":20},"end":{"line":196,"column":21}},"loc":{"start":{"line":196,"column":21},"end":{"line":199,"column":null}}},"10":{"name":"(anonymous_15)","decl":{"start":{"line":197,"column":40},"end":{"line":197,"column":41}},"loc":{"start":{"line":197,"column":50},"end":{"line":197,"column":null}}},"11":{"name":"(anonymous_16)","decl":{"start":{"line":198,"column":32},"end":{"line":198,"column":33}},"loc":{"start":{"line":198,"column":42},"end":{"line":198,"column":null}}},"12":{"name":"(anonymous_17)","decl":{"start":{"line":203,"column":23},"end":{"line":203,"column":24}},"loc":{"start":{"line":203,"column":24},"end":{"line":206,"column":null}}},"13":{"name":"(anonymous_18)","decl":{"start":{"line":209,"column":24},"end":{"line":209,"column":null}},"loc":{"start":{"line":209,"column":24},"end":{"line":312,"column":null}}},"14":{"name":"(anonymous_19)","decl":{"start":{"line":216,"column":48},"end":{"line":216,"column":57}},"loc":{"start":{"line":216,"column":57},"end":{"line":216,"column":69}}},"15":{"name":"(anonymous_20)","decl":{"start":{"line":226,"column":20},"end":{"line":226,"column":null}},"loc":{"start":{"line":226,"column":20},"end":{"line":311,"column":null}}},"16":{"name":"(anonymous_21)","decl":{"start":{"line":315,"column":20},"end":{"line":315,"column":null}},"loc":{"start":{"line":315,"column":20},"end":{"line":335,"column":null}}},"17":{"name":"(anonymous_22)","decl":{"start":{"line":338,"column":12},"end":{"line":338,"column":null}},"loc":{"start":{"line":338,"column":12},"end":{"line":395,"column":5}}},"18":{"name":"(anonymous_23)","decl":{"start":{"line":364,"column":21},"end":{"line":364,"column":null}},"loc":{"start":{"line":364,"column":21},"end":{"line":367,"column":13}}},"19":{"name":"(anonymous_24)","decl":{"start":{"line":378,"column":19},"end":{"line":378,"column":null}},"loc":{"start":{"line":378,"column":19},"end":{"line":380,"column":11}}},"20":{"name":"(anonymous_25)","decl":{"start":{"line":386,"column":19},"end":{"line":386,"column":null}},"loc":{"start":{"line":386,"column":19},"end":{"line":388,"column":11}}},"21":{"name":"(anonymous_26)","decl":{"start":{"line":399,"column":12},"end":{"line":399,"column":null}},"loc":{"start":{"line":399,"column":12},"end":{"line":414,"column":5}}},"22":{"name":"(anonymous_27)","decl":{"start":{"line":417,"column":23},"end":{"line":417,"column":24}},"loc":{"start":{"line":417,"column":24},"end":{"line":536,"column":null}}},"23":{"name":"(anonymous_28)","decl":{"start":{"line":505,"column":20},"end":{"line":505,"column":29}},"loc":{"start":{"line":505,"column":29},"end":{"line":508,"column":null}}},"24":{"name":"(anonymous_29)","decl":{"start":{"line":511,"column":20},"end":{"line":511,"column":29}},"loc":{"start":{"line":511,"column":29},"end":{"line":521,"column":null}}},"25":{"name":"(anonymous_30)","decl":{"start":{"line":524,"column":20},"end":{"line":524,"column":29}},"loc":{"start":{"line":524,"column":29},"end":{"line":529,"column":null}}},"26":{"name":"(anonymous_31)","decl":{"start":{"line":539,"column":22},"end":{"line":539,"column":null}},"loc":{"start":{"line":539,"column":22},"end":{"line":554,"column":null}}},"27":{"name":"(anonymous_32)","decl":{"start":{"line":557,"column":19},"end":{"line":557,"column":null}},"loc":{"start":{"line":557,"column":19},"end":{"line":572,"column":null}}},"28":{"name":"(anonymous_33)","decl":{"start":{"line":563,"column":48},"end":{"line":563,"column":57}},"loc":{"start":{"line":563,"column":57},"end":{"line":563,"column":69}}},"29":{"name":"(anonymous_34)","decl":{"start":{"line":574,"column":19},"end":{"line":574,"column":null}},"loc":{"start":{"line":574,"column":19},"end":{"line":578,"column":null}}},"30":{"name":"(anonymous_35)","decl":{"start":{"line":591,"column":23},"end":{"line":591,"column":null}},"loc":{"start":{"line":591,"column":23},"end":{"line":604,"column":null}}},"31":{"name":"(anonymous_36)","decl":{"start":{"line":607,"column":21},"end":{"line":607,"column":null}},"loc":{"start":{"line":607,"column":21},"end":{"line":1256,"column":null}}},"32":{"name":"(anonymous_37)","decl":{"start":{"line":618,"column":17},"end":{"line":618,"column":18}},"loc":{"start":{"line":618,"column":119},"end":{"line":674,"column":null}}},"33":{"name":"(anonymous_38)","decl":{"start":{"line":648,"column":31},"end":{"line":648,"column":32}},"loc":{"start":{"line":648,"column":32},"end":{"line":653,"column":null}}},"34":{"name":"(anonymous_39)","decl":{"start":{"line":697,"column":26},"end":{"line":697,"column":27}},"loc":{"start":{"line":697,"column":27},"end":{"line":704,"column":null}}},"35":{"name":"(anonymous_40)","decl":{"start":{"line":723,"column":31},"end":{"line":723,"column":32}},"loc":{"start":{"line":723,"column":32},"end":{"line":730,"column":null}}},"36":{"name":"(anonymous_41)","decl":{"start":{"line":757,"column":28},"end":{"line":757,"column":29}},"loc":{"start":{"line":757,"column":29},"end":{"line":760,"column":null}}},"37":{"name":"(anonymous_42)","decl":{"start":{"line":785,"column":26},"end":{"line":785,"column":27}},"loc":{"start":{"line":785,"column":27},"end":{"line":802,"column":null}}},"38":{"name":"(anonymous_43)","decl":{"start":{"line":791,"column":34},"end":{"line":791,"column":43}},"loc":{"start":{"line":791,"column":43},"end":{"line":794,"column":null}}},"39":{"name":"(anonymous_44)","decl":{"start":{"line":797,"column":34},"end":{"line":797,"column":43}},"loc":{"start":{"line":797,"column":43},"end":{"line":800,"column":null}}},"40":{"name":"(anonymous_45)","decl":{"start":{"line":823,"column":26},"end":{"line":823,"column":27}},"loc":{"start":{"line":823,"column":27},"end":{"line":840,"column":null}}},"41":{"name":"(anonymous_46)","decl":{"start":{"line":829,"column":34},"end":{"line":829,"column":43}},"loc":{"start":{"line":829,"column":43},"end":{"line":832,"column":null}}},"42":{"name":"(anonymous_47)","decl":{"start":{"line":835,"column":34},"end":{"line":835,"column":43}},"loc":{"start":{"line":835,"column":43},"end":{"line":838,"column":null}}},"43":{"name":"(anonymous_48)","decl":{"start":{"line":861,"column":26},"end":{"line":861,"column":27}},"loc":{"start":{"line":861,"column":27},"end":{"line":878,"column":null}}},"44":{"name":"(anonymous_49)","decl":{"start":{"line":867,"column":34},"end":{"line":867,"column":43}},"loc":{"start":{"line":867,"column":43},"end":{"line":870,"column":null}}},"45":{"name":"(anonymous_50)","decl":{"start":{"line":873,"column":34},"end":{"line":873,"column":43}},"loc":{"start":{"line":873,"column":43},"end":{"line":876,"column":null}}},"46":{"name":"(anonymous_51)","decl":{"start":{"line":895,"column":35},"end":{"line":895,"column":36}},"loc":{"start":{"line":895,"column":36},"end":{"line":901,"column":null}}},"47":{"name":"(anonymous_52)","decl":{"start":{"line":899,"column":36},"end":{"line":899,"column":45}},"loc":{"start":{"line":899,"column":45},"end":{"line":899,"column":null}}},"48":{"name":"(anonymous_53)","decl":{"start":{"line":920,"column":30},"end":{"line":920,"column":31}},"loc":{"start":{"line":920,"column":31},"end":{"line":939,"column":null}}},"49":{"name":"(anonymous_54)","decl":{"start":{"line":928,"column":40},"end":{"line":928,"column":49}},"loc":{"start":{"line":928,"column":49},"end":{"line":931,"column":null}}},"50":{"name":"(anonymous_55)","decl":{"start":{"line":933,"column":40},"end":{"line":933,"column":49}},"loc":{"start":{"line":933,"column":49},"end":{"line":936,"column":null}}},"51":{"name":"(anonymous_56)","decl":{"start":{"line":966,"column":26},"end":{"line":966,"column":27}},"loc":{"start":{"line":966,"column":27},"end":{"line":983,"column":null}}},"52":{"name":"(anonymous_57)","decl":{"start":{"line":972,"column":34},"end":{"line":972,"column":43}},"loc":{"start":{"line":972,"column":43},"end":{"line":975,"column":null}}},"53":{"name":"(anonymous_58)","decl":{"start":{"line":978,"column":34},"end":{"line":978,"column":43}},"loc":{"start":{"line":978,"column":43},"end":{"line":981,"column":null}}},"54":{"name":"(anonymous_59)","decl":{"start":{"line":1006,"column":31},"end":{"line":1006,"column":32}},"loc":{"start":{"line":1006,"column":42},"end":{"line":1006,"column":null}}},"55":{"name":"(anonymous_60)","decl":{"start":{"line":1032,"column":32},"end":{"line":1032,"column":33}},"loc":{"start":{"line":1032,"column":39},"end":{"line":1032,"column":null}}},"56":{"name":"(anonymous_61)","decl":{"start":{"line":1039,"column":37},"end":{"line":1039,"column":38}},"loc":{"start":{"line":1039,"column":48},"end":{"line":1039,"column":null}}},"57":{"name":"(anonymous_62)","decl":{"start":{"line":1067,"column":40},"end":{"line":1067,"column":41}},"loc":{"start":{"line":1068,"column":24},"end":{"line":1068,"column":41}}},"58":{"name":"(anonymous_63)","decl":{"start":{"line":1075,"column":83},"end":{"line":1075,"column":89}},"loc":{"start":{"line":1075,"column":89},"end":{"line":1075,"column":null}}},"59":{"name":"(anonymous_64)","decl":{"start":{"line":1100,"column":31},"end":{"line":1100,"column":32}},"loc":{"start":{"line":1100,"column":42},"end":{"line":1100,"column":null}}},"60":{"name":"(anonymous_65)","decl":{"start":{"line":1124,"column":30},"end":{"line":1124,"column":31}},"loc":{"start":{"line":1124,"column":37},"end":{"line":1124,"column":null}}},"61":{"name":"(anonymous_66)","decl":{"start":{"line":1151,"column":30},"end":{"line":1151,"column":31}},"loc":{"start":{"line":1151,"column":37},"end":{"line":1151,"column":null}}},"62":{"name":"(anonymous_67)","decl":{"start":{"line":1180,"column":26},"end":{"line":1180,"column":27}},"loc":{"start":{"line":1180,"column":27},"end":{"line":1184,"column":null}}},"63":{"name":"(anonymous_68)","decl":{"start":{"line":1205,"column":33},"end":{"line":1205,"column":34}},"loc":{"start":{"line":1205,"column":46},"end":{"line":1205,"column":null}}},"64":{"name":"(anonymous_69)","decl":{"start":{"line":1282,"column":28},"end":{"line":1282,"column":29}},"loc":{"start":{"line":1283,"column":12},"end":{"line":1283,"column":null}}},"65":{"name":"(anonymous_70)","decl":{"start":{"line":1421,"column":25},"end":{"line":1421,"column":31}},"loc":{"start":{"line":1421,"column":31},"end":{"line":1421,"column":null}}},"66":{"name":"(anonymous_71)","decl":{"start":{"line":1435,"column":89},"end":{"line":1435,"column":95}},"loc":{"start":{"line":1435,"column":95},"end":{"line":1435,"column":null}}},"67":{"name":"(anonymous_72)","decl":{"start":{"line":1439,"column":52},"end":{"line":1439,"column":null}},"loc":{"start":{"line":1439,"column":52},"end":{"line":1442,"column":null}}},"68":{"name":"(anonymous_73)","decl":{"start":{"line":1459,"column":25},"end":{"line":1459,"column":null}},"loc":{"start":{"line":1459,"column":25},"end":{"line":1462,"column":null}}}},"branchMap":{"0":{"loc":{"start":{"line":36,"column":5},"end":{"line":36,"column":null}},"type":"binary-expr","locations":[{"start":{"line":36,"column":5},"end":{"line":36,"column":null}},{"start":{"line":36,"column":5},"end":{"line":36,"column":null}}]},"1":{"loc":{"start":{"line":41,"column":5},"end":{"line":41,"column":null}},"type":"binary-expr","locations":[{"start":{"line":41,"column":5},"end":{"line":41,"column":null}},{"start":{"line":41,"column":5},"end":{"line":41,"column":null}}]},"2":{"loc":{"start":{"line":46,"column":5},"end":{"line":46,"column":null}},"type":"binary-expr","locations":[{"start":{"line":46,"column":5},"end":{"line":46,"column":null}},{"start":{"line":46,"column":5},"end":{"line":46,"column":null}}]},"3":{"loc":{"start":{"line":118,"column":25},"end":{"line":119,"column":null}},"type":"cond-expr","locations":[{"start":{"line":119,"column":6},"end":{"line":119,"column":49}},{"start":{"line":119,"column":52},"end":{"line":119,"column":null}}]},"4":{"loc":{"start":{"line":141,"column":4},"end":{"line":143,"column":null}},"type":"if","locations":[{"start":{"line":141,"column":4},"end":{"line":143,"column":null}},{"start":{},"end":{}}]},"5":{"loc":{"start":{"line":148,"column":20},"end":{"line":148,"column":null}},"type":"cond-expr","locations":[{"start":{"line":148,"column":56},"end":{"line":148,"column":64}},{"start":{"line":148,"column":64},"end":{"line":148,"column":null}}]},"6":{"loc":{"start":{"line":166,"column":4},"end":{"line":166,"column":null}},"type":"if","locations":[{"start":{"line":166,"column":4},"end":{"line":166,"column":null}},{"start":{},"end":{}}]},"7":{"loc":{"start":{"line":166,"column":8},"end":{"line":166,"column":41}},"type":"binary-expr","locations":[{"start":{"line":166,"column":8},"end":{"line":166,"column":22}},{"start":{"line":166,"column":22},"end":{"line":166,"column":41}}]},"8":{"loc":{"start":{"line":169,"column":6},"end":{"line":179,"column":null}},"type":"if","locations":[{"start":{"line":169,"column":6},"end":{"line":179,"column":null}},{"start":{"line":172,"column":13},"end":{"line":179,"column":null}}]},"9":{"loc":{"start":{"line":174,"column":8},"end":{"line":176,"column":null}},"type":"if","locations":[{"start":{"line":174,"column":8},"end":{"line":176,"column":null}},{"start":{},"end":{}}]},"10":{"loc":{"start":{"line":174,"column":12},"end":{"line":174,"column":55}},"type":"binary-expr","locations":[{"start":{"line":174,"column":12},"end":{"line":174,"column":26}},{"start":{"line":174,"column":26},"end":{"line":174,"column":55}}]},"11":{"loc":{"start":{"line":175,"column":52},"end":{"line":175,"column":93}},"type":"binary-expr","locations":[{"start":{"line":175,"column":52},"end":{"line":175,"column":73}},{"start":{"line":175,"column":73},"end":{"line":175,"column":93}}]},"12":{"loc":{"start":{"line":188,"column":4},"end":{"line":192,"column":null}},"type":"if","locations":[{"start":{"line":188,"column":4},"end":{"line":192,"column":null}},{"start":{},"end":{}}]},"13":{"loc":{"start":{"line":212,"column":4},"end":{"line":220,"column":null}},"type":"if","locations":[{"start":{"line":212,"column":4},"end":{"line":220,"column":null}},{"start":{},"end":{}}]},"14":{"loc":{"start":{"line":228,"column":36},"end":{"line":228,"column":90}},"type":"cond-expr","locations":[{"start":{"line":228,"column":73},"end":{"line":228,"column":88}},{"start":{"line":228,"column":88},"end":{"line":228,"column":90}}]},"15":{"loc":{"start":{"line":229,"column":32},"end":{"line":229,"column":82}},"type":"cond-expr","locations":[{"start":{"line":229,"column":69},"end":{"line":229,"column":80}},{"start":{"line":229,"column":80},"end":{"line":229,"column":82}}]},"16":{"loc":{"start":{"line":242,"column":6},"end":{"line":247,"column":null}},"type":"if","locations":[{"start":{"line":242,"column":6},"end":{"line":247,"column":null}},{"start":{},"end":{}}]},"17":{"loc":{"start":{"line":251,"column":8},"end":{"line":253,"column":null}},"type":"if","locations":[{"start":{"line":251,"column":8},"end":{"line":253,"column":null}},{"start":{},"end":{}}]},"18":{"loc":{"start":{"line":256,"column":29},"end":{"line":256,"column":null}},"type":"binary-expr","locations":[{"start":{"line":256,"column":29},"end":{"line":256,"column":48}},{"start":{"line":256,"column":48},"end":{"line":256,"column":null}}]},"19":{"loc":{"start":{"line":257,"column":23},"end":{"line":257,"column":null}},"type":"cond-expr","locations":[{"start":{"line":257,"column":38},"end":{"line":257,"column":80}},{"start":{"line":257,"column":80},"end":{"line":257,"column":null}}]},"20":{"loc":{"start":{"line":259,"column":8},"end":{"line":304,"column":null}},"type":"if","locations":[{"start":{"line":259,"column":8},"end":{"line":304,"column":null}},{"start":{"line":282,"column":15},"end":{"line":304,"column":null}}]},"21":{"loc":{"start":{"line":273,"column":21},"end":{"line":273,"column":null}},"type":"binary-expr","locations":[{"start":{"line":273,"column":21},"end":{"line":273,"column":43}},{"start":{"line":273,"column":43},"end":{"line":273,"column":null}}]},"22":{"loc":{"start":{"line":296,"column":21},"end":{"line":296,"column":null}},"type":"binary-expr","locations":[{"start":{"line":296,"column":21},"end":{"line":296,"column":43}},{"start":{"line":296,"column":43},"end":{"line":296,"column":null}}]},"23":{"loc":{"start":{"line":316,"column":23},"end":{"line":316,"column":null}},"type":"binary-expr","locations":[{"start":{"line":316,"column":23},"end":{"line":316,"column":34}},{"start":{"line":316,"column":34},"end":{"line":316,"column":null}}]},"24":{"loc":{"start":{"line":339,"column":4},"end":{"line":394,"column":null}},"type":"if","locations":[{"start":{"line":339,"column":4},"end":{"line":394,"column":null}},{"start":{},"end":{}}]},"25":{"loc":{"start":{"line":339,"column":8},"end":{"line":339,"column":32}},"type":"binary-expr","locations":[{"start":{"line":339,"column":8},"end":{"line":339,"column":23}},{"start":{"line":339,"column":23},"end":{"line":339,"column":32}}]},"26":{"loc":{"start":{"line":357,"column":8},"end":{"line":372,"column":null}},"type":"if","locations":[{"start":{"line":357,"column":8},"end":{"line":372,"column":null}},{"start":{},"end":{}}]},"27":{"loc":{"start":{"line":357,"column":12},"end":{"line":357,"column":53}},"type":"binary-expr","locations":[{"start":{"line":357,"column":12},"end":{"line":357,"column":24}},{"start":{"line":357,"column":28},"end":{"line":357,"column":53}}]},"28":{"loc":{"start":{"line":400,"column":4},"end":{"line":413,"column":null}},"type":"if","locations":[{"start":{"line":400,"column":4},"end":{"line":413,"column":null}},{"start":{},"end":{}}]},"29":{"loc":{"start":{"line":420,"column":4},"end":{"line":501,"column":null}},"type":"switch","locations":[{"start":{"line":421,"column":6},"end":{"line":479,"column":null}},{"start":{"line":481,"column":6},"end":{"line":500,"column":null}}]},"30":{"loc":{"start":{"line":423,"column":8},"end":{"line":425,"column":null}},"type":"if","locations":[{"start":{"line":423,"column":8},"end":{"line":425,"column":null}},{"start":{},"end":{}}]},"31":{"loc":{"start":{"line":428,"column":8},"end":{"line":432,"column":null}},"type":"if","locations":[{"start":{"line":428,"column":8},"end":{"line":432,"column":null}},{"start":{},"end":{}}]},"32":{"loc":{"start":{"line":429,"column":10},"end":{"line":431,"column":null}},"type":"if","locations":[{"start":{"line":429,"column":10},"end":{"line":431,"column":null}},{"start":{},"end":{}}]},"33":{"loc":{"start":{"line":429,"column":14},"end":{"line":429,"column":63}},"type":"binary-expr","locations":[{"start":{"line":429,"column":14},"end":{"line":429,"column":34}},{"start":{"line":429,"column":34},"end":{"line":429,"column":63}}]},"34":{"loc":{"start":{"line":435,"column":8},"end":{"line":442,"column":null}},"type":"if","locations":[{"start":{"line":435,"column":8},"end":{"line":442,"column":null}},{"start":{},"end":{}}]},"35":{"loc":{"start":{"line":436,"column":10},"end":{"line":441,"column":null}},"type":"if","locations":[{"start":{"line":436,"column":10},"end":{"line":441,"column":null}},{"start":{"line":438,"column":17},"end":{"line":441,"column":null}}]},"36":{"loc":{"start":{"line":436,"column":14},"end":{"line":436,"column":67}},"type":"binary-expr","locations":[{"start":{"line":436,"column":14},"end":{"line":436,"column":36}},{"start":{"line":436,"column":36},"end":{"line":436,"column":67}}]},"37":{"loc":{"start":{"line":438,"column":17},"end":{"line":441,"column":null}},"type":"if","locations":[{"start":{"line":438,"column":17},"end":{"line":441,"column":null}},{"start":{},"end":{}}]},"38":{"loc":{"start":{"line":445,"column":8},"end":{"line":449,"column":null}},"type":"if","locations":[{"start":{"line":445,"column":8},"end":{"line":449,"column":null}},{"start":{"line":447,"column":15},"end":{"line":449,"column":null}}]},"39":{"loc":{"start":{"line":447,"column":15},"end":{"line":449,"column":null}},"type":"if","locations":[{"start":{"line":447,"column":15},"end":{"line":449,"column":null}},{"start":{},"end":{}}]},"40":{"loc":{"start":{"line":452,"column":8},"end":{"line":454,"column":null}},"type":"if","locations":[{"start":{"line":452,"column":8},"end":{"line":454,"column":null}},{"start":{},"end":{}}]},"41":{"loc":{"start":{"line":452,"column":12},"end":{"line":452,"column":47}},"type":"binary-expr","locations":[{"start":{"line":452,"column":12},"end":{"line":452,"column":24}},{"start":{"line":452,"column":24},"end":{"line":452,"column":47}}]},"42":{"loc":{"start":{"line":457,"column":8},"end":{"line":459,"column":null}},"type":"if","locations":[{"start":{"line":457,"column":8},"end":{"line":459,"column":null}},{"start":{},"end":{}}]},"43":{"loc":{"start":{"line":457,"column":12},"end":{"line":457,"column":55}},"type":"binary-expr","locations":[{"start":{"line":457,"column":12},"end":{"line":457,"column":28}},{"start":{"line":457,"column":28},"end":{"line":457,"column":55}}]},"44":{"loc":{"start":{"line":462,"column":8},"end":{"line":471,"column":null}},"type":"if","locations":[{"start":{"line":462,"column":8},"end":{"line":471,"column":null}},{"start":{},"end":{}}]},"45":{"loc":{"start":{"line":463,"column":10},"end":{"line":470,"column":null}},"type":"if","locations":[{"start":{"line":463,"column":10},"end":{"line":470,"column":null}},{"start":{"line":465,"column":17},"end":{"line":470,"column":null}}]},"46":{"loc":{"start":{"line":463,"column":14},"end":{"line":463,"column":46}},"type":"binary-expr","locations":[{"start":{"line":463,"column":14},"end":{"line":463,"column":28}},{"start":{"line":463,"column":28},"end":{"line":463,"column":46}}]},"47":{"loc":{"start":{"line":467,"column":12},"end":{"line":469,"column":null}},"type":"if","locations":[{"start":{"line":467,"column":12},"end":{"line":469,"column":null}},{"start":{},"end":{}}]},"48":{"loc":{"start":{"line":467,"column":16},"end":{"line":467,"column":67}},"type":"binary-expr","locations":[{"start":{"line":467,"column":16},"end":{"line":467,"column":35}},{"start":{"line":467,"column":35},"end":{"line":467,"column":51}},{"start":{"line":467,"column":51},"end":{"line":467,"column":67}}]},"49":{"loc":{"start":{"line":474,"column":8},"end":{"line":478,"column":null}},"type":"if","locations":[{"start":{"line":474,"column":8},"end":{"line":478,"column":null}},{"start":{"line":476,"column":15},"end":{"line":478,"column":null}}]},"50":{"loc":{"start":{"line":476,"column":15},"end":{"line":478,"column":null}},"type":"if","locations":[{"start":{"line":476,"column":15},"end":{"line":478,"column":null}},{"start":{},"end":{}}]},"51":{"loc":{"start":{"line":483,"column":8},"end":{"line":487,"column":null}},"type":"if","locations":[{"start":{"line":483,"column":8},"end":{"line":487,"column":null}},{"start":{},"end":{}}]},"52":{"loc":{"start":{"line":484,"column":10},"end":{"line":486,"column":null}},"type":"if","locations":[{"start":{"line":484,"column":10},"end":{"line":486,"column":null}},{"start":{},"end":{}}]},"53":{"loc":{"start":{"line":484,"column":14},"end":{"line":484,"column":60}},"type":"binary-expr","locations":[{"start":{"line":484,"column":14},"end":{"line":484,"column":30}},{"start":{"line":484,"column":30},"end":{"line":484,"column":60}}]},"54":{"loc":{"start":{"line":490,"column":8},"end":{"line":494,"column":null}},"type":"if","locations":[{"start":{"line":490,"column":8},"end":{"line":494,"column":null}},{"start":{},"end":{}}]},"55":{"loc":{"start":{"line":491,"column":10},"end":{"line":493,"column":null}},"type":"if","locations":[{"start":{"line":491,"column":10},"end":{"line":493,"column":null}},{"start":{},"end":{}}]},"56":{"loc":{"start":{"line":491,"column":14},"end":{"line":491,"column":64}},"type":"binary-expr","locations":[{"start":{"line":491,"column":14},"end":{"line":491,"column":32}},{"start":{"line":491,"column":32},"end":{"line":491,"column":64}}]},"57":{"loc":{"start":{"line":497,"column":8},"end":{"line":499,"column":null}},"type":"if","locations":[{"start":{"line":497,"column":8},"end":{"line":499,"column":null}},{"start":{},"end":{}}]},"58":{"loc":{"start":{"line":497,"column":12},"end":{"line":497,"column":68}},"type":"binary-expr","locations":[{"start":{"line":497,"column":12},"end":{"line":497,"column":35}},{"start":{"line":497,"column":35},"end":{"line":497,"column":68}}]},"59":{"loc":{"start":{"line":504,"column":4},"end":{"line":530,"column":null}},"type":"if","locations":[{"start":{"line":504,"column":4},"end":{"line":530,"column":null}},{"start":{"line":509,"column":11},"end":{"line":530,"column":null}}]},"60":{"loc":{"start":{"line":509,"column":11},"end":{"line":530,"column":null}},"type":"if","locations":[{"start":{"line":509,"column":11},"end":{"line":530,"column":null}},{"start":{"line":522,"column":11},"end":{"line":530,"column":null}}]},"61":{"loc":{"start":{"line":522,"column":11},"end":{"line":530,"column":null}},"type":"if","locations":[{"start":{"line":522,"column":11},"end":{"line":530,"column":null}},{"start":{},"end":{}}]},"62":{"loc":{"start":{"line":551,"column":15},"end":{"line":551,"column":57}},"type":"binary-expr","locations":[{"start":{"line":551,"column":15},"end":{"line":551,"column":34}},{"start":{"line":551,"column":38},"end":{"line":551,"column":57}}]},"63":{"loc":{"start":{"line":560,"column":4},"end":{"line":567,"column":null}},"type":"if","locations":[{"start":{"line":560,"column":4},"end":{"line":567,"column":null}},{"start":{},"end":{}}]},"64":{"loc":{"start":{"line":569,"column":4},"end":{"line":571,"column":null}},"type":"if","locations":[{"start":{"line":569,"column":4},"end":{"line":571,"column":null}},{"start":{},"end":{}}]},"65":{"loc":{"start":{"line":575,"column":4},"end":{"line":577,"column":null}},"type":"if","locations":[{"start":{"line":575,"column":4},"end":{"line":577,"column":null}},{"start":{},"end":{}}]},"66":{"loc":{"start":{"line":581,"column":31},"end":{"line":581,"column":null}},"type":"cond-expr","locations":[{"start":{"line":581,"column":47},"end":{"line":581,"column":67}},{"start":{"line":581,"column":70},"end":{"line":581,"column":null}}]},"67":{"loc":{"start":{"line":582,"column":31},"end":{"line":584,"column":null}},"type":"cond-expr","locations":[{"start":{"line":583,"column":6},"end":{"line":583,"column":86}},{"start":{"line":584,"column":6},"end":{"line":584,"column":null}}]},"68":{"loc":{"start":{"line":586,"column":38},"end":{"line":588,"column":null}},"type":"cond-expr","locations":[{"start":{"line":587,"column":6},"end":{"line":587,"column":88}},{"start":{"line":588,"column":6},"end":{"line":588,"column":null}}]},"69":{"loc":{"start":{"line":592,"column":4},"end":{"line":603,"column":null}},"type":"switch","locations":[{"start":{"line":593,"column":6},"end":{"line":594,"column":null}},{"start":{"line":595,"column":6},"end":{"line":596,"column":null}},{"start":{"line":597,"column":6},"end":{"line":598,"column":null}},{"start":{"line":599,"column":6},"end":{"line":600,"column":null}},{"start":{"line":601,"column":6},"end":{"line":602,"column":null}}]},"70":{"loc":{"start":{"line":608,"column":4},"end":{"line":1255,"column":null}},"type":"switch","locations":[{"start":{"line":1253,"column":6},"end":{"line":1254,"column":null}}]},"71":{"loc":{"start":{"line":619,"column":32},"end":{"line":619,"column":null}},"type":"binary-expr","locations":[{"start":{"line":619,"column":32},"end":{"line":619,"column":43}},{"start":{"line":619,"column":43},"end":{"line":619,"column":null}}]},"72":{"loc":{"start":{"line":621,"column":20},"end":{"line":621,"column":null}},"type":"binary-expr","locations":[{"start":{"line":621,"column":20},"end":{"line":621,"column":29}},{"start":{"line":621,"column":29},"end":{"line":621,"column":40}},{"start":{"line":621,"column":40},"end":{"line":621,"column":50}},{"start":{"line":621,"column":50},"end":{"line":621,"column":75}},{"start":{"line":621,"column":75},"end":{"line":621,"column":114}}]},"73":{"loc":{"start":{"line":623,"column":18},"end":{"line":632,"column":null}},"type":"if","locations":[{"start":{"line":623,"column":18},"end":{"line":632,"column":null}},{"start":{},"end":{}}]},"74":{"loc":{"start":{"line":634,"column":18},"end":{"line":644,"column":null}},"type":"if","locations":[{"start":{"line":634,"column":18},"end":{"line":644,"column":null}},{"start":{},"end":{}}]},"75":{"loc":{"start":{"line":658,"column":25},"end":{"line":658,"column":38}},"type":"binary-expr","locations":[{"start":{"line":658,"column":25},"end":{"line":658,"column":38}}]},"76":{"loc":{"start":{"line":660,"column":29},"end":{"line":660,"column":42}},"type":"binary-expr","locations":[{"start":{"line":660,"column":29},"end":{"line":660,"column":42}}]},"77":{"loc":{"start":{"line":662,"column":37},"end":{"line":662,"column":null}},"type":"binary-expr","locations":[{"start":{"line":662,"column":37},"end":{"line":662,"column":47}},{"start":{"line":662,"column":51},"end":{"line":662,"column":null}}]},"78":{"loc":{"start":{"line":663,"column":37},"end":{"line":663,"column":null}},"type":"binary-expr","locations":[{"start":{"line":663,"column":37},"end":{"line":663,"column":50}},{"start":{"line":663,"column":54},"end":{"line":663,"column":null}}]},"79":{"loc":{"start":{"line":677,"column":16},"end":{"line":681,"column":17}},"type":"cond-expr","locations":[{"start":{"line":677,"column":16},"end":{"line":681,"column":17}}]},"80":{"loc":{"start":{"line":695,"column":39},"end":{"line":695,"column":105}},"type":"cond-expr","locations":[{"start":{"line":695,"column":68},"end":{"line":695,"column":87}},{"start":{"line":695,"column":87},"end":{"line":695,"column":105}}]},"81":{"loc":{"start":{"line":699,"column":18},"end":{"line":703,"column":null}},"type":"if","locations":[{"start":{"line":699,"column":18},"end":{"line":703,"column":null}},{"start":{"line":701,"column":25},"end":{"line":703,"column":null}}]},"82":{"loc":{"start":{"line":707,"column":16},"end":{"line":711,"column":17}},"type":"cond-expr","locations":[{"start":{"line":707,"column":16},"end":{"line":711,"column":17}}]},"83":{"loc":{"start":{"line":724,"column":18},"end":{"line":729,"column":null}},"type":"if","locations":[{"start":{"line":724,"column":18},"end":{"line":729,"column":null}},{"start":{"line":727,"column":25},"end":{"line":729,"column":null}}]},"84":{"loc":{"start":{"line":741,"column":17},"end":{"line":743,"column":null}},"type":"cond-expr","locations":[{"start":{"line":742,"column":20},"end":{"line":742,"column":76}},{"start":{"line":743,"column":20},"end":{"line":743,"column":null}}]},"85":{"loc":{"start":{"line":747,"column":13},"end":{"line":747,"column":null}},"type":"binary-expr","locations":[{"start":{"line":747,"column":13},"end":{"line":747,"column":null}}]},"86":{"loc":{"start":{"line":755,"column":83},"end":{"line":755,"column":168}},"type":"cond-expr","locations":[{"start":{"line":755,"column":130},"end":{"line":755,"column":149}},{"start":{"line":755,"column":149},"end":{"line":755,"column":168}}]},"87":{"loc":{"start":{"line":755,"column":83},"end":{"line":755,"column":126}},"type":"binary-expr","locations":[{"start":{"line":755,"column":83},"end":{"line":755,"column":98}},{"start":{"line":755,"column":98},"end":{"line":755,"column":126}}]},"88":{"loc":{"start":{"line":762,"column":17},"end":{"line":762,"column":28}},"type":"binary-expr","locations":[{"start":{"line":762,"column":17},"end":{"line":762,"column":28}},{"start":{"line":762,"column":28},"end":{"line":762,"column":43}},{"start":{"line":762,"column":43},"end":{"line":762,"column":null}}]},"89":{"loc":{"start":{"line":766,"column":18},"end":{"line":769,"column":21}},"type":"cond-expr","locations":[{"start":{"line":766,"column":18},"end":{"line":769,"column":21}}]},"90":{"loc":{"start":{"line":765,"column":18},"end":{"line":765,"column":null}},"type":"binary-expr","locations":[{"start":{"line":765,"column":18},"end":{"line":765,"column":46}},{"start":{"line":765,"column":51},"end":{"line":765,"column":65}},{"start":{"line":765,"column":65},"end":{"line":765,"column":86}},{"start":{"line":765,"column":86},"end":{"line":765,"column":null}}]},"91":{"loc":{"start":{"line":767,"column":62},"end":{"line":767,"column":null}},"type":"binary-expr","locations":[{"start":{"line":767,"column":62},"end":{"line":767,"column":90}},{"start":{"line":767,"column":94},"end":{"line":767,"column":null}}]},"92":{"loc":{"start":{"line":769,"column":20},"end":{"line":769,"column":null}},"type":"binary-expr","locations":[{"start":{"line":769,"column":20},"end":{"line":769,"column":null}}]},"93":{"loc":{"start":{"line":783,"column":39},"end":{"line":783,"column":97}},"type":"cond-expr","locations":[{"start":{"line":783,"column":60},"end":{"line":783,"column":79}},{"start":{"line":783,"column":79},"end":{"line":783,"column":97}}]},"94":{"loc":{"start":{"line":790,"column":18},"end":{"line":801,"column":null}},"type":"if","locations":[{"start":{"line":790,"column":18},"end":{"line":801,"column":null}},{"start":{"line":795,"column":25},"end":{"line":801,"column":null}}]},"95":{"loc":{"start":{"line":790,"column":22},"end":{"line":790,"column":60}},"type":"binary-expr","locations":[{"start":{"line":790,"column":22},"end":{"line":790,"column":42}},{"start":{"line":790,"column":42},"end":{"line":790,"column":60}}]},"96":{"loc":{"start":{"line":805,"column":16},"end":{"line":809,"column":17}},"type":"cond-expr","locations":[{"start":{"line":805,"column":16},"end":{"line":809,"column":17}}]},"97":{"loc":{"start":{"line":821,"column":39},"end":{"line":821,"column":98}},"type":"cond-expr","locations":[{"start":{"line":821,"column":61},"end":{"line":821,"column":80}},{"start":{"line":821,"column":80},"end":{"line":821,"column":98}}]},"98":{"loc":{"start":{"line":828,"column":18},"end":{"line":839,"column":null}},"type":"if","locations":[{"start":{"line":828,"column":18},"end":{"line":839,"column":null}},{"start":{"line":833,"column":25},"end":{"line":839,"column":null}}]},"99":{"loc":{"start":{"line":828,"column":22},"end":{"line":828,"column":51}},"type":"binary-expr","locations":[{"start":{"line":828,"column":22},"end":{"line":828,"column":31}},{"start":{"line":828,"column":31},"end":{"line":828,"column":51}}]},"100":{"loc":{"start":{"line":843,"column":16},"end":{"line":847,"column":17}},"type":"cond-expr","locations":[{"start":{"line":843,"column":16},"end":{"line":847,"column":17}}]},"101":{"loc":{"start":{"line":859,"column":39},"end":{"line":859,"column":102}},"type":"cond-expr","locations":[{"start":{"line":859,"column":65},"end":{"line":859,"column":84}},{"start":{"line":859,"column":84},"end":{"line":859,"column":102}}]},"102":{"loc":{"start":{"line":866,"column":18},"end":{"line":877,"column":null}},"type":"if","locations":[{"start":{"line":866,"column":18},"end":{"line":877,"column":null}},{"start":{"line":871,"column":25},"end":{"line":877,"column":null}}]},"103":{"loc":{"start":{"line":866,"column":22},"end":{"line":866,"column":51}},"type":"binary-expr","locations":[{"start":{"line":866,"column":22},"end":{"line":866,"column":31}},{"start":{"line":866,"column":31},"end":{"line":866,"column":51}}]},"104":{"loc":{"start":{"line":881,"column":16},"end":{"line":885,"column":17}},"type":"cond-expr","locations":[{"start":{"line":881,"column":16},"end":{"line":885,"column":17}}]},"105":{"loc":{"start":{"line":897,"column":20},"end":{"line":900,"column":null}},"type":"if","locations":[{"start":{"line":897,"column":20},"end":{"line":900,"column":null}},{"start":{},"end":{}}]},"106":{"loc":{"start":{"line":909,"column":15},"end":{"line":909,"column":null}},"type":"binary-expr","locations":[{"start":{"line":909,"column":15},"end":{"line":909,"column":null}}]},"107":{"loc":{"start":{"line":918,"column":43},"end":{"line":918,"column":103}},"type":"cond-expr","locations":[{"start":{"line":918,"column":66},"end":{"line":918,"column":85}},{"start":{"line":918,"column":85},"end":{"line":918,"column":103}}]},"108":{"loc":{"start":{"line":925,"column":22},"end":{"line":938,"column":null}},"type":"if","locations":[{"start":{"line":925,"column":22},"end":{"line":938,"column":null}},{"start":{},"end":{}}]},"109":{"loc":{"start":{"line":927,"column":24},"end":{"line":937,"column":null}},"type":"if","locations":[{"start":{"line":927,"column":24},"end":{"line":937,"column":null}},{"start":{"line":932,"column":31},"end":{"line":937,"column":null}}]},"110":{"loc":{"start":{"line":927,"column":28},"end":{"line":927,"column":79}},"type":"binary-expr","locations":[{"start":{"line":927,"column":28},"end":{"line":927,"column":47}},{"start":{"line":927,"column":47},"end":{"line":927,"column":63}},{"start":{"line":927,"column":63},"end":{"line":927,"column":79}}]},"111":{"loc":{"start":{"line":942,"column":20},"end":{"line":946,"column":21}},"type":"cond-expr","locations":[{"start":{"line":942,"column":20},"end":{"line":946,"column":21}}]},"112":{"loc":{"start":{"line":951,"column":15},"end":{"line":951,"column":null}},"type":"binary-expr","locations":[{"start":{"line":951,"column":15},"end":{"line":951,"column":null}}]},"113":{"loc":{"start":{"line":964,"column":48},"end":{"line":964,"column":107}},"type":"cond-expr","locations":[{"start":{"line":964,"column":70},"end":{"line":964,"column":89}},{"start":{"line":964,"column":89},"end":{"line":964,"column":107}}]},"114":{"loc":{"start":{"line":971,"column":18},"end":{"line":982,"column":null}},"type":"if","locations":[{"start":{"line":971,"column":18},"end":{"line":982,"column":null}},{"start":{"line":976,"column":25},"end":{"line":982,"column":null}}]},"115":{"loc":{"start":{"line":971,"column":22},"end":{"line":971,"column":61}},"type":"binary-expr","locations":[{"start":{"line":971,"column":22},"end":{"line":971,"column":42}},{"start":{"line":971,"column":42},"end":{"line":971,"column":61}}]},"116":{"loc":{"start":{"line":986,"column":16},"end":{"line":990,"column":17}},"type":"cond-expr","locations":[{"start":{"line":986,"column":16},"end":{"line":990,"column":17}}]},"117":{"loc":{"start":{"line":1021,"column":13},"end":{"line":1021,"column":null}},"type":"binary-expr","locations":[{"start":{"line":1021,"column":13},"end":{"line":1021,"column":null}}]},"118":{"loc":{"start":{"line":1063,"column":17},"end":{"line":1063,"column":null}},"type":"binary-expr","locations":[{"start":{"line":1063,"column":17},"end":{"line":1063,"column":null}}]},"119":{"loc":{"start":{"line":1072,"column":32},"end":{"line":1072,"column":115}},"type":"cond-expr","locations":[{"start":{"line":1072,"column":56},"end":{"line":1072,"column":67}},{"start":{"line":1072,"column":67},"end":{"line":1072,"column":115}}]},"120":{"loc":{"start":{"line":1072,"column":67},"end":{"line":1072,"column":115}},"type":"cond-expr","locations":[{"start":{"line":1072,"column":91},"end":{"line":1072,"column":103}},{"start":{"line":1072,"column":103},"end":{"line":1072,"column":115}}]},"121":{"loc":{"start":{"line":1114,"column":13},"end":{"line":1114,"column":null}},"type":"binary-expr","locations":[{"start":{"line":1114,"column":13},"end":{"line":1114,"column":null}}]},"122":{"loc":{"start":{"line":1118,"column":45},"end":{"line":1118,"column":74}},"type":"binary-expr","locations":[{"start":{"line":1118,"column":45},"end":{"line":1118,"column":56}},{"start":{"line":1118,"column":56},"end":{"line":1118,"column":74}}]},"123":{"loc":{"start":{"line":1128,"column":43},"end":{"line":1128,"column":106}},"type":"cond-expr","locations":[{"start":{"line":1128,"column":68},"end":{"line":1128,"column":87}},{"start":{"line":1128,"column":87},"end":{"line":1128,"column":106}}]},"124":{"loc":{"start":{"line":1130,"column":19},"end":{"line":1130,"column":41}},"type":"binary-expr","locations":[{"start":{"line":1130,"column":19},"end":{"line":1130,"column":41}}]},"125":{"loc":{"start":{"line":1141,"column":13},"end":{"line":1141,"column":null}},"type":"binary-expr","locations":[{"start":{"line":1141,"column":13},"end":{"line":1141,"column":null}}]},"126":{"loc":{"start":{"line":1145,"column":47},"end":{"line":1145,"column":76}},"type":"binary-expr","locations":[{"start":{"line":1145,"column":47},"end":{"line":1145,"column":58}},{"start":{"line":1145,"column":58},"end":{"line":1145,"column":76}}]},"127":{"loc":{"start":{"line":1155,"column":43},"end":{"line":1155,"column":108}},"type":"cond-expr","locations":[{"start":{"line":1155,"column":70},"end":{"line":1155,"column":89}},{"start":{"line":1155,"column":89},"end":{"line":1155,"column":108}}]},"128":{"loc":{"start":{"line":1157,"column":19},"end":{"line":1157,"column":43}},"type":"binary-expr","locations":[{"start":{"line":1157,"column":19},"end":{"line":1157,"column":43}}]},"129":{"loc":{"start":{"line":1178,"column":39},"end":{"line":1178,"column":108}},"type":"cond-expr","locations":[{"start":{"line":1178,"column":71},"end":{"line":1178,"column":90}},{"start":{"line":1178,"column":90},"end":{"line":1178,"column":108}}]},"130":{"loc":{"start":{"line":1182,"column":34},"end":{"line":1182,"column":null}},"type":"cond-expr","locations":[{"start":{"line":1182,"column":48},"end":{"line":1182,"column":53}},{"start":{"line":1182,"column":53},"end":{"line":1182,"column":null}}]},"131":{"loc":{"start":{"line":1187,"column":16},"end":{"line":1191,"column":17}},"type":"cond-expr","locations":[{"start":{"line":1187,"column":16},"end":{"line":1191,"column":17}}]},"132":{"loc":{"start":{"line":1223,"column":19},"end":{"line":1223,"column":null}},"type":"cond-expr","locations":[{"start":{"line":1223,"column":49},"end":{"line":1223,"column":65}},{"start":{"line":1223,"column":65},"end":{"line":1223,"column":null}}]},"133":{"loc":{"start":{"line":1226,"column":66},"end":{"line":1226,"column":null}},"type":"cond-expr","locations":[{"start":{"line":1226,"column":82},"end":{"line":1226,"column":107}},{"start":{"line":1226,"column":110},"end":{"line":1226,"column":null}}]},"134":{"loc":{"start":{"line":1230,"column":19},"end":{"line":1230,"column":null}},"type":"cond-expr","locations":[{"start":{"line":1230,"column":57},"end":{"line":1230,"column":71}},{"start":{"line":1230,"column":71},"end":{"line":1230,"column":null}}]},"135":{"loc":{"start":{"line":1234,"column":19},"end":{"line":1234,"column":null}},"type":"cond-expr","locations":[{"start":{"line":1234,"column":70},"end":{"line":1234,"column":80}},{"start":{"line":1234,"column":80},"end":{"line":1234,"column":null}}]},"136":{"loc":{"start":{"line":1238,"column":19},"end":{"line":1238,"column":191}},"type":"cond-expr","locations":[{"start":{"line":1238,"column":70},"end":{"line":1238,"column":125}},{"start":{"line":1238,"column":128},"end":{"line":1238,"column":191}}]},"137":{"loc":{"start":{"line":1238,"column":88},"end":{"line":1238,"column":125}},"type":"cond-expr","locations":[{"start":{"line":1238,"column":98},"end":{"line":1238,"column":112}},{"start":{"line":1238,"column":112},"end":{"line":1238,"column":125}}]},"138":{"loc":{"start":{"line":1238,"column":154},"end":{"line":1238,"column":191}},"type":"cond-expr","locations":[{"start":{"line":1238,"column":164},"end":{"line":1238,"column":178}},{"start":{"line":1238,"column":178},"end":{"line":1238,"column":191}}]},"139":{"loc":{"start":{"line":1243,"column":17},"end":{"line":1243,"column":null}},"type":"binary-expr","locations":[{"start":{"line":1243,"column":17},"end":{"line":1243,"column":null}}]},"140":{"loc":{"start":{"line":1259,"column":2},"end":{"line":1269,"column":null}},"type":"if","locations":[{"start":{"line":1259,"column":2},"end":{"line":1269,"column":null}},{"start":{},"end":{}}]},"141":{"loc":{"start":{"line":1284,"column":15},"end":{"line":1284,"column":27}},"type":"binary-expr","locations":[{"start":{"line":1284,"column":15},"end":{"line":1284,"column":27}}]},"142":{"loc":{"start":{"line":1284,"column":59},"end":{"line":1284,"column":113}},"type":"cond-expr","locations":[{"start":{"line":1284,"column":81},"end":{"line":1284,"column":98}},{"start":{"line":1284,"column":98},"end":{"line":1284,"column":113}}]},"143":{"loc":{"start":{"line":1286,"column":86},"end":{"line":1290,"column":null}},"type":"cond-expr","locations":[{"start":{"line":1287,"column":20},"end":{"line":1287,"column":null}},{"start":{"line":1288,"column":20},"end":{"line":1290,"column":null}}]},"144":{"loc":{"start":{"line":1288,"column":20},"end":{"line":1290,"column":null}},"type":"cond-expr","locations":[{"start":{"line":1289,"column":22},"end":{"line":1289,"column":null}},{"start":{"line":1290,"column":22},"end":{"line":1290,"column":null}}]},"145":{"loc":{"start":{"line":1311,"column":13},"end":{"line":1311,"column":28}},"type":"binary-expr","locations":[{"start":{"line":1311,"column":13},"end":{"line":1311,"column":28}},{"start":{"line":1311,"column":28},"end":{"line":1311,"column":null}}]},"146":{"loc":{"start":{"line":1321,"column":13},"end":{"line":1321,"column":null}},"type":"binary-expr","locations":[{"start":{"line":1321,"column":13},"end":{"line":1321,"column":null}}]},"147":{"loc":{"start":{"line":1334,"column":11},"end":{"line":1345,"column":null}},"type":"cond-expr","locations":[{"start":{"line":1335,"column":12},"end":{"line":1345,"column":13}},{"start":{"line":1345,"column":12},"end":{"line":1345,"column":null}}]},"148":{"loc":{"start":{"line":1339,"column":24},"end":{"line":1339,"column":null}},"type":"binary-expr","locations":[{"start":{"line":1339,"column":24},"end":{"line":1339,"column":38}},{"start":{"line":1339,"column":38},"end":{"line":1339,"column":null}}]},"149":{"loc":{"start":{"line":1349,"column":12},"end":{"line":1358,"column":13}},"type":"cond-expr","locations":[{"start":{"line":1349,"column":12},"end":{"line":1358,"column":13}}]},"150":{"loc":{"start":{"line":1352,"column":24},"end":{"line":1352,"column":null}},"type":"binary-expr","locations":[{"start":{"line":1352,"column":24},"end":{"line":1352,"column":38}},{"start":{"line":1352,"column":38},"end":{"line":1352,"column":null}}]},"151":{"loc":{"start":{"line":1364,"column":15},"end":{"line":1364,"column":28}},"type":"binary-expr","locations":[{"start":{"line":1364,"column":15},"end":{"line":1364,"column":28}}]},"152":{"loc":{"start":{"line":1371,"column":7},"end":{"line":1371,"column":null}},"type":"binary-expr","locations":[{"start":{"line":1371,"column":7},"end":{"line":1371,"column":null}}]},"153":{"loc":{"start":{"line":1386,"column":21},"end":{"line":1386,"column":null}},"type":"cond-expr","locations":[{"start":{"line":1386,"column":51},"end":{"line":1386,"column":67}},{"start":{"line":1386,"column":67},"end":{"line":1386,"column":null}}]},"154":{"loc":{"start":{"line":1389,"column":68},"end":{"line":1389,"column":128}},"type":"cond-expr","locations":[{"start":{"line":1389,"column":84},"end":{"line":1389,"column":109}},{"start":{"line":1389,"column":112},"end":{"line":1389,"column":128}}]},"155":{"loc":{"start":{"line":1393,"column":21},"end":{"line":1393,"column":null}},"type":"cond-expr","locations":[{"start":{"line":1393,"column":59},"end":{"line":1393,"column":73}},{"start":{"line":1393,"column":73},"end":{"line":1393,"column":null}}]},"156":{"loc":{"start":{"line":1397,"column":21},"end":{"line":1397,"column":null}},"type":"cond-expr","locations":[{"start":{"line":1397,"column":72},"end":{"line":1397,"column":82}},{"start":{"line":1397,"column":82},"end":{"line":1397,"column":null}}]},"157":{"loc":{"start":{"line":1401,"column":21},"end":{"line":1403,"column":87}},"type":"cond-expr","locations":[{"start
[...]
,"/Users/afo/Code/greenpill/cookie-jar/frontend/lib/utils/network-utils.ts": {"path":"/Users/afo/Code/greenpill/cookie-jar/frontend/lib/utils/network-utils.ts","statementMap":{"0":{"start":{"line":29,"column":16},"end":{"line":29,"column":38}},"1":{"start":{"line":47,"column":16},"end":{"line":47,"column":33}},"2":{"start":{"line":18,"column":16},"end":{"line":18,"column":31}},"3":{"start":{"line":2,"column":32},"end":{"line":2,"column":null}},"4":{"start":{"line":10,"column":2},"end":{"line":10,"column":null}},"5":{"start":{"line":10,"column":39},"end":{"line":10,"column":null}},"6":{"start":{"line":19,"column":16},"end":{"line":19,"column":null}},"7":{"start":{"line":20,"column":2},"end":{"line":20,"column":null}},"8":{"start":{"line":30,"column":16},"end":{"line":30,"column":null}},"9":{"start":{"line":33,"column":2},"end":{"line":35,"column":null}},"10":{"start":{"line":34,"column":4},"end":{"line":34,"column":null}},"11":{"start":{"line":38,"column":2},"end":{"line":38,"column":null}},"12":{"start":{"line":48,"column":16},"end":{"line":48,"column":null}},"13":{"start":{"line":51,"column":2},"end":{"line":53,"column":null}},"14":{"start":{"line":52,"column":4},"end":{"line":52,"column":null}},"15":{"start":{"line":56,"column":2},"end":{"line":56,"column":null}}},"fnMap":{"0":{"name":"getChainById","decl":{"start":{"line":9,"column":9},"end":{"line":9,"column":22}},"loc":{"start":{"line":9,"column":37},"end":{"line":11,"column":null}}},"1":{"name":"(anonymous_5)","decl":{"start":{"line":10,"column":30},"end":{"line":10,"column":39}},"loc":{"start":{"line":10,"column":39},"end":{"line":10,"column":null}}},"2":{"name":"getNetworkName","decl":{"start":{"line":18,"column":16},"end":{"line":18,"column":31}},"loc":{"start":{"line":18,"column":46},"end":{"line":21,"column":null}}},"3":{"name":"getExplorerAddressUrl","decl":{"start":{"line":29,"column":16},"end":{"line":29,"column":38}},"loc":{"start":{"line":29,"column":70},"end":{"line":39,"column":null}}},"4":{"name":"getExplorerTxUrl","decl":{"start":{"line":47,"column":16},"end":{"line":47,"column":33}},"loc":{"start":{"line":47,"column":64},"end":{"line":57,"column":null}}}},"branchMap":{"0":{"loc":{"start":{"line":20,"column":9},"end":{"line":20,"column":null}},"type":"binary-expr","locations":[{"start":{"line":20,"column":9},"end":{"line":20,"column":24}},{"start":{"line":20,"column":24},"end":{"line":20,"column":null}}]},"1":{"loc":{"start":{"line":33,"column":2},"end":{"line":35,"column":null}},"type":"if","locations":[{"start":{"line":33,"column":2},"end":{"line":35,"column":null}},{"start":{},"end":{}}]},"2":{"loc":{"start":{"line":51,"column":2},"end":{"line":53,"column":null}},"type":"if","locations":[{"start":{"line":51,"column":2},"end":{"line":53,"column":null}},{"start":{},"end":{}}]}},"s":{"0":0,"1":0,"2":0,"3":0,"4":0,"5":0,"6":0,"7":0,"8":0,"9":0,"10":0,"11":0,"12":0,"13":0,"14":0,"15":0},"f":{"0":0,"1":0,"2":0,"3":0,"4":0},"b":{"0":[0,0],"1":[0,0],"2":[0,0]}}
,"/Users/afo/Code/greenpill/cookie-jar/frontend/lib/utils/time-utils.ts": {"path":"/Users/afo/Code/greenpill/cookie-jar/frontend/lib/utils/time-utils.ts","statementMap":{"0":{"start":{"line":41,"column":13},"end":{"line":41,"column":37}},"1":{"start":{"line":2,"column":13},"end":{"line":2,"column":36}},"2":{"start":{"line":14,"column":13},"end":{"line":14,"column":32}},"3":{"start":{"line":2,"column":36},"end":{"line":11,"column":null}},"4":{"start":{"line":5,"column":15},"end":{"line":5,"column":null}},"5":{"start":{"line":6,"column":16},"end":{"line":6,"column":null}},"6":{"start":{"line":7,"column":18},"end":{"line":7,"column":null}},"7":{"start":{"line":8,"column":18},"end":{"line":8,"column":null}},"8":{"start":{"line":10,"column":2},"end":{"line":10,"column":null}},"9":{"start":{"line":14,"column":32},"end":{"line":38,"column":null}},"10":{"start":{"line":15,"column":16},"end":{"line":15,"column":18}},"11":{"start":{"line":17,"column":2},"end":{"line":19,"column":null}},"12":{"start":{"line":18,"column":4},"end":{"line":18,"column":null}},"13":{"start":{"line":21,"column":2},"end":{"line":23,"column":null}},"14":{"start":{"line":22,"column":4},"end":{"line":22,"column":null}},"15":{"start":{"line":25,"column":2},"end":{"line":27,"column":null}},"16":{"start":{"line":26,"column":4},"end":{"line":26,"column":null}},"17":{"start":{"line":29,"column":2},"end":{"line":31,"column":null}},"18":{"start":{"line":30,"column":4},"end":{"line":30,"column":null}},"19":{"start":{"line":33,"column":2},"end":{"line":35,"column":null}},"20":{"start":{"line":34,"column":4},"end":{"line":34,"column":null}},"21":{"start":{"line":37,"column":2},"end":{"line":37,"column":null}},"22":{"start":{"line":41,"column":37},"end":{"line":43,"column":null}},"23":{"start":{"line":42,"column":2},"end":{"line":42,"column":null}}},"fnMap":{"0":{"name":"(anonymous_4)","decl":{"start":{"line":2,"column":36},"end":{"line":2,"column":null}},"loc":{"start":{"line":3,"column":2},"end":{"line":11,"column":null}}},"1":{"name":"(anonymous_5)","decl":{"start":{"line":14,"column":32},"end":{"line":14,"column":33}},"loc":{"start":{"line":14,"column":79},"end":{"line":38,"column":null}}},"2":{"name":"(anonymous_6)","decl":{"start":{"line":41,"column":37},"end":{"line":41,"column":38}},"loc":{"start":{"line":41,"column":84},"end":{"line":43,"column":null}}}},"branchMap":{"0":{"loc":{"start":{"line":17,"column":2},"end":{"line":19,"column":null}},"type":"if","locations":[{"start":{"line":17,"column":2},"end":{"line":19,"column":null}},{"start":{},"end":{}}]},"1":{"loc":{"start":{"line":18,"column":29},"end":{"line":18,"column":52}},"type":"cond-expr","locations":[{"start":{"line":18,"column":42},"end":{"line":18,"column":48}},{"start":{"line":18,"column":48},"end":{"line":18,"column":52}}]},"2":{"loc":{"start":{"line":21,"column":2},"end":{"line":23,"column":null}},"type":"if","locations":[{"start":{"line":21,"column":2},"end":{"line":23,"column":null}},{"start":{},"end":{}}]},"3":{"loc":{"start":{"line":22,"column":31},"end":{"line":22,"column":55}},"type":"cond-expr","locations":[{"start":{"line":22,"column":45},"end":{"line":22,"column":51}},{"start":{"line":22,"column":51},"end":{"line":22,"column":55}}]},"4":{"loc":{"start":{"line":25,"column":2},"end":{"line":27,"column":null}},"type":"if","locations":[{"start":{"line":25,"column":2},"end":{"line":27,"column":null}},{"start":{},"end":{}}]},"5":{"loc":{"start":{"line":26,"column":35},"end":{"line":26,"column":61}},"type":"cond-expr","locations":[{"start":{"line":26,"column":51},"end":{"line":26,"column":57}},{"start":{"line":26,"column":57},"end":{"line":26,"column":61}}]},"6":{"loc":{"start":{"line":29,"column":2},"end":{"line":31,"column":null}},"type":"if","locations":[{"start":{"line":29,"column":2},"end":{"line":31,"column":null}},{"start":{},"end":{}}]},"7":{"loc":{"start":{"line":30,"column":35},"end":{"line":30,"column":61}},"type":"cond-expr","locations":[{"start":{"line":30,"column":51},"end":{"line":30,"column":57}},{"start":{"line":30,"column":57},"end":{"line":30,"column":61}}]},"8":{"loc":{"start":{"line":33,"column":2},"end":{"line":35,"column":null}},"type":"if","locations":[{"start":{"line":33,"column":2},"end":{"line":35,"column":null}},{"start":{},"end":{}}]}},"s":{"0":0,"1":0,"2":0,"3":0,"4":0,"5":0,"6":0,"7":0,"8":0,"9":0,"10":0,"11":0,"12":0,"13":0,"14":0,"15":0,"16":0,"17":0,"18":0,"19":0,"20":0,"21":0,"22":0,"23":0},"f":{"0":0,"1":0,"2":0},"b":{"0":[0,0],"1":[0,0],"2":[0,0],"3":[0,0],"4":[0,0],"5":[0,0],"6":[0,0],"7":[0,0],"8":[0,0]}}
,"/Users/afo/Code/greenpill/cookie-jar/frontend/lib/utils/token-utils.ts": {"path":"/Users/afo/Code/greenpill/cookie-jar/frontend/lib/utils/token-utils.ts","statementMap":{"0":{"start":{"line":9,"column":13},"end":{"line":9,"column":27}},"1":{"start":{"line":122,"column":16},"end":{"line":122,"column":30}},"2":{"start":{"line":88,"column":16},"end":{"line":88,"column":null}},"3":{"start":{"line":111,"column":16},"end":{"line":111,"column":33}},"4":{"start":{"line":16,"column":16},"end":{"line":16,"column":29}},"5":{"start":{"line":1,"column":33},"end":{"line":1,"column":null}},"6":{"start":{"line":2,"column":61},"end":{"line":2,"column":null}},"7":{"start":{"line":6,"column":34},"end":{"line":6,"column":null}},"8":{"start":{"line":9,"column":27},"end":{"line":9,"column":null}},"9":{"start":{"line":17,"column":18},"end":{"line":17,"column":null}},"10":{"start":{"line":18,"column":25},"end":{"line":18,"column":null}},"11":{"start":{"line":19,"column":18},"end":{"line":19,"column":null}},"12":{"start":{"line":21,"column":30},"end":{"line":37,"column":null}},"13":{"start":{"line":40,"column":2},"end":{"line":49,"column":null}},"14":{"start":{"line":41,"column":4},"end":{"line":48,"column":null}},"15":{"start":{"line":52,"column":20},"end":{"line":52,"column":null}},"16":{"start":{"line":53,"column":22},"end":{"line":53,"column":null}},"17":{"start":{"line":54,"column":16},"end":{"line":54,"column":null}},"18":{"start":{"line":55,"column":17},"end":{"line":55,"column":null}},"19":{"start":{"line":56,"column":19},"end":{"line":56,"column":null}},"20":{"start":{"line":59,"column":21},"end":{"line":59,"column":null}},"21":{"start":{"line":60,"column":2},"end":{"line":68,"column":null}},"22":{"start":{"line":61,"column":4},"end":{"line":67,"column":null}},"23":{"start":{"line":62,"column":6},"end":{"line":62,"column":null}},"24":{"start":{"line":63,"column":11},"end":{"line":67,"column":null}},"25":{"start":{"line":64,"column":6},"end":{"line":64,"column":null}},"26":{"start":{"line":65,"column":11},"end":{"line":67,"column":null}},"27":{"start":{"line":66,"column":6},"end":{"line":66,"column":null}},"28":{"start":{"line":70,"column":2},"end":{"line":77,"column":null}},"29":{"start":{"line":94,"column":2},"end":{"line":94,"column":null}},"30":{"start":{"line":94,"column":15},"end":{"line":94,"column":null}},"31":{"start":{"line":96,"column":2},"end":{"line":102,"column":null}},"32":{"start":{"line":97,"column":22},"end":{"line":97,"column":null}},"33":{"start":{"line":98,"column":4},"end":{"line":98,"column":null}},"34":{"start":{"line":100,"column":4},"end":{"line":100,"column":null}},"35":{"start":{"line":101,"column":4},"end":{"line":101,"column":null}},"36":{"start":{"line":112,"column":2},"end":{"line":112,"column":null}},"37":{"start":{"line":112,"column":39},"end":{"line":112,"column":null}},"38":{"start":{"line":113,"column":2},"end":{"line":113,"column":null}},"39":{"start":{"line":123,"column":2},"end":{"line":125,"column":null}},"40":{"start":{"line":124,"column":4},"end":{"line":124,"column":null}},"41":{"start":{"line":127,"column":2},"end":{"line":142,"column":null}},"42":{"start":{"line":129,"column":18},"end":{"line":129,"column":null}},"43":{"start":{"line":130,"column":4},"end":{"line":141,"column":null}},"44":{"start":{"line":134,"column":6},"end":{"line":134,"column":null}},"45":{"start":{"line":137,"column":6},"end":{"line":140,"column":null}},"46":{"start":{"line":144,"column":2},"end":{"line":144,"column":null}}},"fnMap":{"0":{"name":"useTokenInfo","decl":{"start":{"line":16,"column":16},"end":{"line":16,"column":29}},"loc":{"start":{"line":16,"column":50},"end":{"line":78,"column":null}}},"1":{"name":"formatTokenAmount","decl":{"start":{"line":88,"column":16},"end":{"line":88,"column":null}},"loc":{"start":{"line":92,"column":25},"end":{"line":103,"column":null}}},"2":{"name":"parseTokenAmount","decl":{"start":{"line":111,"column":16},"end":{"line":111,"column":33}},"loc":{"start":{"line":111,"column":68},"end":{"line":114,"column":null}}},"3":{"name":"checkDecimals","decl":{"start":{"line":122,"column":16},"end":{"line":122,"column":30}},"loc":{"start":{"line":122,"column":66},"end":{"line":145,"column":null}}}},"branchMap":{"0":{"loc":{"start":{"line":19,"column":18},"end":{"line":19,"column":null}},"type":"binary-expr","locations":[{"start":{"line":19,"column":18},"end":{"line":19,"column":45}},{"start":{"line":19,"column":45},"end":{"line":19,"column":null}}]},"1":{"loc":{"start":{"line":40,"column":2},"end":{"line":49,"column":null}},"type":"if","locations":[{"start":{"line":40,"column":2},"end":{"line":49,"column":null}},{"start":{},"end":{}}]},"2":{"loc":{"start":{"line":54,"column":16},"end":{"line":54,"column":null}},"type":"binary-expr","locations":[{"start":{"line":54,"column":16},"end":{"line":54,"column":28}},{"start":{"line":54,"column":28},"end":{"line":54,"column":42}},{"start":{"line":54,"column":42},"end":{"line":54,"column":53}}]},"3":{"loc":{"start":{"line":55,"column":17},"end":{"line":55,"column":null}},"type":"cond-expr","locations":[{"start":{"line":55,"column":30},"end":{"line":55,"column":49}},{"start":{"line":55,"column":63},"end":{"line":55,"column":null}}]},"4":{"loc":{"start":{"line":56,"column":19},"end":{"line":56,"column":null}},"type":"cond-expr","locations":[{"start":{"line":56,"column":33},"end":{"line":56,"column":63}},{"start":{"line":56,"column":63},"end":{"line":56,"column":null}}]},"5":{"loc":{"start":{"line":60,"column":2},"end":{"line":68,"column":null}},"type":"if","locations":[{"start":{"line":60,"column":2},"end":{"line":68,"column":null}},{"start":{},"end":{}}]},"6":{"loc":{"start":{"line":61,"column":4},"end":{"line":67,"column":null}},"type":"if","locations":[{"start":{"line":61,"column":4},"end":{"line":67,"column":null}},{"start":{"line":63,"column":11},"end":{"line":67,"column":null}}]},"7":{"loc":{"start":{"line":61,"column":8},"end":{"line":61,"column":36}},"type":"binary-expr","locations":[{"start":{"line":61,"column":8},"end":{"line":61,"column":22}},{"start":{"line":61,"column":22},"end":{"line":61,"column":36}}]},"8":{"loc":{"start":{"line":63,"column":11},"end":{"line":67,"column":null}},"type":"if","locations":[{"start":{"line":63,"column":11},"end":{"line":67,"column":null}},{"start":{"line":65,"column":11},"end":{"line":67,"column":null}}]},"9":{"loc":{"start":{"line":65,"column":11},"end":{"line":67,"column":null}},"type":"if","locations":[{"start":{"line":65,"column":11},"end":{"line":67,"column":null}},{"start":{},"end":{}}]},"10":{"loc":{"start":{"line":92,"column":2},"end":{"line":92,"column":25}},"type":"default-arg","locations":[{"start":{"line":92,"column":24},"end":{"line":92,"column":25}}]},"11":{"loc":{"start":{"line":94,"column":2},"end":{"line":94,"column":null}},"type":"if","locations":[{"start":{"line":94,"column":2},"end":{"line":94,"column":null}},{"start":{},"end":{}}]},"12":{"loc":{"start":{"line":101,"column":14},"end":{"line":101,"column":26}},"type":"binary-expr","locations":[{"start":{"line":101,"column":14},"end":{"line":101,"column":24}},{"start":{"line":101,"column":24},"end":{"line":101,"column":26}}]},"13":{"loc":{"start":{"line":112,"column":2},"end":{"line":112,"column":null}},"type":"if","locations":[{"start":{"line":112,"column":2},"end":{"line":112,"column":null}},{"start":{},"end":{}}]},"14":{"loc":{"start":{"line":112,"column":6},"end":{"line":112,"column":39}},"type":"binary-expr","locations":[{"start":{"line":112,"column":6},"end":{"line":112,"column":20}},{"start":{"line":112,"column":20},"end":{"line":112,"column":39}}]},"15":{"loc":{"start":{"line":113,"column":9},"end":{"line":113,"column":null}},"type":"binary-expr","locations":[{"start":{"line":113,"column":9},"end":{"line":113,"column":44}},{"start":{"line":113,"column":44},"end":{"line":113,"column":null}}]},"16":{"loc":{"start":{"line":123,"column":2},"end":{"line":125,"column":null}},"type":"if","locations":[{"start":{"line":123,"column":2},"end":{"line":125,"column":null}},{"start":{},"end":{}}]},"17":{"loc":{"start":{"line":127,"column":2},"end":{"line":142,"column":null}},"type":"if","locations":[{"start":{"line":127,"column":2},"end":{"line":142,"column":null}},{"start":{},"end":{}}]},"18":{"loc":{"start":{"line":130,"column":4},"end":{"line":141,"column":null}},"type":"if","locations":[{"start":{"line":130,"column":4},"end":{"line":141,"column":null}},{"start":{"line":135,"column":11},"end":{"line":141,"column":null}}]},"19":{"loc":{"start":{"line":131,"column":6},"end":{"line":132,"column":39}},"type":"binary-expr","locations":[{"start":{"line":131,"column":6},"end":{"line":131,"column":28}},{"start":{"line":132,"column":6},"end":{"line":132,"column":39}}]}},"s":{"0":0,"1":0,"2":0,"3":0,"4":0,"5":0,"6":0,"7":0,"8":0,"9":0,"10":0,"11":0,"12":0,"13":0,"14":0,"15":0,"16":0,"17":0,"18":0,"19":0,"20":0,"21":0,"22":0,"23":0,"24":0,"25":0,"26":0,"27":0,"28":0,"29":0,"30":0,"31":0,"32":0,"33":0,"34":0,"35":0,"36":0,"37":0,"38":0,"39":0,"40":0,"41":0,"42":0,"43":0,"44":0,"45":0,"46":0},"f":{"0":0,"1":0,"2":0,"3":0},"b":{"0":[0,0],"1":[0,0],"2":[0,0,0],"3":[0,0],"4":[0,0],"5":[0,0],"6":[0,0],"7":[0,0],"8":[0,0],"9":[0,0],"10":[0],"11":[0,0],"12":[0,0],"13":[0,0],"14":[0,0],"15":[0,0],"16":[0,0],"17":[0,0],"18":[0,0],"19":[0,0]}}
,"/Users/afo/Code/greenpill/cookie-jar/frontend/lib/utils/utils.ts": {"path":"/Users/afo/Code/greenpill/cookie-jar/frontend/lib/utils/utils.ts","statementMap":{"0":{"start":{"line":6,"column":16},"end":{"line":6,"column":19}},"1":{"start":{"line":10,"column":16},"end":{"line":10,"column":31}},"2":{"start":{"line":3,"column":38},"end":{"line":3,"column":null}},"3":{"start":{"line":4,"column":24},"end":{"line":4,"column":null}},"4":{"start":{"line":7,"column":2},"end":{"line":7,"column":null}},"5":{"start":{"line":11,"column":2},"end":{"line":11,"column":null}},"6":{"start":{"line":11,"column":16},"end":{"line":11,"column":null}},"7":{"start":{"line":12,"column":2},"end":{"line":12,"column":null}}},"fnMap":{"0":{"name":"cn","decl":{"start":{"line":6,"column":16},"end":{"line":6,"column":19}},"loc":{"start":{"line":6,"column":42},"end":{"line":8,"column":null}}},"1":{"name":"shortenAddress","decl":{"start":{"line":10,"column":16},"end":{"line":10,"column":31}},"loc":{"start":{"line":10,"column":57},"end":{"line":13,"column":null}}}},"branchMap":{"0":{"loc":{"start":{"line":10,"column":48},"end":{"line":10,"column":57}},"type":"default-arg","locations":[{"start":{"line":10,"column":56},"end":{"line":10,"column":57}}]},"1":{"loc":{"start":{"line":11,"column":2},"end":{"line":11,"column":null}},"type":"if","locations":[{"start":{"line":11,"column":2},"end":{"line":11,"column":null}},{"start":{},"end":{}}]}},"s":{"0":0,"1":0,"2":0,"3":0,"4":0,"5":0,"6":0,"7":0},"f":{"0":0,"1":0},"b":{"0":[0],"1":[0,0]}}
}
