TN:
SF:app/page.tsx
FN:6,Home
FNF:1
FNH:0
FNDA:0,Home
DA:1,0
DA:4,0
DA:6,0
LF:3
LH:0
BRF:0
BRH:0
end_of_record
TN:
SF:app/admin/cookie-jars/page.tsx
FN:16,(anonymous_1)
FN:26,(anonymous_2)
FN:35,(anonymous_3)
FN:40,(anonymous_4)
FN:65,(anonymous_5)
FN:71,(anonymous_6)
FN:90,(anonymous_7)
FNF:7
FNH:0
FNDA:0,(anonymous_1)
FNDA:0,(anonymous_2)
FNDA:0,(anonymous_3)
FNDA:0,(anonymous_4)
FNDA:0,(anonymous_5)
FNDA:0,(anonymous_6)
FNDA:0,(anonymous_7)
DA:4,0
DA:5,0
DA:6,0
DA:7,0
DA:8,0
DA:9,0
DA:10,0
DA:11,0
DA:12,0
DA:16,0
DA:17,0
DA:19,0
DA:26,0
DA:27,0
DA:28,0
DA:35,0
DA:36,0
DA:37,0
DA:38,0
DA:40,0
DA:41,0
DA:44,0
DA:66,0
DA:72,0
DA:90,0
DA:111,0
LF:26
LH:0
BRDA:19,0,0,0
BRDA:19,0,1,0
BRDA:22,1,0,0
BRDA:22,1,1,0
BRDA:29,2,0,0
BRDA:29,2,1,0
BRDA:44,3,0,0
BRDA:44,3,1,0
BRDA:57,4,0,0
BRDA:64,5,0,0
BRDA:63,6,0,0
BRDA:63,6,1,0
BRDA:99,7,0,0
BRDA:99,7,1,0
BRF:14
BRH:0
end_of_record
TN:
SF:app/create/page.tsx
FN:36,(anonymous_5)
FN:41,(anonymous_6)
FN:46,(anonymous_7)
FN:52,CreateCookieJarForm
FN:140,(anonymous_9)
FN:147,(anonymous_10)
FN:155,(anonymous_11)
FN:165,(anonymous_12)
FN:187,(anonymous_13)
FN:196,(anonymous_14)
FN:197,(anonymous_15)
FN:198,(anonymous_16)
FN:203,(anonymous_17)
FN:209,(anonymous_18)
FN:216,(anonymous_19)
FN:226,(anonymous_20)
FN:315,(anonymous_21)
FN:338,(anonymous_22)
FN:364,(anonymous_23)
FN:378,(anonymous_24)
FN:386,(anonymous_25)
FN:399,(anonymous_26)
FN:417,(anonymous_27)
FN:505,(anonymous_28)
FN:511,(anonymous_29)
FN:524,(anonymous_30)
FN:539,(anonymous_31)
FN:557,(anonymous_32)
FN:563,(anonymous_33)
FN:574,(anonymous_34)
FN:591,(anonymous_35)
FN:607,(anonymous_36)
FN:618,(anonymous_37)
FN:648,(anonymous_38)
FN:697,(anonymous_39)
FN:723,(anonymous_40)
FN:757,(anonymous_41)
FN:785,(anonymous_42)
FN:791,(anonymous_43)
FN:797,(anonymous_44)
FN:823,(anonymous_45)
FN:829,(anonymous_46)
FN:835,(anonymous_47)
FN:861,(anonymous_48)
FN:867,(anonymous_49)
FN:873,(anonymous_50)
FN:895,(anonymous_51)
FN:899,(anonymous_52)
FN:920,(anonymous_53)
FN:928,(anonymous_54)
FN:933,(anonymous_55)
FN:966,(anonymous_56)
FN:972,(anonymous_57)
FN:978,(anonymous_58)
FN:1006,(anonymous_59)
FN:1032,(anonymous_60)
FN:1039,(anonymous_61)
FN:1067,(anonymous_62)
FN:1075,(anonymous_63)
FN:1100,(anonymous_64)
FN:1124,(anonymous_65)
FN:1151,(anonymous_66)
FN:1180,(anonymous_67)
FN:1205,(anonymous_68)
FN:1282,(anonymous_69)
FN:1421,(anonymous_70)
FN:1435,(anonymous_71)
FN:1439,(anonymous_72)
FN:1459,(anonymous_73)
FNF:69
FNH:0
FNDA:0,(anonymous_5)
FNDA:0,(anonymous_6)
FNDA:0,(anonymous_7)
FNDA:0,CreateCookieJarForm
FNDA:0,(anonymous_9)
FNDA:0,(anonymous_10)
FNDA:0,(anonymous_11)
FNDA:0,(anonymous_12)
FNDA:0,(anonymous_13)
FNDA:0,(anonymous_14)
FNDA:0,(anonymous_15)
FNDA:0,(anonymous_16)
FNDA:0,(anonymous_17)
FNDA:0,(anonymous_18)
FNDA:0,(anonymous_19)
FNDA:0,(anonymous_20)
FNDA:0,(anonymous_21)
FNDA:0,(anonymous_22)
FNDA:0,(anonymous_23)
FNDA:0,(anonymous_24)
FNDA:0,(anonymous_25)
FNDA:0,(anonymous_26)
FNDA:0,(anonymous_27)
FNDA:0,(anonymous_28)
FNDA:0,(anonymous_29)
FNDA:0,(anonymous_30)
FNDA:0,(anonymous_31)
FNDA:0,(anonymous_32)
FNDA:0,(anonymous_33)
FNDA:0,(anonymous_34)
FNDA:0,(anonymous_35)
FNDA:0,(anonymous_36)
FNDA:0,(anonymous_37)
FNDA:0,(anonymous_38)
FNDA:0,(anonymous_39)
FNDA:0,(anonymous_40)
FNDA:0,(anonymous_41)
FNDA:0,(anonymous_42)
FNDA:0,(anonymous_43)
FNDA:0,(anonymous_44)
FNDA:0,(anonymous_45)
FNDA:0,(anonymous_46)
FNDA:0,(anonymous_47)
FNDA:0,(anonymous_48)
FNDA:0,(anonymous_49)
FNDA:0,(anonymous_50)
FNDA:0,(anonymous_51)
FNDA:0,(anonymous_52)
FNDA:0,(anonymous_53)
FNDA:0,(anonymous_54)
FNDA:0,(anonymous_55)
FNDA:0,(anonymous_56)
FNDA:0,(anonymous_57)
FNDA:0,(anonymous_58)
FNDA:0,(anonymous_59)
FNDA:0,(anonymous_60)
FNDA:0,(anonymous_61)
FNDA:0,(anonymous_62)
FNDA:0,(anonymous_63)
FNDA:0,(anonymous_64)
FNDA:0,(anonymous_65)
FNDA:0,(anonymous_66)
FNDA:0,(anonymous_67)
FNDA:0,(anonymous_68)
FNDA:0,(anonymous_69)
FNDA:0,(anonymous_70)
FNDA:0,(anonymous_71)
FNDA:0,(anonymous_72)
FNDA:0,(anonymous_73)
DA:3,0
DA:5,0
DA:8,0
DA:9,0
DA:10,0
DA:11,0
DA:12,0
DA:13,0
DA:14,0
DA:15,0
DA:16,0
DA:17,0
DA:18,0
DA:19,0
DA:20,0
DA:21,0
DA:24,0
DA:26,0
DA:27,0
DA:28,0
DA:29,0
DA:30,0
DA:33,0
DA:36,0
DA:41,0
DA:46,0
DA:52,0
DA:53,0
DA:54,0
DA:55,0
DA:56,0
DA:59,0
DA:60,0
DA:61,0
DA:62,0
DA:63,0
DA:64,0
DA:65,0
DA:66,0
DA:67,0
DA:68,0
DA:69,0
DA:70,0
DA:73,0
DA:74,0
DA:75,0
DA:76,0
DA:77,0
DA:79,0
DA:80,0
DA:81,0
DA:84,0
DA:99,0
DA:100,0
DA:101,0
DA:102,0
DA:105,0
DA:108,0
DA:112,0
DA:113,0
DA:114,0
DA:115,0
DA:118,0
DA:127,0
DA:134,0
DA:140,0
DA:141,0
DA:142,0
DA:147,0
DA:148,0
DA:152,0
DA:155,0
DA:156,0
DA:157,0
DA:158,0
DA:160,0
DA:165,0
DA:166,0
DA:168,0
DA:169,0
DA:171,0
DA:174,0
DA:175,0
DA:178,0
DA:181,0
DA:182,0
DA:187,0
DA:188,0
DA:189,0
DA:190,0
DA:191,0
DA:196,0
DA:197,0
DA:198,0
DA:203,0
DA:204,0
DA:205,0
DA:209,0
DA:211,0
DA:212,0
DA:213,0
DA:215,0
DA:216,0
DA:217,0
DA:218,0
DA:219,0
DA:222,0
DA:223,0
DA:224,0
DA:226,0
DA:228,0
DA:229,0
DA:232,0
DA:238,0
DA:241,0
DA:242,0
DA:243,0
DA:244,0
DA:245,0
DA:246,0
DA:249,0
DA:251,0
DA:252,0
DA:256,0
DA:257,0
DA:259,0
DA:260,0
DA:283,0
DA:306,0
DA:307,0
DA:308,0
DA:309,0
DA:315,0
DA:316,0
DA:317,0
DA:318,0
DA:319,0
DA:320,0
DA:321,0
DA:322,0
DA:323,0
DA:324,0
DA:325,0
DA:326,0
DA:327,0
DA:328,0
DA:329,0
DA:330,0
DA:331,0
DA:332,0
DA:333,0
DA:334,0
DA:338,0
DA:339,0
DA:340,0
DA:343,0
DA:349,0
DA:356,0
DA:357,0
DA:359,0
DA:361,0
DA:364,0
DA:366,0
DA:369,0
DA:370,0
DA:371,0
DA:375,0
DA:378,0
DA:379,0
DA:383,0
DA:386,0
DA:387,0
DA:392,0
DA:393,0
DA:399,0
DA:400,0
DA:401,0
DA:404,0
DA:410,0
DA:411,0
DA:412,0
DA:417,0
DA:418,0
DA:420,0
DA:423,0
DA:424,0
DA:428,0
DA:429,0
DA:430,0
DA:435,0
DA:436,0
DA:437,0
DA:438,0
DA:440,0
DA:445,0
DA:446,0
DA:447,0
DA:448,0
DA:452,0
DA:453,0
DA:457,0
DA:458,0
DA:462,0
DA:463,0
DA:464,0
DA:466,0
DA:467,0
DA:468,0
DA:474,0
DA:475,0
DA:476,0
DA:477,0
DA:479,0
DA:483,0
DA:484,0
DA:485,0
DA:490,0
DA:491,0
DA:492,0
DA:497,0
DA:498,0
DA:500,0
DA:504,0
DA:505,0
DA:509,0
DA:511,0
DA:522,0
DA:524,0
DA:532,0
DA:539,0
DA:541,0
DA:542,0
DA:545,0
DA:550,0
DA:557,0
DA:559,0
DA:560,0
DA:562,0
DA:563,0
DA:564,0
DA:565,0
DA:566,0
DA:569,0
DA:570,0
DA:574,0
DA:575,0
DA:576,0
DA:581,0
DA:582,0
DA:586,0
DA:591,0
DA:592,0
DA:594,0
DA:596,0
DA:598,0
DA:600,0
DA:602,0
DA:607,0
DA:608,0
DA:619,0
DA:621,0
DA:623,0
DA:634,0
DA:650,0
DA:651,0
DA:652,0
DA:698,0
DA:699,0
DA:700,0
DA:702,0
DA:724,0
DA:725,0
DA:726,0
DA:728,0
DA:758,0
DA:759,0
DA:786,0
DA:787,0
DA:790,0
DA:791,0
DA:797,0
DA:824,0
DA:825,0
DA:828,0
DA:829,0
DA:835,0
DA:862,0
DA:863,0
DA:866,0
DA:867,0
DA:873,0
DA:896,0
DA:897,0
DA:898,0
DA:899,0
DA:921,0
DA:922,0
DA:925,0
DA:926,0
DA:927,0
DA:928,0
DA:933,0
DA:967,0
DA:968,0
DA:971,0
DA:972,0
DA:978,0
DA:1006,0
DA:1032,0
DA:1039,0
DA:1068,0
DA:1075,0
DA:1100,0
DA:1124,0
DA:1151,0
DA:1181,0
DA:1182,0
DA:1183,0
DA:1205,0
DA:1254,0
DA:1259,0
DA:1283,0
DA:1421,0
DA:1435,0
DA:1440,0
DA:1441,0
DA:1460,0
DA:1461,0
LF:328
LH:0
BRDA:36,0,0,0
BRDA:36,0,1,0
BRDA:41,1,0,0
BRDA:41,1,1,0
BRDA:46,2,0,0
BRDA:46,2,1,0
BRDA:118,3,0,0
BRDA:118,3,1,0
BRDA:141,4,0,0
BRDA:141,4,1,0
BRDA:148,5,0,0
BRDA:148,5,1,0
BRDA:166,6,0,0
BRDA:166,6,1,0
BRDA:166,7,0,0
BRDA:166,7,1,0
BRDA:169,8,0,0
BRDA:169,8,1,0
BRDA:174,9,0,0
BRDA:174,9,1,0
BRDA:174,10,0,0
BRDA:174,10,1,0
BRDA:175,11,0,0
BRDA:175,11,1,0
BRDA:188,12,0,0
BRDA:188,12,1,0
BRDA:212,13,0,0
BRDA:212,13,1,0
BRDA:228,14,0,0
BRDA:228,14,1,0
BRDA:229,15,0,0
BRDA:229,15,1,0
BRDA:242,16,0,0
BRDA:242,16,1,0
BRDA:251,17,0,0
BRDA:251,17,1,0
BRDA:256,18,0,0
BRDA:256,18,1,0
BRDA:257,19,0,0
BRDA:257,19,1,0
BRDA:259,20,0,0
BRDA:259,20,1,0
BRDA:273,21,0,0
BRDA:273,21,1,0
BRDA:296,22,0,0
BRDA:296,22,1,0
BRDA:316,23,0,0
BRDA:316,23,1,0
BRDA:339,24,0,0
BRDA:339,24,1,0
BRDA:339,25,0,0
BRDA:339,25,1,0
BRDA:357,26,0,0
BRDA:357,26,1,0
BRDA:357,27,0,0
BRDA:357,27,1,0
BRDA:400,28,0,0
BRDA:400,28,1,0
BRDA:420,29,0,0
BRDA:420,29,1,0
BRDA:423,30,0,0
BRDA:423,30,1,0
BRDA:428,31,0,0
BRDA:428,31,1,0
BRDA:429,32,0,0
BRDA:429,32,1,0
BRDA:429,33,0,0
BRDA:429,33,1,0
BRDA:435,34,0,0
BRDA:435,34,1,0
BRDA:436,35,0,0
BRDA:436,35,1,0
BRDA:436,36,0,0
BRDA:436,36,1,0
BRDA:438,37,0,0
BRDA:438,37,1,0
BRDA:445,38,0,0
BRDA:445,38,1,0
BRDA:447,39,0,0
BRDA:447,39,1,0
BRDA:452,40,0,0
BRDA:452,40,1,0
BRDA:452,41,0,0
BRDA:452,41,1,0
BRDA:457,42,0,0
BRDA:457,42,1,0
BRDA:457,43,0,0
BRDA:457,43,1,0
BRDA:462,44,0,0
BRDA:462,44,1,0
BRDA:463,45,0,0
BRDA:463,45,1,0
BRDA:463,46,0,0
BRDA:463,46,1,0
BRDA:467,47,0,0
BRDA:467,47,1,0
BRDA:467,48,0,0
BRDA:467,48,1,0
BRDA:467,48,2,0
BRDA:474,49,0,0
BRDA:474,49,1,0
BRDA:476,50,0,0
BRDA:476,50,1,0
BRDA:483,51,0,0
BRDA:483,51,1,0
BRDA:484,52,0,0
BRDA:484,52,1,0
BRDA:484,53,0,0
BRDA:484,53,1,0
BRDA:490,54,0,0
BRDA:490,54,1,0
BRDA:491,55,0,0
BRDA:491,55,1,0
BRDA:491,56,0,0
BRDA:491,56,1,0
BRDA:497,57,0,0
BRDA:497,57,1,0
BRDA:497,58,0,0
BRDA:497,58,1,0
BRDA:504,59,0,0
BRDA:504,59,1,0
BRDA:509,60,0,0
BRDA:509,60,1,0
BRDA:522,61,0,0
BRDA:522,61,1,0
BRDA:551,62,0,0
BRDA:551,62,1,0
BRDA:560,63,0,0
BRDA:560,63,1,0
BRDA:569,64,0,0
BRDA:569,64,1,0
BRDA:575,65,0,0
BRDA:575,65,1,0
BRDA:581,66,0,0
BRDA:581,66,1,0
BRDA:582,67,0,0
BRDA:582,67,1,0
BRDA:586,68,0,0
BRDA:586,68,1,0
BRDA:592,69,0,0
BRDA:592,69,1,0
BRDA:592,69,2,0
BRDA:592,69,3,0
BRDA:592,69,4,0
BRDA:608,70,0,0
BRDA:619,71,0,0
BRDA:619,71,1,0
BRDA:621,72,0,0
BRDA:621,72,1,0
BRDA:621,72,2,0
BRDA:621,72,3,0
BRDA:621,72,4,0
BRDA:623,73,0,0
BRDA:623,73,1,0
BRDA:634,74,0,0
BRDA:634,74,1,0
BRDA:658,75,0,0
BRDA:660,76,0,0
BRDA:662,77,0,0
BRDA:662,77,1,0
BRDA:663,78,0,0
BRDA:663,78,1,0
BRDA:677,79,0,0
BRDA:695,80,0,0
BRDA:695,80,1,0
BRDA:699,81,0,0
BRDA:699,81,1,0
BRDA:707,82,0,0
BRDA:724,83,0,0
BRDA:724,83,1,0
BRDA:741,84,0,0
BRDA:741,84,1,0
BRDA:747,85,0,0
BRDA:755,86,0,0
BRDA:755,86,1,0
BRDA:755,87,0,0
BRDA:755,87,1,0
BRDA:762,88,0,0
BRDA:762,88,1,0
BRDA:762,88,2,0
BRDA:766,89,0,0
BRDA:765,90,0,0
BRDA:765,90,1,0
BRDA:765,90,2,0
BRDA:765,90,3,0
BRDA:767,91,0,0
BRDA:767,91,1,0
BRDA:769,92,0,0
BRDA:783,93,0,0
BRDA:783,93,1,0
BRDA:790,94,0,0
BRDA:790,94,1,0
BRDA:790,95,0,0
BRDA:790,95,1,0
BRDA:805,96,0,0
BRDA:821,97,0,0
BRDA:821,97,1,0
BRDA:828,98,0,0
BRDA:828,98,1,0
BRDA:828,99,0,0
BRDA:828,99,1,0
BRDA:843,100,0,0
BRDA:859,101,0,0
BRDA:859,101,1,0
BRDA:866,102,0,0
BRDA:866,102,1,0
BRDA:866,103,0,0
BRDA:866,103,1,0
BRDA:881,104,0,0
BRDA:897,105,0,0
BRDA:897,105,1,0
BRDA:909,106,0,0
BRDA:918,107,0,0
BRDA:918,107,1,0
BRDA:925,108,0,0
BRDA:925,108,1,0
BRDA:927,109,0,0
BRDA:927,109,1,0
BRDA:927,110,0,0
BRDA:927,110,1,0
BRDA:927,110,2,0
BRDA:942,111,0,0
BRDA:951,112,0,0
BRDA:964,113,0,0
BRDA:964,113,1,0
BRDA:971,114,0,0
BRDA:971,114,1,0
BRDA:971,115,0,0
BRDA:971,115,1,0
BRDA:986,116,0,0
BRDA:1021,117,0,0
BRDA:1063,118,0,0
BRDA:1072,119,0,0
BRDA:1072,119,1,0
BRDA:1072,120,0,0
BRDA:1072,120,1,0
BRDA:1114,121,0,0
BRDA:1118,122,0,0
BRDA:1118,122,1,0
BRDA:1128,123,0,0
BRDA:1128,123,1,0
BRDA:1130,124,0,0
BRDA:1141,125,0,0
BRDA:1145,126,0,0
BRDA:1145,126,1,0
BRDA:1155,127,0,0
BRDA:1155,127,1,0
BRDA:1157,128,0,0
BRDA:1178,129,0,0
BRDA:1178,129,1,0
BRDA:1182,130,0,0
BRDA:1182,130,1,0
BRDA:1187,131,0,0
BRDA:1223,132,0,0
BRDA:1223,132,1,0
BRDA:1226,133,0,0
BRDA:1226,133,1,0
BRDA:1230,134,0,0
BRDA:1230,134,1,0
BRDA:1234,135,0,0
BRDA:1234,135,1,0
BRDA:1238,136,0,0
BRDA:1238,136,1,0
BRDA:1238,137,0,0
BRDA:1238,137,1,0
BRDA:1238,138,0,0
BRDA:1238,138,1,0
BRDA:1243,139,0,0
BRDA:1259,140,0,0
BRDA:1259,140,1,0
BRDA:1284,141,0,0
BRDA:1284,142,0,0
BRDA:1284,142,1,0
BRDA:1286,143,0,0
BRDA:1286,143,1,0
BRDA:1288,144,0,0
BRDA:1288,144,1,0
BRDA:1311,145,0,0
BRDA:1311,145,1,0
BRDA:1321,146,0,0
BRDA:1334,147,0,0
BRDA:1334,147,1,0
BRDA:1339,148,0,0
BRDA:1339,148,1,0
BRDA:1349,149,0,0
BRDA:1352,150,0,0
BRDA:1352,150,1,0
BRDA:1364,151,0,0
BRDA:1371,152,0,0
BRDA:1386,153,0,0
BRDA:1386,153,1,0
BRDA:1389,154,0,0
BRDA:1389,154,1,0
BRDA:1393,155,0,0
BRDA:1393,155,1,0
BRDA:1397,156,0,0
BRDA:1397,156,1,0
BRDA:1401,157,0,0
BRDA:1401,157,1,0
BRDA:1402,158,0,0
BRDA:1402,158,1,0
BRDA:1403,159,0,0
BRDA:1403,159,1,0
BRDA:1409,160,0,0
BRDA:1438,161,0,0
BRDA:1447,162,0,0
BRDA:1447,162,1,0
BRDA:1452,163,0,0
BRF:308
BRH:0
end_of_record
TN:
SF:app/docs/page.tsx
FN:7,DocsPage
FNF:1
FNH:0
FNDA:0,DocsPage
DA:3,0
DA:4,0
DA:5,0
DA:7,0
DA:8,0
LF:5
LH:0
BRF:0
BRH:0
end_of_record
TN:
SF:app/jar/[address]/page.tsx
FN:47,CookieJarConfigDetails
FN:91,(anonymous_3)
FN:116,(anonymous_4)
FN:125,(anonymous_5)
FN:157,(anonymous_6)
FN:167,(anonymous_7)
FN:207,(anonymous_8)
FN:215,(anonymous_9)
FN:221,(anonymous_10)
FN:281,(anonymous_11)
FN:290,(anonymous_12)
FN:310,(anonymous_13)
FN:314,(anonymous_14)
FN:328,(anonymous_15)
FN:339,(anonymous_16)
FN:350,(anonymous_17)
FN:373,(anonymous_18)
FN:381,(anonymous_19)
FN:390,(anonymous_20)
FN:404,(anonymous_21)
FN:413,(anonymous_22)
FN:428,(anonymous_23)
FN:442,(anonymous_24)
FN:476,(anonymous_25)
FN:477,(anonymous_26)
FN:486,(anonymous_27)
FN:515,(anonymous_28)
FN:564,(anonymous_29)
FN:604,(anonymous_30)
FN:820,(anonymous_31)
FN:826,(anonymous_32)
FN:873,(anonymous_33)
FN:988,(anonymous_34)
FN:997,(anonymous_35)
FN:1006,(anonymous_36)
FN:1015,(anonymous_37)
FN:1024,(anonymous_38)
FNF:37
FNH:0
FNDA:0,CookieJarConfigDetails
FNDA:0,(anonymous_3)
FNDA:0,(anonymous_4)
FNDA:0,(anonymous_5)
FNDA:0,(anonymous_6)
FNDA:0,(anonymous_7)
FNDA:0,(anonymous_8)
FNDA:0,(anonymous_9)
FNDA:0,(anonymous_10)
FNDA:0,(anonymous_11)
FNDA:0,(anonymous_12)
FNDA:0,(anonymous_13)
FNDA:0,(anonymous_14)
FNDA:0,(anonymous_15)
FNDA:0,(anonymous_16)
FNDA:0,(anonymous_17)
FNDA:0,(anonymous_18)
FNDA:0,(anonymous_19)
FNDA:0,(anonymous_20)
FNDA:0,(anonymous_21)
FNDA:0,(anonymous_22)
FNDA:0,(anonymous_23)
FNDA:0,(anonymous_24)
FNDA:0,(anonymous_25)
FNDA:0,(anonymous_26)
FNDA:0,(anonymous_27)
FNDA:0,(anonymous_28)
FNDA:0,(anonymous_29)
FNDA:0,(anonymous_30)
FNDA:0,(anonymous_31)
FNDA:0,(anonymous_32)
FNDA:0,(anonymous_33)
FNDA:0,(anonymous_34)
FNDA:0,(anonymous_35)
FNDA:0,(anonymous_36)
FNDA:0,(anonymous_37)
FNDA:0,(anonymous_38)
DA:2,0
DA:3,0
DA:5,0
DA:6,0
DA:7,0
DA:8,0
DA:9,0
DA:10,0
DA:12,0
DA:14,0
DA:15,0
DA:16,0
DA:17,0
DA:18,0
DA:21,0
DA:23,0
DA:24,0
DA:25,0
DA:26,0
DA:27,0
DA:28,0
DA:29,0
DA:30,0
DA:31,0
DA:32,0
DA:35,0
DA:37,0
DA:38,0
DA:41,0
DA:45,0
DA:47,0
DA:48,0
DA:49,0
DA:50,0
DA:51,0
DA:52,0
DA:53,0
DA:54,0
DA:55,0
DA:56,0
DA:57,0
DA:58,0
DA:59,0
DA:60,0
DA:61,0
DA:62,0
DA:65,0
DA:66,0
DA:67,0
DA:68,0
DA:69,0
DA:71,0
DA:72,0
DA:74,0
DA:79,0
DA:84,0
DA:85,0
DA:86,0
DA:88,0
DA:91,0
DA:92,0
DA:94,0
DA:95,0
DA:96,0
DA:104,0
DA:113,0
DA:116,0
DA:117,0
DA:118,0
DA:119,0
DA:120,0
DA:121,0
DA:125,0
DA:126,0
DA:127,0
DA:132,0
DA:135,0
DA:136,0
DA:141,0
DA:144,0
DA:145,0
DA:150,0
DA:153,0
DA:157,0
DA:158,0
DA:159,0
DA:160,0
DA:162,0
DA:167,0
DA:168,0
DA:170,0
DA:171,0
DA:176,0
DA:179,0
DA:185,0
DA:188,0
DA:189,0
DA:190,0
DA:195,0
DA:198,0
DA:207,0
DA:208,0
DA:209,0
DA:213,0
DA:215,0
DA:216,0
DA:221,0
DA:222,0
DA:223,0
DA:231,0
DA:232,0
DA:235,0
DA:244,0
DA:250,0
DA:259,0
DA:261,0
DA:262,0
DA:270,0
DA:278,0
DA:281,0
DA:282,0
DA:284,0
DA:285,0
DA:286,0
DA:290,0
DA:291,0
DA:293,0
DA:295,0
DA:297,0
DA:299,0
DA:301,0
DA:303,0
DA:305,0
DA:310,0
DA:312,0
DA:314,0
DA:316,0
DA:317,0
DA:319,0
DA:320,0
DA:325,0
DA:328,0
DA:329,0
DA:334,0
DA:335,0
DA:339,0
DA:340,0
DA:341,0
DA:345,0
DA:346,0
DA:350,0
DA:352,0
DA:354,0
DA:355,0
DA:360,0
DA:361,0
DA:362,0
DA:363,0
DA:368,0
DA:373,0
DA:374,0
DA:375,0
DA:381,0
DA:382,0
DA:384,0
DA:390,0
DA:391,0
DA:394,0
DA:398,0
DA:404,0
DA:405,0
DA:407,0
DA:413,0
DA:414,0
DA:417,0
DA:421,0
DA:428,0
DA:429,0
DA:430,0
DA:435,0
DA:436,0
DA:437,0
DA:438,0
DA:442,0
DA:443,0
DA:444,0
DA:453,0
DA:462,0
DA:470,0
DA:476,0
DA:478,0
DA:486,0
DA:487,0
DA:489,0
DA:516,0
DA:564,0
DA:606,0
DA:607,0
DA:608,0
DA:609,0
DA:820,0
DA:826,0
DA:875,0
DA:988,0
DA:997,0
DA:1006,0
DA:1015,0
DA:1024,0
LF:208
LH:0
BRDA:72,0,0,0
BRDA:72,0,1,0
BRDA:75,1,0,0
BRDA:75,1,1,0
BRDA:80,2,0,0
BRDA:80,2,1,0
BRDA:81,3,0,0
BRDA:81,3,1,0
BRDA:85,4,0,0
BRDA:85,4,1,0
BRDA:88,5,0,0
BRDA:88,5,1,0
BRDA:88,5,2,0
BRDA:92,6,0,0
BRDA:92,6,1,0
BRDA:97,7,0,0
BRDA:97,7,1,0
BRDA:98,8,0,0
BRDA:98,8,1,0
BRDA:99,9,0,0
BRDA:99,9,1,0
BRDA:100,10,0,0
BRDA:100,10,1,0
BRDA:105,11,0,0
BRDA:105,11,1,0
BRDA:126,12,0,0
BRDA:126,12,1,0
BRDA:126,13,0,0
BRDA:126,13,1,0
BRDA:135,14,0,0
BRDA:135,14,1,0
BRDA:135,15,0,0
BRDA:135,15,1,0
BRDA:144,16,0,0
BRDA:144,16,1,0
BRDA:144,17,0,0
BRDA:144,17,1,0
BRDA:168,18,0,0
BRDA:168,18,1,0
BRDA:170,19,0,0
BRDA:170,19,1,0
BRDA:189,20,0,0
BRDA:189,20,1,0
BRDA:208,21,0,0
BRDA:208,21,1,0
BRDA:222,22,0,0
BRDA:222,22,1,0
BRDA:225,23,0,0
BRDA:225,23,1,0
BRDA:235,24,0,0
BRDA:235,24,1,0
BRDA:282,25,0,0
BRDA:282,25,1,0
BRDA:282,26,0,0
BRDA:282,26,1,0
BRDA:291,27,0,0
BRDA:291,27,1,0
BRDA:293,28,0,0
BRDA:293,28,1,0
BRDA:293,28,2,0
BRDA:293,28,3,0
BRDA:293,28,4,0
BRDA:293,28,5,0
BRDA:316,29,0,0
BRDA:316,29,1,0
BRDA:316,30,0,0
BRDA:316,30,1,0
BRDA:319,31,0,0
BRDA:319,31,1,0
BRDA:334,32,0,0
BRDA:334,32,1,0
BRDA:336,33,0,0
BRDA:336,33,1,0
BRDA:336,34,0,0
BRDA:336,34,1,0
BRDA:340,35,0,0
BRDA:340,35,1,0
BRDA:340,36,0,0
BRDA:340,36,1,0
BRDA:352,37,0,0
BRDA:352,37,1,0
BRDA:354,38,0,0
BRDA:354,38,1,0
BRDA:382,39,0,0
BRDA:382,39,1,0
BRDA:382,40,0,0
BRDA:382,40,1,0
BRDA:391,41,0,0
BRDA:391,41,1,0
BRDA:391,42,0,0
BRDA:391,42,1,0
BRDA:394,43,0,0
BRDA:394,43,1,0
BRDA:405,44,0,0
BRDA:405,44,1,0
BRDA:405,45,0,0
BRDA:405,45,1,0
BRDA:405,45,2,0
BRDA:409,46,0,0
BRDA:409,46,1,0
BRDA:414,47,0,0
BRDA:414,47,1,0
BRDA:414,48,0,0
BRDA:414,48,1,0
BRDA:414,48,2,0
BRDA:417,49,0,0
BRDA:417,49,1,0
BRDA:423,50,0,0
BRDA:423,50,1,0
BRDA:429,51,0,0
BRDA:429,51,1,0
BRDA:429,52,0,0
BRDA:429,52,1,0
BRDA:443,53,0,0
BRDA:443,53,1,0
BRDA:443,54,0,0
BRDA:443,54,1,0
BRDA:447,55,0,0
BRDA:447,55,1,0
BRDA:447,56,0,0
BRDA:447,56,1,0
BRDA:453,57,0,0
BRDA:453,57,1,0
BRDA:462,58,0,0
BRDA:462,58,1,0
BRDA:470,59,0,0
BRDA:470,59,1,0
BRDA:478,60,0,0
BRDA:478,60,1,0
BRDA:487,61,0,0
BRDA:487,61,1,0
BRDA:489,62,0,0
BRDA:489,62,1,0
BRDA:510,63,0,0
BRDA:522,64,0,0
BRDA:533,65,0,0
BRDA:536,66,0,0
BRDA:540,67,0,0
BRDA:603,68,0,0
BRDA:603,68,1,0
BRDA:620,69,0,0
BRDA:620,69,1,0
BRDA:625,70,0,0
BRDA:625,70,1,0
BRDA:626,71,0,0
BRDA:626,71,1,0
BRDA:627,72,0,0
BRDA:627,72,1,0
BRDA:631,73,0,0
BRDA:631,73,1,0
BRDA:632,74,0,0
BRDA:632,74,1,0
BRDA:655,75,0,0
BRDA:658,76,0,0
BRDA:658,76,1,0
BRDA:660,77,0,0
BRDA:660,77,1,0
BRDA:672,78,0,0
BRDA:672,78,1,0
BRDA:678,79,0,0
BRDA:678,79,1,0
BRDA:679,80,0,0
BRDA:679,80,1,0
BRDA:681,81,0,0
BRDA:681,81,1,0
BRDA:682,82,0,0
BRDA:682,82,1,0
BRDA:683,83,0,0
BRDA:683,83,1,0
BRDA:692,84,0,0
BRDA:692,84,1,0
BRDA:698,85,0,0
BRDA:698,85,1,0
BRDA:698,85,2,0
BRDA:703,86,0,0
BRDA:711,87,0,0
BRDA:721,88,0,0
BRDA:730,89,0,0
BRDA:751,90,0,0
BRDA:751,90,1,0
BRDA:753,91,0,0
BRDA:774,92,0,0
BRDA:815,93,0,0
BRDA:815,93,1,0
BRDA:817,94,0,0
BRDA:817,94,1,0
BRDA:817,95,0,0
BRDA:817,95,1,0
BRDA:828,96,0,0
BRDA:828,96,1,0
BRDA:835,97,0,0
BRDA:843,98,0,0
BRDA:861,99,0,0
BRDA:861,99,1,0
BRDA:867,100,0,0
BRDA:867,100,1,0
BRDA:883,101,0,0
BRDA:896,102,0,0
BRDA:922,103,0,0
BRDA:939,104,0,0
BRDA:965,105,0,0
BRDA:965,105,1,0
BRDA:966,106,0,0
BRDA:966,106,1,0
BRDA:966,107,0,0
BRDA:966,107,1,0
BRDA:973,108,0,0
BRDA:1033,109,0,0
BRDA:1034,110,0,0
BRDA:1034,110,1,0
BRF:210
BRH:0
end_of_record
TN:
SF:app/jars/page.tsx
FN:8,(anonymous_4)
FN:9,(anonymous_5)
FN:9,(anonymous_6)
FN:12,CookieJarPage
FNF:4
FNH:0
FNDA:0,(anonymous_4)
FNDA:0,(anonymous_5)
FNDA:0,(anonymous_6)
FNDA:0,CookieJarPage
DA:2,0
DA:3,0
DA:4,0
DA:5,0
DA:8,0
DA:9,0
DA:12,0
DA:13,0
DA:15,0
LF:9
LH:0
BRDA:15,0,0,0
BRDA:15,0,1,0
BRF:2
BRH:0
end_of_record
TN:
SF:app/profile/page.tsx
FN:19,ProfilePage
FN:28,(anonymous_2)
FN:33,(anonymous_3)
FN:41,(anonymous_4)
FN:44,(anonymous_5)
FN:82,(anonymous_6)
FN:143,(anonymous_7)
FN:163,(anonymous_8)
FN:199,(anonymous_9)
FN:215,(anonymous_10)
FNF:10
FNH:0
FNDA:0,ProfilePage
FNDA:0,(anonymous_2)
FNDA:0,(anonymous_3)
FNDA:0,(anonymous_4)
FNDA:0,(anonymous_5)
FNDA:0,(anonymous_6)
FNDA:0,(anonymous_7)
FNDA:0,(anonymous_8)
FNDA:0,(anonymous_9)
FNDA:0,(anonymous_10)
DA:3,0
DA:4,0
DA:5,0
DA:6,0
DA:7,0
DA:8,0
DA:9,0
DA:10,0
DA:11,0
DA:12,0
DA:13,0
DA:14,0
DA:15,0
DA:17,0
DA:19,0
DA:20,0
DA:21,0
DA:22,0
DA:23,0
DA:24,0
DA:25,0
DA:28,0
DA:29,0
DA:33,0
DA:34,0
DA:35,0
DA:40,0
DA:41,0
DA:44,0
DA:45,0
DA:49,0
DA:82,0
DA:144,0
DA:164,0
DA:199,0
DA:215,0
LF:36
LH:0
BRDA:34,0,0,0
BRDA:34,0,1,0
BRDA:34,1,0,0
BRDA:34,1,1,0
BRDA:41,2,0,0
BRDA:41,2,1,0
BRDA:41,2,2,0
BRDA:49,3,0,0
BRDA:49,3,1,0
BRDA:49,4,0,0
BRDA:49,4,1,0
BRDA:68,5,0,0
BRDA:68,5,1,0
BRDA:78,6,0,0
BRDA:78,6,1,0
BRDA:82,7,0,0
BRDA:82,7,1,0
BRDA:94,8,0,0
BRDA:94,8,1,0
BRDA:141,9,0,0
BRDA:163,10,0,0
BRDA:171,11,0,0
BRDA:171,11,1,0
BRDA:180,12,0,0
BRDA:180,12,1,0
BRDA:191,13,0,0
BRDA:191,13,1,0
BRF:27
BRH:0
end_of_record
TN:
SF:components/theme-provider.tsx
FN:6,ThemeProvider
FNF:1
FNH:0
FNDA:0,ThemeProvider
DA:3,0
DA:4,0
DA:6,0
LF:3
LH:0
BRF:0
BRH:0
end_of_record
TN:
SF:components/FeeCollector/DefaultFeeCollector.tsx
FN:11,(anonymous_4)
FN:25,(anonymous_5)
FN:31,(anonymous_6)
FN:35,(anonymous_7)
FN:39,(anonymous_8)
FN:84,(anonymous_9)
FNF:6
FNH:0
FNDA:0,(anonymous_4)
FNDA:0,(anonymous_5)
FNDA:0,(anonymous_6)
FNDA:0,(anonymous_7)
FNDA:0,(anonymous_8)
FNDA:0,(anonymous_9)
DA:3,0
DA:4,0
DA:5,0
DA:6,0
DA:7,0
DA:8,0
DA:9,0
DA:11,0
DA:12,0
DA:13,0
DA:14,0
DA:22,0
DA:25,0
DA:26,0
DA:27,0
DA:28,0
DA:31,0
DA:32,0
DA:35,0
DA:39,0
DA:40,0
DA:41,0
DA:43,0
DA:84,0
DA:110,0
LF:25
LH:0
BRDA:26,0,0,0
BRDA:26,0,1,0
BRDA:41,1,0,0
BRDA:41,1,1,0
BRDA:41,2,0,0
BRDA:41,2,1,0
BRDA:57,3,0,0
BRDA:66,4,0,0
BRDA:70,5,0,0
BRDA:70,5,1,0
BRF:10
BRH:0
end_of_record
TN:
SF:components/admin/AdminFunctions.tsx
FN:33,(anonymous_2)
FN:46,(anonymous_3)
FN:55,(anonymous_4)
FN:159,(anonymous_5)
FN:169,(anonymous_6)
FN:231,(anonymous_7)
FN:243,(anonymous_8)
FN:284,(anonymous_9)
FN:311,(anonymous_10)
FN:331,(anonymous_11)
FN:350,(anonymous_12)
FN:359,(anonymous_13)
FN:368,(anonymous_14)
FN:377,(anonymous_15)
FN:530,(anonymous_16)
FN:543,(anonymous_17)
FN:587,(anonymous_18)
FN:603,(anonymous_19)
FN:604,(anonymous_20)
FNF:19
FNH:0
FNDA:0,(anonymous_2)
FNDA:0,(anonymous_3)
FNDA:0,(anonymous_4)
FNDA:0,(anonymous_5)
FNDA:0,(anonymous_6)
FNDA:0,(anonymous_7)
FNDA:0,(anonymous_8)
FNDA:0,(anonymous_9)
FNDA:0,(anonymous_10)
FNDA:0,(anonymous_11)
FNDA:0,(anonymous_12)
FNDA:0,(anonymous_13)
FNDA:0,(anonymous_14)
FNDA:0,(anonymous_15)
FNDA:0,(anonymous_16)
FNDA:0,(anonymous_17)
FNDA:0,(anonymous_18)
FNDA:0,(anonymous_19)
FNDA:0,(anonymous_20)
DA:4,0
DA:5,0
DA:6,0
DA:7,0
DA:9,0
DA:10,0
DA:24,0
DA:25,0
DA:26,0
DA:27,0
DA:28,0
DA:29,0
DA:30,0
DA:31,0
DA:33,0
DA:44,0
DA:46,0
DA:47,0
DA:48,0
DA:49,0
DA:50,0
DA:51,0
DA:52,0
DA:55,0
DA:56,0
DA:57,0
DA:59,0
DA:64,0
DA:65,0
DA:66,0
DA:67,0
DA:68,0
DA:69,0
DA:70,0
DA:73,0
DA:89,0
DA:90,0
DA:91,0
DA:92,0
DA:93,0
DA:101,0
DA:108,0
DA:115,0
DA:134,0
DA:135,0
DA:136,0
DA:137,0
DA:139,0
DA:140,0
DA:141,0
DA:142,0
DA:149,0
DA:156,0
DA:159,0
DA:160,0
DA:161,0
DA:165,0
DA:166,0
DA:169,0
DA:170,0
DA:175,0
DA:176,0
DA:181,0
DA:182,0
DA:187,0
DA:188,0
DA:193,0
DA:194,0
DA:199,0
DA:200,0
DA:205,0
DA:206,0
DA:211,0
DA:212,0
DA:231,0
DA:232,0
DA:233,0
DA:238,0
DA:243,0
DA:244,0
DA:249,0
DA:284,0
DA:285,0
DA:286,0
DA:288,0
DA:289,0
DA:291,0
DA:296,0
DA:301,0
DA:302,0
DA:311,0
DA:313,0
DA:318,0
DA:331,0
DA:333,0
DA:338,0
DA:350,0
DA:351,0
DA:352,0
DA:353,0
DA:359,0
DA:360,0
DA:361,0
DA:362,0
DA:368,0
DA:369,0
DA:370,0
DA:371,0
DA:377,0
DA:378,0
DA:379,0
DA:380,0
DA:387,0
DA:530,0
DA:543,0
DA:587,0
DA:603,0
DA:605,0
LF:118
LH:0
BRDA:33,0,0,0
BRDA:33,0,1,0
BRDA:56,1,0,0
BRDA:56,1,1,0
BRDA:75,2,0,0
BRDA:75,2,1,0
BRDA:160,3,0,0
BRDA:160,3,1,0
BRDA:175,4,0,0
BRDA:175,4,1,0
BRDA:181,5,0,0
BRDA:181,5,1,0
BRDA:187,6,0,0
BRDA:187,6,1,0
BRDA:193,7,0,0
BRDA:193,7,1,0
BRDA:199,8,0,0
BRDA:199,8,1,0
BRDA:205,9,0,0
BRDA:205,9,1,0
BRDA:211,10,0,0
BRDA:211,10,1,0
BRDA:232,11,0,0
BRDA:232,11,1,0
BRDA:285,12,0,0
BRDA:285,12,1,0
BRDA:298,13,0,0
BRDA:298,13,1,0
BRDA:298,14,0,0
BRDA:298,14,1,0
BRDA:304,15,0,0
BRDA:304,15,1,0
BRDA:351,16,0,0
BRDA:351,16,1,0
BRDA:360,17,0,0
BRDA:360,17,1,0
BRDA:369,18,0,0
BRDA:369,18,1,0
BRDA:369,19,0,0
BRDA:369,19,1,0
BRDA:378,20,0,0
BRDA:378,20,1,0
BRDA:621,21,0,0
BRDA:621,21,1,0
BRDA:629,22,0,0
BRDA:629,22,1,0
BRDA:629,22,2,0
BRF:47
BRH:0
end_of_record
TN:
SF:components/admin/WhiteListAddressInput.tsx
FN:18,(anonymous_4)
FN:29,(anonymous_5)
FN:32,(anonymous_6)
FN:52,(anonymous_7)
FN:53,(anonymous_8)
FN:56,(anonymous_9)
FN:58,(anonymous_10)
FN:62,(anonymous_11)
FN:99,(anonymous_12)
FNF:9
FNH:0
FNDA:0,(anonymous_4)
FNDA:0,(anonymous_5)
FNDA:0,(anonymous_6)
FNDA:0,(anonymous_7)
FNDA:0,(anonymous_8)
FNDA:0,(anonymous_9)
FNDA:0,(anonymous_10)
FNDA:0,(anonymous_11)
FNDA:0,(anonymous_12)
DA:3,0
DA:4,0
DA:5,0
DA:6,0
DA:7,0
DA:8,0
DA:18,0
DA:25,0
DA:26,0
DA:27,0
DA:29,0
DA:30,0
DA:32,0
DA:35,0
DA:36,0
DA:39,0
DA:40,0
DA:41,0
DA:43,0
DA:47,0
DA:49,0
DA:52,0
DA:53,0
DA:55,0
DA:56,0
DA:58,0
DA:62,0
DA:63,0
DA:64,0
DA:66,0
DA:67,0
DA:69,0
DA:70,0
DA:71,0
DA:74,0
DA:75,0
DA:76,0
DA:81,0
DA:84,0
DA:85,0
DA:86,0
DA:88,0
DA:90,0
DA:99,0
LF:44
LH:0
BRDA:23,0,0,0
BRDA:40,1,0,0
BRDA:40,1,1,0
BRDA:55,2,0,0
BRDA:55,2,1,0
BRDA:64,3,0,0
BRDA:64,3,1,0
BRDA:69,4,0,0
BRDA:69,4,1,0
BRDA:75,5,0,0
BRDA:75,5,1,0
BRDA:77,6,0,0
BRDA:77,6,1,0
BRDA:88,7,0,0
BRDA:88,7,1,0
BRDA:104,8,0,0
BRDA:112,9,0,0
BRDA:112,9,1,0
BRDA:115,10,0,0
BRDA:116,11,0,0
BRDA:116,11,1,0
BRDA:116,12,0,0
BRDA:116,12,1,0
BRF:23
BRH:0
end_of_record
TN:
SF:components/admin/WhiteListManagement.tsx
FN:25,(anonymous_6)
FN:44,(anonymous_7)
FN:69,(anonymous_8)
FN:119,(anonymous_9)
FNF:4
FNH:0
FNDA:0,(anonymous_6)
FNDA:0,(anonymous_7)
FNDA:0,(anonymous_8)
FNDA:0,(anonymous_9)
DA:3,0
DA:9,0
DA:10,0
DA:11,0
DA:12,0
DA:13,0
DA:18,0
DA:19,0
DA:25,0
DA:28,0
DA:29,0
DA:33,0
DA:38,0
DA:41,0
DA:44,0
DA:45,0
DA:46,0
DA:51,0
DA:57,0
DA:59,0
DA:64,0
DA:69,0
DA:70,0
DA:71,0
DA:76,0
DA:82,0
DA:84,0
DA:89,0
DA:120,0
DA:170,0
LF:30
LH:0
BRDA:61,0,0,0
BRDA:61,0,1,0
BRDA:86,1,0,0
BRDA:86,1,1,0
BRDA:109,2,0,0
BRDA:115,3,0,0
BRDA:114,4,0,0
BRDA:114,4,1,0
BRDA:140,5,0,0
BRDA:140,5,1,0
BRDA:157,6,0,0
BRDA:157,6,1,0
BRF:12
BRH:0
end_of_record
TN:
SF:components/design/animated-button.tsx
FN:14,AnimatedButton
FNF:1
FNH:0
FNDA:0,AnimatedButton
DA:3,0
DA:14,0
DA:26,0
LF:3
LH:0
BRDA:14,0,0,0
BRDA:14,1,0,0
BRDA:22,2,0,0
BRDA:26,3,0,0
BRDA:26,3,1,0
BRDA:33,4,0,0
BRF:6
BRH:0
end_of_record
TN:
SF:components/design/back-button.tsx
FN:17,BackButton
FN:28,(anonymous_2)
FN:39,(anonymous_3)
FNF:3
FNH:0
FNDA:0,BackButton
FNDA:0,(anonymous_2)
FNDA:0,(anonymous_3)
DA:5,0
DA:6,0
DA:7,0
DA:8,0
DA:9,0
DA:17,0
DA:18,0
DA:19,0
DA:22,0
DA:28,0
DA:40,0
DA:42,0
DA:44,0
DA:48,0
LF:14
LH:0
BRDA:17,0,0,0
BRDA:17,1,0,0
BRDA:22,2,0,0
BRDA:22,2,1,0
BRDA:37,3,0,0
BRDA:40,4,0,0
BRDA:40,4,1,0
BRDA:42,5,0,0
BRDA:42,5,1,0
BRDA:42,5,2,0
BRDA:42,5,3,0
BRDA:42,5,4,0
BRDA:44,6,0,0
BRDA:44,6,1,0
BRDA:48,7,0,0
BRDA:48,7,1,0
BRDA:59,8,0,0
BRDA:61,9,0,0
BRDA:63,10,0,0
BRDA:63,10,1,0
BRDA:64,11,0,0
BRDA:64,11,1,0
BRF:22
BRH:0
end_of_record
TN:
SF:components/design/collapsible-sidebar.tsx
FN:11,CollapsibleSidebar
FN:19,(anonymous_3)
FN:39,(anonymous_4)
FN:40,(anonymous_5)
FN:73,(anonymous_6)
FN:146,(anonymous_7)
FNF:6
FNH:0
FNDA:0,CollapsibleSidebar
FNDA:0,(anonymous_3)
FNDA:0,(anonymous_4)
FNDA:0,(anonymous_5)
FNDA:0,(anonymous_6)
FNDA:0,(anonymous_7)
DA:3,0
DA:4,0
DA:5,0
DA:6,0
DA:7,0
DA:8,0
DA:9,0
DA:11,0
DA:12,0
DA:13,0
DA:14,0
DA:15,0
DA:16,0
DA:19,0
DA:21,0
DA:25,0
DA:39,0
DA:40,0
DA:74,0
DA:76,0
DA:146,0
LF:21
LH:0
BRDA:37,0,0,0
BRDA:37,0,1,0
BRDA:55,1,0,0
BRDA:55,1,1,0
BRDA:60,2,0,0
BRDA:60,2,1,0
BRDA:61,3,0,0
BRDA:61,3,1,0
BRDA:74,4,0,0
BRDA:74,4,1,0
BRDA:74,4,2,0
BRDA:82,5,0,0
BRDA:82,5,1,0
BRDA:87,6,0,0
BRDA:87,6,1,0
BRDA:90,7,0,0
BRDA:90,7,1,0
BRDA:93,8,0,0
BRDA:93,8,1,0
BRDA:95,9,0,0
BRDA:95,9,1,0
BRDA:96,10,0,0
BRDA:96,10,1,0
BRDA:110,11,0,0
BRDA:152,12,0,0
BRDA:152,12,1,0
BRDA:157,13,0,0
BRDA:157,13,1,0
BRDA:158,14,0,0
BRDA:158,14,1,0
BRF:30
BRH:0
end_of_record
TN:
SF:components/design/error-boundary.tsx
FN:19,(anonymous_4)
FN:32,(anonymous_5)
FN:24,(anonymous_6)
FN:28,(anonymous_7)
FN:36,(anonymous_8)
FN:50,(anonymous_9)
FNF:6
FNH:0
FNDA:0,(anonymous_4)
FNDA:0,(anonymous_5)
FNDA:0,(anonymous_6)
FNDA:0,(anonymous_7)
FNDA:0,(anonymous_8)
FNDA:0,(anonymous_9)
DA:3,0
DA:4,0
DA:5,0
DA:6,0
DA:20,0
DA:21,0
DA:25,0
DA:29,0
DA:33,0
DA:37,0
DA:38,0
DA:39,0
DA:46,0
DA:50,0
DA:93,0
LF:15
LH:0
BRDA:37,0,0,0
BRDA:37,0,1,0
BRDA:38,1,0,0
BRDA:38,1,1,0
BRDA:68,2,0,0
BRDA:68,2,1,0
BRDA:75,3,0,0
BRDA:75,3,1,0
BRF:8
BRH:0
end_of_record
TN:
SF:components/design/loading-overlay.tsx
FN:13,LoadingOverlay
FN:17,(anonymous_2)
FN:31,(anonymous_3)
FNF:3
FNH:0
FNDA:0,LoadingOverlay
FNDA:0,(anonymous_2)
FNDA:0,(anonymous_3)
DA:3,0
DA:4,0
DA:5,0
DA:13,0
DA:15,0
DA:17,0
DA:18,0
DA:21,0
DA:31,0
LF:9
LH:0
BRDA:13,0,0,0
BRDA:21,1,0,0
BRDA:21,1,1,0
BRDA:21,2,0,0
BRDA:21,2,1,0
BRDA:31,3,0,0
BRDA:31,3,1,0
BRF:7
BRH:0
end_of_record
TN:
SF:components/design/page-transition.tsx
FN:11,PageTransition
FNF:1
FNH:0
FNDA:0,PageTransition
DA:4,0
DA:5,0
DA:11,0
DA:12,0
DA:14,0
LF:5
LH:0
BRF:0
BRH:0
end_of_record
TN:
SF:components/design/scroll-to-top.tsx
FN:7,ScrollToTop
FN:11,(anonymous_2)
FN:20,(anonymous_3)
FN:22,(anonymous_4)
FN:26,(anonymous_5)
FNF:5
FNH:0
FNDA:0,ScrollToTop
FNDA:0,(anonymous_2)
FNDA:0,(anonymous_3)
FNDA:0,(anonymous_4)
FNDA:0,(anonymous_5)
DA:3,0
DA:4,0
DA:5,0
DA:7,0
DA:8,0
DA:11,0
DA:12,0
DA:13,0
DA:15,0
DA:20,0
DA:21,0
DA:22,0
DA:26,0
DA:27,0
LF:14
LH:0
BRDA:12,0,0,0
BRDA:12,0,1,0
BRDA:38,1,0,0
BRDA:38,1,1,0
BRF:4
BRH:0
end_of_record
TN:
SF:components/design/styled-button.tsx
FN:15,StyledButton
FNF:1
FNH:0
FNDA:0,StyledButton
DA:3,0
DA:4,0
DA:15,0
DA:16,0
DA:28,0
LF:5
LH:0
BRDA:15,0,0,0
BRDA:28,1,0,0
BRDA:28,1,1,0
BRF:3
BRH:0
end_of_record
TN:
SF:components/design/theme-provider.tsx
FN:4,ThemeProvider
FNF:1
FNH:0
FNDA:0,ThemeProvider
DA:2,0
DA:4,0
LF:2
LH:0
BRF:0
BRH:0
end_of_record
TN:
SF:components/jars/jar-content-lazy.tsx
FN:24,JarContentLazy
FN:39,(anonymous_2)
FN:41,(anonymous_3)
FN:48,(anonymous_4)
FN:53,(anonymous_5)
FN:60,(anonymous_6)
FN:70,(anonymous_7)
FN:75,(anonymous_8)
FN:76,(anonymous_9)
FN:143,(anonymous_10)
FN:146,(anonymous_11)
FN:181,(anonymous_12)
FN:187,(anonymous_13)
FN:217,(anonymous_14)
FN:279,(anonymous_15)
FN:297,(anonymous_16)
FN:297,(anonymous_17)
FN:305,(anonymous_18)
FN:310,(anonymous_19)
FN:325,(anonymous_20)
FN:325,(anonymous_21)
FNF:21
FNH:0
FNDA:0,JarContentLazy
FNDA:0,(anonymous_2)
FNDA:0,(anonymous_3)
FNDA:0,(anonymous_4)
FNDA:0,(anonymous_5)
FNDA:0,(anonymous_6)
FNDA:0,(anonymous_7)
FNDA:0,(anonymous_8)
FNDA:0,(anonymous_9)
FNDA:0,(anonymous_10)
FNDA:0,(anonymous_11)
FNDA:0,(anonymous_12)
FNDA:0,(anonymous_13)
FNDA:0,(anonymous_14)
FNDA:0,(anonymous_15)
FNDA:0,(anonymous_16)
FNDA:0,(anonymous_17)
FNDA:0,(anonymous_18)
FNDA:0,(anonymous_19)
FNDA:0,(anonymous_20)
FNDA:0,(anonymous_21)
DA:2,0
DA:3,0
DA:4,0
DA:5,0
DA:6,0
DA:7,0
DA:8,0
DA:9,0
DA:10,0
DA:11,0
DA:12,0
DA:13,0
DA:14,0
DA:15,0
DA:16,0
DA:24,0
DA:25,0
DA:26,0
DA:27,0
DA:28,0
DA:29,0
DA:30,0
DA:31,0
DA:32,0
DA:33,0
DA:34,0
DA:35,0
DA:36,0
DA:39,0
DA:40,0
DA:42,0
DA:47,0
DA:48,0
DA:52,0
DA:53,0
DA:56,0
DA:60,0
DA:61,0
DA:62,0
DA:63,0
DA:70,0
DA:71,0
DA:75,0
DA:76,0
DA:77,0
DA:79,0
DA:80,0
DA:82,0
DA:83,0
DA:86,0
DA:87,0
DA:90,0
DA:91,0
DA:92,0
DA:93,0
DA:94,0
DA:98,0
DA:100,0
DA:101,0
DA:103,0
DA:121,0
DA:122,0
DA:125,0
DA:126,0
DA:129,0
DA:130,0
DA:131,0
DA:135,0
DA:136,0
DA:137,0
DA:138,0
DA:142,0
DA:143,0
DA:146,0
DA:147,0
DA:181,0
DA:187,0
DA:218,0
DA:219,0
DA:220,0
DA:221,0
DA:223,0
DA:279,0
DA:297,0
DA:306,0
DA:310,0
DA:325,0
LF:87
LH:0
BRDA:42,0,0,0
BRDA:42,0,1,0
BRDA:47,1,0,0
BRDA:47,1,1,0
BRDA:52,2,0,0
BRDA:52,2,1,0
BRDA:77,3,0,0
BRDA:77,3,1,0
BRDA:77,4,0,0
BRDA:77,4,1,0
BRDA:90,5,0,0
BRDA:90,5,1,0
BRDA:91,6,0,0
BRDA:91,6,1,0
BRDA:195,7,0,0
BRDA:201,8,0,0
BRDA:208,9,0,0
BRDA:207,10,0,0
BRDA:207,10,1,0
BRDA:212,11,0,0
BRDA:228,12,0,0
BRDA:237,13,0,0
BRDA:249,14,0,0
BRDA:249,14,1,0
BRDA:259,15,0,0
BRDA:259,15,1,0
BRDA:265,16,0,0
BRDA:265,16,1,0
BRDA:271,17,0,0
BRDA:271,17,1,0
BRDA:292,18,0,0
BRDA:308,19,0,0
BRDA:308,19,1,0
BRDA:312,20,0,0
BRDA:312,20,1,0
BRDA:336,21,0,0
BRDA:336,21,1,0
BRDA:345,22,0,0
BRDA:345,22,1,0
BRDA:346,23,0,0
BRDA:346,23,1,0
BRF:41
BRH:0
end_of_record
TN:
SF:components/loading/jar-skeleton.tsx
FN:1,JarSkeleton
FN:15,JarGridSkeleton
FN:18,(anonymous_5)
FNF:3
FNH:0
FNDA:0,JarSkeleton
FNDA:0,JarGridSkeleton
FNDA:0,(anonymous_5)
DA:1,0
DA:15,0
DA:19,0
LF:3
LH:0
BRF:0
BRH:0
end_of_record
TN:
SF:components/network/network-switcher.tsx
FN:9,NetworkSwitcher
FN:16,(anonymous_2)
FN:22,(anonymous_3)
FNF:3
FNH:0
FNDA:0,NetworkSwitcher
FNDA:0,(anonymous_2)
FNDA:0,(anonymous_3)
DA:3,0
DA:4,0
DA:5,0
DA:6,0
DA:7,0
DA:9,0
DA:10,0
DA:11,0
DA:12,0
DA:13,0
DA:16,0
DA:17,0
DA:20,0
DA:22,0
DA:25,0
DA:26,0
LF:16
LH:0
BRDA:20,0,0,0
BRDA:20,0,1,0
BRDA:22,1,0,0
BRDA:22,1,1,0
BRDA:25,2,0,0
BRDA:25,2,1,0
BRDA:25,3,0,0
BRDA:25,3,1,0
BRF:8
BRH:0
end_of_record
TN:
SF:components/page/docs/docs-content.tsx
FN:9,DocsContent
FN:11,(anonymous_2)
FN:15,(anonymous_3)
FNF:3
FNH:0
FNDA:0,DocsContent
FNDA:0,(anonymous_2)
FNDA:0,(anonymous_3)
DA:3,0
DA:9,0
DA:11,0
DA:12,0
DA:15,0
DA:16,0
LF:6
LH:0
BRF:0
BRH:0
end_of_record
TN:
SF:components/page/docs/docs-sidebar.tsx
FN:12,DocsSidebar
FN:104,(anonymous_2)
FN:107,(anonymous_3)
FN:118,(anonymous_4)
FNF:4
FNH:0
FNDA:0,DocsSidebar
FNDA:0,(anonymous_2)
FNDA:0,(anonymous_3)
FNDA:0,(anonymous_4)
DA:4,0
DA:5,0
DA:12,0
DA:13,0
DA:105,0
DA:108,0
DA:118,0
LF:7
LH:0
BRDA:114,0,0,0
BRDA:114,0,1,0
BRF:2
BRH:0
end_of_record
TN:
SF:components/page/home/features.tsx
FN:3,Features
FN:42,(anonymous_2)
FNF:2
FNH:0
FNDA:0,Features
FNDA:0,(anonymous_2)
DA:1,0
DA:3,0
DA:4,0
DA:43,0
LF:4
LH:0
BRF:0
BRH:0
end_of_record
TN:
SF:components/page/home/footer.tsx
FN:5,Footer
FNF:1
FNH:0
FNDA:0,Footer
DA:1,0
DA:2,0
DA:5,0
LF:3
LH:0
BRF:0
BRH:0
end_of_record
TN:
SF:components/page/home/landing-hero.tsx
FN:12,LandingHero
FN:19,(anonymous_3)
FN:23,(anonymous_4)
FN:43,(anonymous_5)
FN:70,(anonymous_6)
FN:77,(anonymous_7)
FN:84,(anonymous_8)
FNF:7
FNH:0
FNDA:0,LandingHero
FNDA:0,(anonymous_3)
FNDA:0,(anonymous_4)
FNDA:0,(anonymous_5)
FNDA:0,(anonymous_6)
FNDA:0,(anonymous_7)
FNDA:0,(anonymous_8)
DA:3,0
DA:4,0
DA:5,0
DA:6,0
DA:7,0
DA:8,0
DA:9,0
DA:10,0
DA:12,0
DA:13,0
DA:14,0
DA:15,0
DA:16,0
DA:19,0
DA:20,0
DA:23,0
DA:24,0
DA:27,0
DA:43,0
DA:70,0
DA:77,0
DA:84,0
LF:22
LH:0
BRDA:27,0,0,0
BRDA:27,0,1,0
BRDA:44,1,0,0
BRDA:64,2,0,0
BRF:4
BRH:0
end_of_record
TN:
SF:components/page/home/network-support.tsx
FN:5,NetworkSupport
FN:49,(anonymous_3)
FNF:2
FNH:0
FNDA:0,NetworkSupport
FNDA:0,(anonymous_3)
DA:1,0
DA:2,0
DA:3,0
DA:5,0
DA:6,0
DA:50,0
LF:6
LH:0
BRDA:56,0,0,0
BRDA:57,1,0,0
BRDA:57,1,1,0
BRDA:71,2,0,0
BRDA:71,2,1,0
BRDA:73,3,0,0
BRDA:73,3,1,0
BRDA:84,4,0,0
BRDA:87,5,0,0
BRDA:91,6,0,0
BRF:10
BRH:0
end_of_record
TN:
SF:components/page/home/social-media-buttons.tsx
FN:4,SocialMediaButtons
FN:13,(anonymous_2)
FN:51,(anonymous_3)
FN:70,(anonymous_4)
FN:89,(anonymous_5)
FNF:5
FNH:0
FNDA:0,SocialMediaButtons
FNDA:0,(anonymous_2)
FNDA:0,(anonymous_3)
FNDA:0,(anonymous_4)
FNDA:0,(anonymous_5)
DA:2,0
DA:4,0
DA:13,0
DA:51,0
DA:70,0
DA:89,0
LF:6
LH:0
BRF:0
BRH:0
end_of_record
TN:
SF:components/ui/accordion.tsx
FNF:0
FNH:0
DA:3,0
DA:4,0
DA:5,0
DA:7,0
DA:9,0
DA:21,0
DA:41,0
DA:56,0
DA:58,0
LF:9
LH:0
BRF:0
BRH:0
end_of_record
TN:
SF:components/ui/alert-dialog.tsx
FNF:0
FNH:0
DA:3,0
DA:4,0
DA:6,0
DA:7,0
DA:9,0
DA:11,0
DA:13,0
DA:28,0
DA:46,0
DA:60,0
DA:74,0
DA:86,0
DA:98,0
DA:111,0
DA:127,0
DA:130,0
DA:131,0
DA:132,0
DA:133,0
DA:134,0
DA:135,0
DA:136,0
DA:137,0
DA:138,0
DA:139,0
DA:140,0
LF:26
LH:0
BRF:0
BRH:0
end_of_record
TN:
SF:components/ui/alert.tsx
FNF:0
FNH:0
DA:1,0
DA:2,0
DA:4,0
DA:6,0
DA:33,0
DA:45,0
DA:57,0
DA:59,0
LF:8
LH:0
BRF:0
BRH:0
end_of_record
TN:
SF:components/ui/aspect-ratio.tsx
FNF:0
FNH:0
DA:3,0
DA:5,0
DA:7,0
LF:3
LH:0
BRF:0
BRH:0
end_of_record
TN:
SF:components/ui/avatar.tsx
FNF:0
FNH:0
DA:3,0
DA:4,0
DA:6,0
DA:21,0
DA:33,0
DA:48,0
DA:50,0
LF:7
LH:0
BRF:0
BRH:0
end_of_record
TN:
SF:components/ui/badge.tsx
FN:25,Badge
FNF:1
FNH:0
FNDA:0,Badge
DA:2,0
DA:4,0
DA:6,0
DA:29,0
LF:4
LH:0
BRF:0
BRH:0
end_of_record
TN:
SF:components/ui/breadcrumb.tsx
FN:47,(anonymous_14)
FNF:1
FNH:0
FNDA:0,(anonymous_14)
DA:1,0
DA:2,0
DA:3,0
DA:5,0
DA:13,0
DA:28,0
DA:40,0
DA:42,0
DA:48,0
DA:58,0
DA:73,0
DA:89,0
DA:105,0
DA:108,0
DA:109,0
DA:110,0
DA:111,0
DA:112,0
DA:113,0
DA:114,0
LF:20
LH:0
BRDA:48,0,0,0
BRDA:48,0,1,0
BRDA:86,1,0,0
BRDA:86,1,1,0
BRF:4
BRH:0
end_of_record
TN:
SF:components/ui/button.tsx
FN:41,(anonymous_6)
FNF:1
FNH:0
FNDA:0,(anonymous_6)
DA:1,0
DA:2,0
DA:3,0
DA:5,0
DA:7,0
DA:40,0
DA:42,0
DA:46,0
DA:48,0
LF:9
LH:0
BRDA:41,0,0,0
BRDA:42,1,0,0
BRDA:42,1,1,0
BRF:3
BRH:0
end_of_record
TN:
SF:components/ui/calendar.tsx
FN:12,Calendar
FNF:1
FNH:0
FNDA:0,Calendar
DA:3,0
DA:4,0
DA:5,0
DA:7,0
DA:8,0
DA:64,0
DA:66,0
LF:7
LH:0
BRDA:15,0,0,0
BRF:1
BRH:0
end_of_record
TN:
SF:components/ui/card.tsx
FNF:0
FNH:0
DA:1,0
DA:3,0
DA:8,0
DA:15,0
DA:22,0
DA:29,0
DA:34,0
DA:41,0
DA:43,0
LF:9
LH:0
BRF:0
BRH:0
end_of_record
TN:
SF:components/ui/carousel.tsx
FN:35,useCarousel
FN:49,(anonymous_11)
FN:71,(anonymous_12)
FN:80,(anonymous_13)
FN:84,(anonymous_14)
FN:89,(anonymous_15)
FN:101,(anonymous_16)
FN:109,(anonymous_17)
FN:118,(anonymous_18)
FN:156,(anonymous_19)
FN:178,(anonymous_20)
FN:200,(anonymous_21)
FN:229,(anonymous_22)
FNF:13
FNH:0
FNDA:0,useCarousel
FNDA:0,(anonymous_11)
FNDA:0,(anonymous_12)
FNDA:0,(anonymous_13)
FNDA:0,(anonymous_14)
FNDA:0,(anonymous_15)
FNDA:0,(anonymous_16)
FNDA:0,(anonymous_17)
FNDA:0,(anonymous_18)
FNDA:0,(anonymous_19)
FNDA:0,(anonymous_20)
FNDA:0,(anonymous_21)
FNDA:0,(anonymous_22)
DA:3,0
DA:6,0
DA:7,0
DA:9,0
DA:10,0
DA:33,0
DA:36,0
DA:38,0
DA:39,0
DA:42,0
DA:45,0
DA:61,0
DA:68,0
DA:69,0
DA:71,0
DA:72,0
DA:73,0
DA:76,0
DA:77,0
DA:80,0
DA:81,0
DA:84,0
DA:85,0
DA:88,0
DA:90,0
DA:91,0
DA:92,0
DA:93,0
DA:94,0
DA:95,0
DA:101,0
DA:102,0
DA:103,0
DA:106,0
DA:109,0
DA:110,0
DA:111,0
DA:114,0
DA:115,0
DA:116,0
DA:118,0
DA:119,0
DA:151,0
DA:153,0
DA:157,0
DA:173,0
DA:175,0
DA:179,0
DA:195,0
DA:197,0
DA:201,0
DA:224,0
DA:226,0
DA:230,0
DA:253,0
DA:257,0
DA:258,0
DA:259,0
DA:260,0
DA:261,0
LF:60
LH:0
BRDA:38,0,0,0
BRDA:38,0,1,0
BRDA:51,1,0,0
BRDA:64,2,0,0
BRDA:64,2,1,0
BRDA:72,3,0,0
BRDA:72,3,1,0
BRDA:90,4,0,0
BRDA:90,4,1,0
BRDA:93,5,0,0
BRDA:93,5,1,0
BRDA:102,6,0,0
BRDA:102,6,1,0
BRDA:102,7,0,0
BRDA:102,7,1,0
BRDA:110,8,0,0
BRDA:110,8,1,0
BRDA:130,9,0,0
BRDA:130,9,1,0
BRDA:130,10,0,0
BRDA:130,10,1,0
BRDA:165,11,0,0
BRDA:165,11,1,0
BRDA:188,12,0,0
BRDA:188,12,1,0
BRDA:200,13,0,0
BRDA:200,14,0,0
BRDA:210,15,0,0
BRDA:210,15,1,0
BRDA:229,16,0,0
BRDA:229,17,0,0
BRDA:239,18,0,0
BRDA:239,18,1,0
BRF:33
BRH:0
end_of_record
TN:
SF:components/ui/chart.tsx
FN:8,ChartContainer
FN:17,(anonymous_8)
FN:21,(anonymous_9)
FN:37,ChartTooltip
FN:53,ChartTooltipContent
FN:68,(anonymous_12)
FNF:6
FNH:0
FNDA:0,ChartContainer
FNDA:0,(anonymous_8)
FNDA:0,(anonymous_9)
FNDA:0,ChartTooltip
FNDA:0,ChartTooltipContent
FNDA:0,(anonymous_12)
DA:3,0
DA:5,0
DA:8,0
DA:17,0
DA:18,0
DA:20,0
DA:22,0
DA:23,0
DA:37,0
DA:45,0
DA:46,0
DA:53,0
DA:60,0
DA:61,0
DA:69,0
LF:15
LH:0
BRDA:18,0,0,0
BRDA:18,0,1,0
BRDA:45,1,0,0
BRDA:45,1,1,0
BRDA:45,2,0,0
BRDA:45,2,1,0
BRDA:60,3,0,0
BRDA:60,3,1,0
BRDA:60,4,0,0
BRDA:60,4,1,0
BRDA:72,5,0,0
BRDA:72,5,1,0
BRDA:74,6,0,0
BRDA:74,6,1,0
BRF:14
BRH:0
end_of_record
TN:
SF:components/ui/checkbox.tsx
FNF:0
FNH:0
DA:3,0
DA:4,0
DA:5,0
DA:7,0
DA:26,0
DA:28,0
LF:6
LH:0
BRF:0
BRH:0
end_of_record
TN:
SF:components/ui/collapsible.tsx
FNF:0
FNH:0
DA:3,0
DA:5,0
DA:7,0
DA:9,0
DA:11,0
LF:5
LH:0
BRF:0
BRH:0
end_of_record
TN:
SF:components/ui/command.tsx
FN:26,(anonymous_14)
FN:127,(anonymous_21)
FNF:2
FNH:0
FNDA:0,(anonymous_14)
FNDA:0,(anonymous_21)
DA:3,0
DA:5,0
DA:6,0
DA:8,0
DA:9,0
DA:24,0
DA:26,0
DA:55,0
DA:68,0
DA:81,0
DA:97,0
DA:109,0
DA:125,0
DA:127,0
DA:141,0
DA:144,0
DA:145,0
DA:146,0
DA:147,0
DA:148,0
DA:149,0
DA:150,0
DA:151,0
DA:152,0
LF:24
LH:0
BRF:0
BRH:0
end_of_record
TN:
SF:components/ui/context-menu.tsx
FN:168,(anonymous_27)
FNF:1
FNH:0
FNDA:0,(anonymous_27)
DA:3,0
DA:4,0
DA:5,0
DA:7,0
DA:9,0
DA:11,0
DA:13,0
DA:15,0
DA:17,0
DA:19,0
DA:40,0
DA:55,0
DA:72,0
DA:90,0
DA:113,0
DA:136,0
DA:154,0
DA:166,0
DA:168,0
DA:182,0
DA:185,0
DA:186,0
DA:187,0
DA:188,0
DA:189,0
DA:190,0
DA:191,0
DA:192,0
DA:193,0
DA:194,0
DA:195,0
DA:196,0
DA:197,0
DA:198,0
DA:199,0
LF:35
LH:0
BRDA:31,0,0,0
BRDA:31,0,1,0
BRDA:84,1,0,0
BRDA:84,1,1,0
BRDA:148,2,0,0
BRDA:148,2,1,0
BRF:6
BRH:0
end_of_record
TN:
SF:components/ui/dialog.tsx
FNF:0
FNH:0
DA:3,0
DA:4,0
DA:5,0
DA:7,0
DA:9,0
DA:11,0
DA:13,0
DA:15,0
DA:30,0
DA:54,0
DA:68,0
DA:82,0
DA:97,0
DA:109,0
DA:112,0
DA:113,0
DA:114,0
DA:115,0
DA:116,0
DA:117,0
DA:118,0
DA:119,0
DA:120,0
DA:121,0
LF:24
LH:0
BRF:0
BRH:0
end_of_record
TN:
SF:components/ui/drawer.tsx
FNF:0
FNH:0
DA:3,0
DA:4,0
DA:6,0
DA:17,0
DA:19,0
DA:21,0
DA:23,0
DA:35,0
DA:56,0
DA:67,0
DA:78,0
DA:93,0
DA:105,0
DA:108,0
DA:109,0
DA:110,0
DA:111,0
DA:112,0
DA:113,0
DA:114,0
DA:115,0
DA:116,0
DA:117,0
LF:23
LH:0
BRDA:9,0,0,0
BRF:1
BRH:0
end_of_record
TN:
SF:components/ui/dropdown-menu.tsx
FN:171,(anonymous_27)
FNF:1
FNH:0
FNDA:0,(anonymous_27)
DA:3,0
DA:4,0
DA:5,0
DA:7,0
DA:9,0
DA:11,0
DA:13,0
DA:15,0
DA:17,0
DA:19,0
DA:40,0
DA:56,0
DA:75,0
DA:93,0
DA:116,0
DA:139,0
DA:157,0
DA:169,0
DA:171,0
DA:182,0
DA:185,0
DA:186,0
DA:187,0
DA:188,0
DA:189,0
DA:190,0
DA:191,0
DA:192,0
DA:193,0
DA:194,0
DA:195,0
DA:196,0
DA:197,0
DA:198,0
DA:199,0
LF:35
LH:0
BRDA:31,0,0,0
BRDA:31,0,1,0
BRDA:62,1,0,0
BRDA:87,2,0,0
BRDA:87,2,1,0
BRDA:151,3,0,0
BRDA:151,3,1,0
BRF:7
BRH:0
end_of_record
TN:
SF:components/ui/form.tsx
FN:31,(anonymous_12)
FN:44,(anonymous_13)
FN:78,(anonymous_14)
FN:92,(anonymous_15)
FN:109,(anonymous_16)
FN:131,(anonymous_17)
FN:148,(anonymous_18)
FNF:7
FNH:0
FNDA:0,(anonymous_12)
FNDA:0,(anonymous_13)
FNDA:0,(anonymous_14)
FNDA:0,(anonymous_15)
FNDA:0,(anonymous_16)
FNDA:0,(anonymous_17)
FNDA:0,(anonymous_18)
DA:3,0
DA:5,0
DA:13,0
DA:15,0
DA:16,0
DA:18,0
DA:27,0
DA:31,0
DA:44,0
DA:45,0
DA:46,0
DA:47,0
DA:49,0
DA:51,0
DA:52,0
DA:55,0
DA:57,0
DA:71,0
DA:75,0
DA:79,0
DA:87,0
DA:89,0
DA:93,0
DA:104,0
DA:106,0
DA:110,0
DA:126,0
DA:128,0
DA:132,0
DA:143,0
DA:145,0
DA:149,0
DA:150,0
DA:152,0
DA:153,0
DA:167,0
DA:170,0
DA:171,0
DA:172,0
DA:173,0
DA:174,0
DA:175,0
DA:176,0
DA:177,0
LF:44
LH:0
BRDA:51,0,0,0
BRDA:51,0,1,0
BRDA:98,1,0,0
BRDA:98,1,1,0
BRDA:117,2,0,0
BRDA:117,2,1,0
BRDA:150,3,0,0
BRDA:150,3,1,0
BRDA:152,4,0,0
BRDA:152,4,1,0
BRF:10
BRH:0
end_of_record
TN:
SF:components/ui/hover-card.tsx
FNF:0
FNH:0
DA:3,0
DA:4,0
DA:6,0
DA:8,0
DA:10,0
DA:27,0
DA:29,0
LF:7
LH:0
BRDA:15,0,0,0
BRDA:15,1,0,0
BRF:2
BRH:0
end_of_record
TN:
SF:components/ui/input-otp.tsx
FN:36,(anonymous_10)
FNF:1
FNH:0
FNDA:0,(anonymous_10)
DA:3,0
DA:4,0
DA:5,0
DA:7,0
DA:23,0
DA:31,0
DA:33,0
DA:37,0
DA:38,0
DA:59,0
DA:69,0
DA:71,0
LF:12
LH:0
BRDA:45,0,0,0
BRDA:45,0,1,0
BRDA:51,1,0,0
BRF:3
BRH:0
end_of_record
TN:
SF:components/ui/input.tsx
FN:6,(anonymous_4)
FN:16,(anonymous_5)
FNF:2
FNH:0
FNDA:0,(anonymous_4)
FNDA:0,(anonymous_5)
DA:1,0
DA:2,0
DA:6,0
DA:18,0
DA:19,0
DA:26,0
DA:28,0
LF:7
LH:0
BRDA:18,0,0,0
BRDA:18,0,1,0
BRF:2
BRH:0
end_of_record
TN:
SF:components/ui/label.tsx
FNF:0
FNH:0
DA:3,0
DA:4,0
DA:5,0
DA:7,0
DA:9,0
DA:24,0
DA:26,0
LF:7
LH:0
BRF:0
BRH:0
end_of_record
TN:
SF:components/ui/menubar.tsx
FN:203,(anonymous_30)
FNF:1
FNH:0
FNDA:0,(anonymous_30)
DA:3,0
DA:4,0
DA:5,0
DA:7,0
DA:9,0
DA:11,0
DA:13,0
DA:15,0
DA:17,0
DA:32,0
DA:47,0
DA:68,0
DA:83,0
DA:108,0
DA:126,0
DA:149,0
DA:171,0
DA:189,0
DA:201,0
DA:203,0
DA:217,0
DA:220,0
DA:221,0
DA:222,0
DA:223,0
DA:224,0
DA:225,0
DA:226,0
DA:227,0
DA:228,0
DA:229,0
DA:230,0
DA:231,0
DA:232,0
DA:233,0
DA:234,0
DA:235,0
LF:37
LH:0
BRDA:59,0,0,0
BRDA:59,0,1,0
BRDA:90,1,0,0
BRDA:90,2,0,0
BRDA:90,3,0,0
BRDA:120,4,0,0
BRDA:120,4,1,0
BRDA:183,5,0,0
BRDA:183,5,1,0
BRF:9
BRH:0
end_of_record
TN:
SF:components/ui/navigation-menu.tsx
FNF:0
FNH:0
DA:1,0
DA:2,0
DA:3,0
DA:4,0
DA:6,0
DA:24,0
DA:39,0
DA:41,0
DA:43,0
DA:63,0
DA:78,0
DA:80,0
DA:97,0
DA:115,0
DA:119,0
DA:120,0
DA:121,0
DA:122,0
DA:123,0
DA:124,0
DA:125,0
DA:126,0
DA:127,0
LF:23
LH:0
BRF:0
BRH:0
end_of_record
TN:
SF:components/ui/pagination.tsx
FNF:0
FNH:0
DA:1,0
DA:2,0
DA:4,0
DA:5,0
DA:15,0
DA:27,0
DA:35,0
DA:60,0
DA:76,0
DA:92,0
DA:107,0
DA:110,0
DA:111,0
DA:112,0
DA:113,0
DA:114,0
DA:115,0
DA:116,0
LF:18
LH:0
BRDA:45,0,0,0
BRDA:49,1,0,0
BRDA:49,1,1,0
BRDA:52,2,0,0
BRDA:52,2,1,0
BRF:5
BRH:0
end_of_record
TN:
SF:components/ui/popover.tsx
FNF:0
FNH:0
DA:3,0
DA:4,0
DA:6,0
DA:8,0
DA:10,0
DA:29,0
DA:31,0
LF:7
LH:0
BRDA:15,0,0,0
BRDA:15,1,0,0
BRF:2
BRH:0
end_of_record
TN:
SF:components/ui/progress.tsx
FNF:0
FNH:0
DA:3,0
DA:4,0
DA:6,0
DA:26,0
DA:28,0
LF:5
LH:0
BRDA:22,0,0,0
BRDA:22,0,1,0
BRF:2
BRH:0
end_of_record
TN:
SF:components/ui/radio-group.tsx
FN:12,(anonymous_6)
FN:26,(anonymous_7)
FNF:2
FNH:0
FNDA:0,(anonymous_6)
FNDA:0,(anonymous_7)
DA:3,0
DA:4,0
DA:5,0
DA:7,0
DA:9,0
DA:21,0
DA:23,0
DA:42,0
DA:44,0
LF:9
LH:0
BRF:0
BRH:0
end_of_record
TN:
SF:components/ui/resizable.tsx
FNF:0
FNH:0
DA:3,0
DA:4,0
DA:6,0
DA:21,0
DA:45,0
LF:5
LH:0
BRDA:37,0,0,0
BRF:1
BRH:0
end_of_record
TN:
SF:components/ui/scroll-area.tsx
FNF:0
FNH:0
DA:3,0
DA:4,0
DA:6,0
DA:18,0
DA:38,0
DA:40,0
LF:6
LH:0
BRDA:23,0,0,0
BRDA:29,1,0,0
BRDA:29,1,1,0
BRDA:30,2,0,0
BRDA:30,2,1,0
BRF:5
BRH:0
end_of_record
TN:
SF:components/ui/select.tsx
FNF:0
FNH:0
DA:3,0
DA:4,0
DA:5,0
DA:7,0
DA:9,0
DA:11,0
DA:13,0
DA:33,0
DA:47,0
DA:61,0
DA:93,0
DA:101,0
DA:124,0
DA:132,0
DA:135,0
DA:136,0
DA:137,0
DA:138,0
DA:139,0
DA:140,0
DA:141,0
DA:142,0
DA:143,0
DA:144,0
LF:24
LH:0
BRDA:66,0,0,0
BRDA:72,1,0,0
BRDA:72,1,1,0
BRDA:83,2,0,0
BRDA:83,2,1,0
BRF:5
BRH:0
end_of_record
TN:
SF:components/ui/separator.tsx
FNF:0
FNH:0
DA:3,0
DA:4,0
DA:6,0
DA:29,0
DA:31,0
LF:5
LH:0
BRDA:13,0,0,0
BRDA:13,1,0,0
BRDA:22,2,0,0
BRDA:22,2,1,0
BRF:4
BRH:0
end_of_record
TN:
SF:components/ui/sheet.tsx
FNF:0
FNH:0
DA:3,0
DA:4,0
DA:5,0
DA:6,0
DA:8,0
DA:10,0
DA:12,0
DA:14,0
DA:16,0
DA:31,0
DA:33,0
DA:75,0
DA:89,0
DA:103,0
DA:115,0
DA:127,0
DA:130,0
DA:131,0
DA:132,0
DA:133,0
DA:134,0
DA:135,0
DA:136,0
DA:137,0
DA:138,0
DA:139,0
LF:26
LH:0
BRDA:59,0,0,0
BRF:1
BRH:0
end_of_record
TN:
SF:components/ui/sidebar.tsx
FN:41,useSidebar
FN:58,(anonymous_29)
FN:78,(anonymous_30)
FN:93,(anonymous_31)
FN:95,(anonymous_32)
FN:96,(anonymous_33)
FN:100,(anonymous_34)
FN:101,(anonymous_35)
FN:112,(anonymous_36)
FN:120,(anonymous_37)
FN:167,(anonymous_38)
FN:265,(anonymous_39)
FN:275,(anonymous_40)
FN:291,(anonymous_41)
FN:320,(anonymous_42)
FN:338,(anonymous_43)
FN:356,(anonymous_44)
FN:371,(anonymous_45)
FN:386,(anonymous_46)
FN:401,(anonymous_47)
FN:419,(anonymous_48)
FN:434,(anonymous_49)
FN:455,(anonymous_50)
FN:544,(anonymous_54)
FN:601,(anonymous_55)
FN:652,(anonymous_57)
FN:654,(anonymous_58)
FN:715,(anonymous_61)
FNF:28
FNH:0
FNDA:0,useSidebar
FNDA:0,(anonymous_29)
FNDA:0,(anonymous_30)
FNDA:0,(anonymous_31)
FNDA:0,(anonymous_32)
FNDA:0,(anonymous_33)
FNDA:0,(anonymous_34)
FNDA:0,(anonymous_35)
FNDA:0,(anonymous_36)
FNDA:0,(anonymous_37)
FNDA:0,(anonymous_38)
FNDA:0,(anonymous_39)
FNDA:0,(anonymous_40)
FNDA:0,(anonymous_41)
FNDA:0,(anonymous_42)
FNDA:0,(anonymous_43)
FNDA:0,(anonymous_44)
FNDA:0,(anonymous_45)
FNDA:0,(anonymous_46)
FNDA:0,(anonymous_47)
FNDA:0,(anonymous_48)
FNDA:0,(anonymous_49)
FNDA:0,(anonymous_50)
FNDA:0,(anonymous_54)
FNDA:0,(anonymous_55)
FNDA:0,(anonymous_57)
FNDA:0,(anonymous_58)
FNDA:0,(anonymous_61)
DA:3,0
DA:4,0
DA:5,0
DA:6,0
DA:8,0
DA:9,0
DA:10,0
DA:11,0
DA:12,0
DA:13,0
DA:14,0
DA:20,0
DA:22,0
DA:23,0
DA:24,0
DA:25,0
DA:26,0
DA:27,0
DA:39,0
DA:42,0
DA:43,0
DA:44,0
DA:47,0
DA:50,0
DA:70,0
DA:71,0
DA:75,0
DA:76,0
DA:77,0
DA:79,0
DA:80,0
DA:81,0
DA:83,0
DA:87,0
DA:93,0
DA:94,0
DA:95,0
DA:96,0
DA:100,0
DA:101,0
DA:102,0
DA:106,0
DA:107,0
DA:111,0
DA:112,0
DA:117,0
DA:119,0
DA:120,0
DA:157,0
DA:159,0
DA:178,0
DA:180,0
DA:195,0
DA:260,0
DA:262,0
DA:266,0
DA:276,0
DA:277,0
DA:286,0
DA:288,0
DA:292,0
DA:315,0
DA:317,0
DA:333,0
DA:335,0
DA:351,0
DA:353,0
DA:366,0
DA:368,0
DA:381,0
DA:383,0
DA:396,0
DA:398,0
DA:414,0
DA:416,0
DA:429,0
DA:431,0
DA:435,0
DA:450,0
DA:452,0
DA:456,0
DA:473,0
DA:486,0
DA:499,0
DA:512,0
DA:514,0
DA:536,0
DA:556,0
DA:557,0
DA:570,0
DA:571,0
DA:574,0
DA:575,0
DA:593,0
DA:595,0
DA:602,0
DA:624,0
DA:645,0
DA:647,0
DA:654,0
DA:655,0
DA:683,0
DA:700,0
DA:706,0
DA:708,0
DA:716,0
DA:736,0
DA:739,0
DA:740,0
DA:741,0
DA:742,0
DA:743,0
DA:744,0
DA:745,0
DA:746,0
DA:747,0
DA:748,0
DA:749,0
DA:750,0
DA:751,0
DA:752,0
DA:753,0
DA:754,0
DA:755,0
DA:756,0
DA:757,0
DA:758,0
DA:759,0
DA:760,0
DA:761,0
DA:762,0
LF:131
LH:0
BRDA:43,0,0,0
BRDA:43,0,1,0
BRDA:60,1,0,0
BRDA:76,2,0,0
BRDA:76,2,1,0
BRDA:79,3,0,0
BRDA:79,3,1,0
BRDA:80,4,0,0
BRDA:80,4,1,0
BRDA:94,5,0,0
BRDA:94,5,1,0
BRDA:102,6,0,0
BRDA:102,6,1,0
BRDA:103,7,0,0
BRDA:103,7,1,0
BRDA:103,7,2,0
BRDA:117,8,0,0
BRDA:117,8,1,0
BRDA:169,9,0,0
BRDA:170,10,0,0
BRDA:171,11,0,0
BRDA:180,12,0,0
BRDA:180,12,1,0
BRDA:195,13,0,0
BRDA:195,13,1,0
BRDA:220,14,0,0
BRDA:220,14,1,0
BRDA:230,15,0,0
BRDA:230,15,1,0
BRDA:230,16,0,0
BRDA:230,16,1,0
BRDA:238,17,0,0
BRDA:238,17,1,0
BRDA:242,18,0,0
BRDA:242,18,1,0
BRDA:242,19,0,0
BRDA:242,19,1,0
BRDA:434,20,0,0
BRDA:435,21,0,0
BRDA:435,21,1,0
BRDA:455,22,0,0
BRDA:456,23,0,0
BRDA:456,23,1,0
BRDA:546,24,0,0
BRDA:547,25,0,0
BRDA:548,26,0,0
BRDA:549,27,0,0
BRDA:556,28,0,0
BRDA:556,28,1,0
BRDA:570,29,0,0
BRDA:570,29,1,0
BRDA:574,30,0,0
BRDA:574,30,1,0
BRDA:586,31,0,0
BRDA:586,31,1,0
BRDA:601,32,0,0
BRDA:601,33,0,0
BRDA:602,34,0,0
BRDA:602,34,1,0
BRDA:616,35,0,0
BRDA:616,35,1,0
BRDA:652,36,0,0
BRDA:665,37,0,0
BRDA:715,38,0,0
BRDA:715,39,0,0
BRDA:716,40,0,0
BRDA:716,40,1,0
BRDA:727,41,0,0
BRDA:727,41,1,0
BRDA:728,42,0,0
BRDA:728,42,1,0
BRF:71
BRH:0
end_of_record
TN:
SF:components/ui/skeleton.tsx
FN:4,Skeleton
FNF:1
FNH:0
FNDA:0,Skeleton
DA:2,0
DA:8,0
LF:2
LH:0
BRF:0
BRH:0
end_of_record
TN:
SF:components/ui/slider.tsx
FNF:0
FNH:0
DA:3,0
DA:4,0
DA:6,0
DA:26,0
DA:28,0
LF:5
LH:0
BRF:0
BRH:0
end_of_record
TN:
SF:components/ui/sonner.tsx
FN:8,(anonymous_1)
FNF:1
FNH:0
FNDA:0,(anonymous_1)
DA:3,0
DA:4,0
DA:8,0
DA:9,0
DA:31,0
LF:5
LH:0
BRDA:9,0,0,0
BRF:1
BRH:0
end_of_record
TN:
SF:components/ui/switch.tsx
FNF:0
FNH:0
DA:3,0
DA:4,0
DA:6,0
DA:27,0
DA:29,0
LF:5
LH:0
BRF:0
BRH:0
end_of_record
TN:
SF:components/ui/table.tsx
FNF:0
FNH:0
DA:1,0
DA:3,0
DA:17,0
DA:25,0
DA:37,0
DA:52,0
DA:67,0
DA:82,0
DA:94,0
DA:106,0
DA:109,0
DA:110,0
DA:111,0
DA:112,0
DA:113,0
DA:114,0
DA:115,0
DA:116,0
LF:18
LH:0
BRF:0
BRH:0
end_of_record
TN:
SF:components/ui/tabs.tsx
FNF:0
FNH:0
DA:3,0
DA:4,0
DA:6,0
DA:8,0
DA:23,0
DA:38,0
DA:53,0
DA:55,0
LF:8
LH:0
BRF:0
BRH:0
end_of_record
TN:
SF:components/ui/textarea.tsx
FN:6,(anonymous_4)
FNF:1
FNH:0
FNDA:0,(anonymous_4)
DA:1,0
DA:3,0
DA:5,0
DA:19,0
DA:21,0
LF:5
LH:0
BRF:0
BRH:0
end_of_record
TN:
SF:components/ui/toast.tsx
FN:47,(anonymous_12)
FNF:1
FNH:0
FNDA:0,(anonymous_12)
DA:3,0
DA:4,0
DA:5,0
DA:6,0
DA:8,0
DA:10,0
DA:25,0
DA:27,0
DA:43,0
DA:56,0
DA:71,0
DA:89,0
DA:101,0
DA:113,0
DA:122,0
DA:123,0
DA:124,0
DA:125,0
DA:126,0
DA:127,0
DA:128,0
LF:21
LH:0
BRF:0
BRH:0
end_of_record
TN:
SF:components/ui/toaster.tsx
FN:13,Toaster
FN:18,(anonymous_2)
FNF:2
FNH:0
FNDA:0,Toaster
FNDA:0,(anonymous_2)
DA:3,0
DA:11,0
DA:13,0
DA:14,0
DA:19,0
LF:5
LH:0
BRDA:22,0,0,0
BRDA:23,1,0,0
BRF:2
BRH:0
end_of_record
TN:
SF:components/ui/toggle-group.tsx
FN:39,(anonymous_7)
FNF:1
FNH:0
FNDA:0,(anonymous_7)
DA:3,0
DA:4,0
DA:7,0
DA:8,0
DA:10,0
DA:33,0
DA:35,0
DA:40,0
DA:59,0
DA:61,0
LF:10
LH:0
BRDA:47,0,0,0
BRDA:47,0,1,0
BRDA:48,1,0,0
BRDA:48,1,1,0
BRF:4
BRH:0
end_of_record
TN:
SF:components/ui/toggle.tsx
FNF:0
FNH:0
DA:3,0
DA:4,0
DA:5,0
DA:7,0
DA:9,0
DA:43,0
DA:45,0
LF:7
LH:0
BRF:0
BRH:0
end_of_record
TN:
SF:components/ui/tooltip.tsx
FNF:0
FNH:0
DA:3,0
DA:4,0
DA:6,0
DA:8,0
DA:10,0
DA:12,0
DA:28,0
DA:30,0
LF:8
LH:0
BRDA:17,0,0,0
BRF:1
BRH:0
end_of_record
TN:
SF:components/ui/use-mobile.tsx
FN:5,useIsMobile
FN:8,(anonymous_5)
FN:10,(anonymous_6)
FN:15,(anonymous_7)
FNF:4
FNH:0
FNDA:0,useIsMobile
FNDA:0,(anonymous_5)
FNDA:0,(anonymous_6)
FNDA:0,(anonymous_7)
DA:1,0
DA:3,0
DA:5,0
DA:6,0
DA:8,0
DA:9,0
DA:10,0
DA:11,0
DA:13,0
DA:14,0
DA:15,0
DA:18,0
LF:12
LH:0
BRF:0
BRH:0
end_of_record
TN:
SF:components/ui/use-toast.ts
FN:30,genId
FN:61,(anonymous_8)
FN:66,(anonymous_9)
FN:77,(anonymous_10)
FN:88,(anonymous_11)
FN:101,(anonymous_12)
FN:108,(anonymous_13)
FN:127,(anonymous_14)
FN:136,dispatch
FN:138,(anonymous_16)
FN:145,toast
FN:148,(anonymous_18)
FN:153,(anonymous_19)
FN:161,(anonymous_20)
FN:174,useToast
FN:177,(anonymous_22)
FN:179,(anonymous_23)
FN:190,(anonymous_24)
FNF:18
FNH:0
FNDA:0,genId
FNDA:0,(anonymous_8)
FNDA:0,(anonymous_9)
FNDA:0,(anonymous_10)
FNDA:0,(anonymous_11)
FNDA:0,(anonymous_12)
FNDA:0,(anonymous_13)
FNDA:0,(anonymous_14)
FNDA:0,dispatch
FNDA:0,(anonymous_16)
FNDA:0,toast
FNDA:0,(anonymous_18)
FNDA:0,(anonymous_19)
FNDA:0,(anonymous_20)
FNDA:0,useToast
FNDA:0,(anonymous_22)
FNDA:0,(anonymous_23)
FNDA:0,(anonymous_24)
DA:4,0
DA:11,0
DA:12,0
DA:21,0
DA:28,0
DA:31,0
DA:32,0
DA:59,0
DA:61,0
DA:62,0
DA:63,0
DA:66,0
DA:67,0
DA:68,0
DA:74,0
DA:77,0
DA:78,0
DA:80,0
DA:86,0
DA:89,0
DA:94,0
DA:98,0
DA:99,0
DA:101,0
DA:102,0
DA:106,0
DA:109,0
DA:119,0
DA:120,0
DA:125,0
DA:127,0
DA:132,0
DA:134,0
DA:137,0
DA:138,0
DA:139,0
DA:146,0
DA:148,0
DA:149,0
DA:153,0
DA:155,0
DA:162,0
DA:167,0
DA:175,0
DA:177,0
DA:178,0
DA:179,0
DA:180,0
DA:181,0
DA:182,0
DA:187,0
DA:190,0
DA:194,0
LF:53
LH:0
BRDA:62,0,0,0
BRDA:62,0,1,0
BRDA:78,1,0,0
BRDA:78,1,1,0
BRDA:78,1,2,0
BRDA:78,1,3,0
BRDA:89,2,0,0
BRDA:89,2,1,0
BRDA:98,3,0,0
BRDA:98,3,1,0
BRDA:109,4,0,0
BRDA:109,4,1,0
BRDA:109,5,0,0
BRDA:109,5,1,0
BRDA:119,6,0,0
BRDA:119,6,1,0
BRDA:162,7,0,0
BRDA:162,7,1,0
BRDA:181,8,0,0
BRDA:181,8,1,0
BRF:20
BRH:0
end_of_record
TN:
SF:components/users/ConfigDetailsSection.tsx
FN:17,(anonymous_1)
FNF:1
FNH:0
FNDA:0,(anonymous_1)
DA:5,0
DA:6,0
DA:7,0
DA:8,0
DA:10,0
DA:11,0
DA:17,0
DA:18,0
DA:19,0
LF:9
LH:0
BRDA:24,0,0,0
BRDA:24,0,1,0
BRDA:29,1,0,0
BRDA:29,1,1,0
BRDA:37,2,0,0
BRDA:37,2,1,0
BRDA:47,3,0,0
BRDA:47,3,1,0
BRDA:51,4,0,0
BRDA:51,4,1,0
BRDA:57,5,0,0
BRDA:57,5,1,0
BRDA:61,6,0,0
BRDA:61,6,1,0
BRDA:64,7,0,0
BRDA:64,7,1,0
BRF:16
BRH:0
end_of_record
TN:
SF:components/users/ConfigItem.tsx
FN:13,(anonymous_1)
FNF:1
FNH:0
FNDA:0,(anonymous_1)
DA:4,0
DA:13,0
LF:2
LH:0
BRDA:15,0,0,0
BRDA:15,0,1,0
BRDA:18,1,0,0
BRDA:18,1,1,0
BRDA:19,2,0,0
BRDA:19,2,1,0
BRF:6
BRH:0
end_of_record
TN:
SF:components/users/ConfigView.tsx
FN:32,(anonymous_1)
FN:67,(anonymous_2)
FN:76,(anonymous_3)
FN:85,(anonymous_4)
FN:94,(anonymous_5)
FN:104,(anonymous_6)
FN:143,(anonymous_7)
FN:149,(anonymous_8)
FNF:8
FNH:0
FNDA:0,(anonymous_1)
FNDA:0,(anonymous_2)
FNDA:0,(anonymous_3)
FNDA:0,(anonymous_4)
FNDA:0,(anonymous_5)
FNDA:0,(anonymous_6)
FNDA:0,(anonymous_7)
FNDA:0,(anonymous_8)
DA:5,0
DA:6,0
DA:7,0
DA:8,0
DA:9,0
DA:10,0
DA:11,0
DA:12,0
DA:13,0
DA:14,0
DA:15,0
DA:16,0
DA:32,0
DA:40,0
DA:41,0
DA:44,0
DA:45,0
DA:46,0
DA:47,0
DA:50,0
DA:51,0
DA:58,0
DA:64,0
DA:67,0
DA:68,0
DA:70,0
DA:76,0
DA:77,0
DA:79,0
DA:85,0
DA:86,0
DA:88,0
DA:94,0
DA:95,0
DA:97,0
DA:104,0
DA:105,0
DA:108,0
DA:110,0
DA:111,0
DA:114,0
DA:143,0
DA:149,0
LF:43
LH:0
BRDA:50,0,0,0
BRDA:50,0,1,0
BRDA:68,1,0,0
BRDA:68,1,1,0
BRDA:68,2,0,0
BRDA:68,2,1,0
BRDA:77,3,0,0
BRDA:77,3,1,0
BRDA:81,4,0,0
BRDA:81,4,1,0
BRDA:86,5,0,0
BRDA:86,5,1,0
BRDA:86,6,0,0
BRDA:86,6,1,0
BRDA:86,6,2,0
BRDA:90,7,0,0
BRDA:90,7,1,0
BRDA:95,8,0,0
BRDA:95,8,1,0
BRDA:95,9,0,0
BRDA:95,9,1,0
BRDA:99,10,0,0
BRDA:99,10,1,0
BRDA:99,11,0,0
BRDA:99,11,1,0
BRDA:105,12,0,0
BRDA:105,12,1,0
BRDA:108,13,0,0
BRDA:108,13,1,0
BRDA:140,14,0,0
BRDA:140,14,1,0
BRDA:151,15,0,0
BRDA:151,15,1,0
BRDA:159,16,0,0
BRDA:181,17,0,0
BRDA:200,18,0,0
BRF:36
BRH:0
end_of_record
TN:
SF:components/users/CountdownTimer.tsx
FN:12,(anonymous_1)
FN:25,(anonymous_2)
FN:29,(anonymous_3)
FN:30,(anonymous_4)
FN:47,(anonymous_5)
FNF:5
FNH:0
FNDA:0,(anonymous_1)
FNDA:0,(anonymous_2)
FNDA:0,(anonymous_3)
FNDA:0,(anonymous_4)
FNDA:0,(anonymous_5)
DA:4,0
DA:12,0
DA:13,0
DA:16,0
DA:19,0
DA:22,0
DA:25,0
DA:26,0
DA:27,0
DA:29,0
DA:30,0
DA:31,0
DA:32,0
DA:33,0
DA:35,0
DA:36,0
DA:37,0
DA:38,0
DA:40,0
DA:44,0
DA:45,0
DA:47,0
LF:22
LH:0
BRDA:35,0,0,0
BRDA:35,0,1,0
BRDA:38,1,0,0
BRDA:38,1,1,0
BRDA:56,2,0,0
BRDA:56,2,1,0
BRDA:61,3,0,0
BRDA:61,3,1,0
BRF:8
BRH:0
end_of_record
TN:
SF:components/users/FundingSection.tsx
FN:16,(anonymous_1)
FN:26,(anonymous_2)
FN:29,(anonymous_3)
FNF:3
FNH:0
FNDA:0,(anonymous_1)
FNDA:0,(anonymous_2)
FNDA:0,(anonymous_3)
DA:5,0
DA:6,0
DA:7,0
DA:8,0
DA:16,0
DA:17,0
DA:18,0
DA:26,0
DA:29,0
LF:9
LH:0
BRF:0
BRH:0
end_of_record
TN:
SF:components/users/NFTGatedWithdrawalSection.tsx
FN:21,(anonymous_1)
FN:44,(anonymous_2)
FN:51,(anonymous_3)
FN:81,(anonymous_4)
FN:105,(anonymous_5)
FN:112,(anonymous_6)
FNF:6
FNH:0
FNDA:0,(anonymous_1)
FNDA:0,(anonymous_2)
FNDA:0,(anonymous_3)
FNDA:0,(anonymous_4)
FNDA:0,(anonymous_5)
FNDA:0,(anonymous_6)
DA:5,0
DA:6,0
DA:7,0
DA:21,0
DA:33,0
DA:37,0
DA:44,0
DA:51,0
DA:73,0
DA:83,0
DA:84,0
DA:86,0
DA:87,0
DA:91,0
DA:105,0
DA:112,0
DA:133,0
LF:17
LH:0
BRDA:34,0,0,0
BRDA:34,0,1,0
BRDA:37,1,0,0
BRDA:37,1,1,0
BRDA:37,2,0,0
BRDA:37,2,1,0
BRDA:60,3,0,0
BRDA:65,4,0,0
BRDA:65,4,1,0
BRDA:73,5,0,0
BRDA:73,5,1,0
BRDA:73,6,0,0
BRDA:73,6,1,0
BRDA:84,7,0,0
BRDA:84,7,1,0
BRDA:84,8,0,0
BRDA:84,8,1,0
BRDA:87,9,0,0
BRDA:87,9,1,0
BRDA:88,10,0,0
BRDA:88,10,1,0
BRDA:98,11,0,0
BRDA:98,11,1,0
BRDA:118,12,0,0
BRDA:118,12,1,0
BRDA:118,12,2,0
BRDA:118,12,3,0
BRDA:118,12,4,0
BRDA:121,13,0,0
BRDA:126,14,0,0
BRDA:126,14,1,0
BRF:31
BRH:0
end_of_record
TN:
SF:components/users/WhitelistWithdrawalSection.tsx
FN:21,(anonymous_2)
FN:49,(anonymous_3)
FN:126,(anonymous_4)
FN:154,(anonymous_5)
FN:201,(anonymous_6)
FNF:5
FNH:0
FNDA:0,(anonymous_2)
FNDA:0,(anonymous_3)
FNDA:0,(anonymous_4)
FNDA:0,(anonymous_5)
FNDA:0,(anonymous_6)
DA:4,0
DA:5,0
DA:6,0
DA:7,0
DA:8,0
DA:9,0
DA:21,0
DA:31,0
DA:36,0
DA:38,0
DA:49,0
DA:79,0
DA:114,0
DA:128,0
DA:129,0
DA:130,0
DA:131,0
DA:132,0
DA:154,0
DA:189,0
DA:203,0
DA:204,0
DA:205,0
DA:206,0
DA:207,0
DA:244,0
LF:26
LH:0
BRDA:32,0,0,0
BRDA:32,0,1,0
BRDA:38,1,0,0
BRDA:38,1,1,0
BRDA:38,2,0,0
BRDA:38,2,1,0
BRDA:59,3,0,0
BRDA:59,3,1,0
BRDA:59,3,2,0
BRDA:62,4,0,0
BRDA:69,5,0,0
BRDA:69,5,1,0
BRDA:79,6,0,0
BRDA:79,6,1,0
BRDA:79,7,0,0
BRDA:79,7,1,0
BRDA:83,8,0,0
BRDA:83,8,1,0
BRDA:85,9,0,0
BRDA:97,10,0,0
BRDA:114,11,0,0
BRDA:114,11,1,0
BRDA:114,12,0,0
BRDA:114,12,1,0
BRDA:131,13,0,0
BRDA:131,13,1,0
BRDA:135,14,0,0
BRDA:135,14,1,0
BRDA:138,15,0,0
BRDA:141,16,0,0
BRDA:141,16,1,0
BRDA:164,17,0,0
BRDA:164,17,1,0
BRDA:164,17,2,0
BRDA:164,17,3,0
BRDA:164,17,4,0
BRDA:172,18,0,0
BRDA:179,19,0,0
BRDA:179,19,1,0
BRDA:189,20,0,0
BRDA:189,20,1,0
BRDA:189,21,0,0
BRDA:189,21,1,0
BRDA:206,22,0,0
BRDA:206,22,1,0
BRDA:210,23,0,0
BRDA:210,23,1,0
BRDA:213,24,0,0
BRDA:216,25,0,0
BRDA:216,25,1,0
BRDA:225,26,0,0
BRDA:225,26,1,0
BRDA:225,26,2,0
BRDA:225,26,3,0
BRDA:228,27,0,0
BRDA:235,28,0,0
BRDA:235,28,1,0
BRF:57
BRH:0
end_of_record
TN:
SF:components/users/WithdrawlHistorySection.tsx
FN:22,(anonymous_1)
FN:34,(anonymous_2)
FNF:2
FNH:0
FNDA:0,(anonymous_1)
FNDA:0,(anonymous_2)
DA:7,0
DA:8,0
DA:22,0
DA:27,0
DA:35,0
LF:5
LH:0
BRDA:23,0,0,0
BRDA:24,1,0,0
BRDA:33,2,0,0
BRDA:46,3,0,0
BRDA:46,3,1,0
BRDA:52,4,0,0
BRDA:52,4,1,0
BRF:7
BRH:0
end_of_record
TN:
SF:components/wallet/custom-connect-button.tsx
FN:36,CustomConnectButton
FN:48,(anonymous_4)
FN:54,(anonymous_5)
FN:61,(anonymous_6)
FN:63,(anonymous_7)
FN:68,(anonymous_8)
FN:101,(anonymous_9)
FN:110,(anonymous_10)
FN:137,(anonymous_11)
FN:141,(anonymous_12)
FN:198,(anonymous_13)
FNF:11
FNH:0
FNDA:0,CustomConnectButton
FNDA:0,(anonymous_4)
FNDA:0,(anonymous_5)
FNDA:0,(anonymous_6)
FNDA:0,(anonymous_7)
FNDA:0,(anonymous_8)
FNDA:0,(anonymous_9)
FNDA:0,(anonymous_10)
FNDA:0,(anonymous_11)
FNDA:0,(anonymous_12)
FNDA:0,(anonymous_13)
DA:3,0
DA:5,0
DA:13,0
DA:14,0
DA:15,0
DA:16,0
DA:17,0
DA:18,0
DA:21,0
DA:36,0
DA:37,0
DA:38,0
DA:39,0
DA:40,0
DA:41,0
DA:42,0
DA:43,0
DA:44,0
DA:45,0
DA:48,0
DA:49,0
DA:50,0
DA:54,0
DA:55,0
DA:56,0
DA:61,0
DA:62,0
DA:63,0
DA:68,0
DA:69,0
DA:71,0
DA:72,0
DA:75,0
DA:76,0
DA:83,0
DA:86,0
DA:87,0
DA:88,0
DA:90,0
DA:92,0
DA:94,0
DA:96,0
DA:101,0
DA:102,0
DA:103,0
DA:118,0
DA:120,0
DA:138,0
DA:141,0
DA:149,0
DA:198,0
DA:240,0
LF:52
LH:0
BRDA:55,0,0,0
BRDA:55,0,1,0
BRDA:62,1,0,0
BRDA:62,1,1,0
BRDA:62,2,0,0
BRDA:62,2,1,0
BRDA:62,2,2,0
BRDA:62,2,3,0
BRDA:69,3,0,0
BRDA:69,3,1,0
BRDA:69,4,0,0
BRDA:69,4,1,0
BRDA:118,5,0,0
BRDA:118,5,1,0
BRDA:120,6,0,0
BRDA:120,6,1,0
BRDA:120,6,2,0
BRDA:120,6,3,0
BRDA:120,6,4,0
BRDA:127,7,0,0
BRDA:127,7,1,0
BRDA:138,8,0,0
BRDA:138,8,1,0
BRDA:149,9,0,0
BRDA:149,9,1,0
BRDA:165,10,0,0
BRDA:167,11,0,0
BRDA:169,12,0,0
BRDA:169,12,1,0
BRDA:170,13,0,0
BRDA:170,13,1,0
BRDA:224,14,0,0
BRDA:224,14,1,0
BRF:33
BRH:0
end_of_record
TN:
SF:components/wallet/custom-connect-modal.tsx
FN:21,CustomConnectModal
FN:28,(anonymous_2)
FN:36,(anonymous_3)
FN:47,(anonymous_4)
FN:58,(anonymous_5)
FN:72,(anonymous_6)
FN:85,(anonymous_7)
FN:88,(anonymous_8)
FN:95,(anonymous_9)
FNF:9
FNH:0
FNDA:0,CustomConnectModal
FNDA:0,(anonymous_2)
FNDA:0,(anonymous_3)
FNDA:0,(anonymous_4)
FNDA:0,(anonymous_5)
FNDA:0,(anonymous_6)
FNDA:0,(anonymous_7)
FNDA:0,(anonymous_8)
FNDA:0,(anonymous_9)
DA:3,0
DA:10,0
DA:11,0
DA:12,0
DA:13,0
DA:14,0
DA:21,0
DA:22,0
DA:23,0
DA:24,0
DA:25,0
DA:28,0
DA:29,0
DA:30,0
DA:31,0
DA:36,0
DA:37,0
DA:38,0
DA:43,0
DA:47,0
DA:48,0
DA:49,0
DA:50,0
DA:52,0
DA:53,0
DA:58,0
DA:73,0
DA:86,0
DA:89,0
DA:90,0
DA:92,0
DA:95,0
LF:32
LH:0
BRDA:29,0,0,0
BRDA:29,0,1,0
BRDA:37,1,0,0
BRDA:37,1,1,0
BRDA:58,2,0,0
BRDA:58,2,1,0
BRDA:72,3,0,0
BRDA:73,4,0,0
BRDA:73,4,1,0
BRDA:86,5,0,0
BRDA:86,5,1,0
BRDA:90,6,0,0
BRDA:90,6,1,0
BRDA:103,7,0,0
BRDA:114,8,0,0
BRDA:114,8,1,0
BRDA:118,9,0,0
BRF:17
BRH:0
end_of_record
TN:
SF:components/wallet/rainbow-kit-provider.tsx
FN:41,RainbowKitProviderWrapper
FNF:1
FNH:0
FNDA:0,RainbowKitProviderWrapper
DA:3,0
DA:8,0
DA:9,0
DA:10,0
DA:11,0
DA:13,0
DA:37,0
DA:39,0
DA:41,0
DA:46,0
DA:49,0
DA:57,0
DA:66,0
LF:13
LH:0
BRDA:67,0,0,0
BRDA:67,0,1,0
BRDA:69,1,0,0
BRDA:69,1,1,0
BRF:4
BRH:0
end_of_record
TN:
SF:components/wallet/wallet-auth-layer.tsx
FN:8,WalletAuthLayer
FNF:1
FNH:0
FNDA:0,WalletAuthLayer
DA:5,0
DA:6,0
DA:8,0
DA:9,0
DA:11,0
LF:5
LH:0
BRDA:11,0,0,0
BRDA:11,0,1,0
BRF:2
BRH:0
end_of_record
TN:
SF:hooks/use-contract-addresses.ts
FN:8,useContractAddresses
FN:14,(anonymous_2)
FN:16,(anonymous_3)
FN:55,(anonymous_4)
FNF:4
FNH:0
FNDA:0,useContractAddresses
FNDA:0,(anonymous_2)
FNDA:0,(anonymous_3)
FNDA:0,(anonymous_4)
DA:3,0
DA:4,0
DA:6,0
DA:8,0
DA:9,0
DA:10,0
DA:11,0
DA:12,0
DA:14,0
DA:15,0
DA:16,0
DA:17,0
DA:19,0
DA:20,0
DA:22,0
DA:23,0
DA:26,0
DA:27,0
DA:28,0
DA:31,0
DA:32,0
DA:33,0
DA:38,0
DA:39,0
DA:40,0
DA:41,0
DA:44,0
DA:48,0
DA:51,0
DA:55,0
DA:56,0
DA:59,0
DA:63,0
DA:69,0
LF:34
LH:0
BRDA:15,0,0,0
BRDA:15,0,1,0
BRDA:20,1,0,0
BRDA:20,1,1,0
BRDA:23,2,0,0
BRDA:23,2,1,0
BRDA:26,3,0,0
BRDA:26,3,1,0
BRDA:26,4,0,0
BRDA:26,4,1,0
BRDA:31,5,0,0
BRDA:31,5,1,0
BRDA:40,6,0,0
BRDA:40,6,1,0
BRDA:40,7,0,0
BRDA:40,7,1,0
BRDA:51,8,0,0
BRDA:51,8,1,0
BRDA:56,9,0,0
BRDA:56,9,1,0
BRDA:63,10,0,0
BRDA:63,10,1,0
BRDA:64,11,0,0
BRDA:64,11,1,0
BRDA:65,12,0,0
BRDA:65,12,1,0
BRDA:71,13,0,0
BRDA:71,13,1,0
BRDA:72,14,0,0
BRDA:72,14,1,0
BRDA:74,15,0,0
BRDA:74,15,1,0
BRF:32
BRH:0
end_of_record
TN:
SF:hooks/use-cookie-jar-factory.ts
FN:34,useCookieJarFactory
FN:72,(anonymous_4)
FN:114,(anonymous_5)
FN:115,(anonymous_6)
FN:124,(anonymous_7)
FN:129,(anonymous_8)
FN:132,(anonymous_9)
FN:160,(anonymous_10)
FN:173,(anonymous_11)
FN:184,(anonymous_12)
FN:196,useCookieJarByAddress
FN:204,(anonymous_14)
FN:244,(anonymous_15)
FN:254,(anonymous_16)
FN:258,(anonymous_17)
FN:261,(anonymous_18)
FNF:16
FNH:0
FNDA:0,useCookieJarFactory
FNDA:0,(anonymous_4)
FNDA:0,(anonymous_5)
FNDA:0,(anonymous_6)
FNDA:0,(anonymous_7)
FNDA:0,(anonymous_8)
FNDA:0,(anonymous_9)
FNDA:0,(anonymous_10)
FNDA:0,(anonymous_11)
FNDA:0,(anonymous_12)
FNDA:0,useCookieJarByAddress
FNDA:0,(anonymous_14)
FNDA:0,(anonymous_15)
FNDA:0,(anonymous_16)
FNDA:0,(anonymous_17)
FNDA:0,(anonymous_18)
DA:3,0
DA:4,0
DA:10,0
DA:11,0
DA:34,0
DA:35,0
DA:36,0
DA:37,0
DA:39,0
DA:40,0
DA:41,0
DA:45,0
DA:61,0
DA:72,0
DA:73,0
DA:75,0
DA:79,0
DA:94,0
DA:108,0
DA:109,0
DA:114,0
DA:115,0
DA:116,0
DA:117,0
DA:118,0
DA:121,0
DA:122,0
DA:123,0
DA:124,0
DA:125,0
DA:128,0
DA:129,0
DA:132,0
DA:137,0
DA:138,0
DA:139,0
DA:141,0
DA:143,0
DA:148,0
DA:149,0
DA:151,0
DA:160,0
DA:161,0
DA:162,0
DA:165,0
DA:166,0
DA:173,0
DA:178,0
DA:185,0
DA:186,0
DA:196,0
DA:197,0
DA:198,0
DA:199,0
DA:201,0
DA:204,0
DA:205,0
DA:206,0
DA:210,0
DA:225,0
DA:239,0
DA:240,0
DA:244,0
DA:245,0
DA:246,0
DA:247,0
DA:248,0
DA:251,0
DA:253,0
DA:255,0
DA:256,0
DA:259,0
DA:262,0
DA:266,0
LF:74
LH:0
BRDA:48,0,0,0
BRDA:48,0,1,0
BRDA:49,1,0,0
BRDA:49,1,1,0
BRDA:64,2,0,0
BRDA:64,2,1,0
BRDA:65,3,0,0
BRDA:65,3,1,0
BRDA:75,4,0,0
BRDA:75,4,1,0
BRDA:116,5,0,0
BRDA:116,5,1,0
BRDA:116,6,0,0
BRDA:116,6,1,0
BRDA:134,7,0,0
BRDA:134,7,1,0
BRDA:134,8,0,0
BRDA:134,8,1,0
BRDA:141,9,0,0
BRDA:141,9,1,0
BRDA:148,10,0,0
BRDA:148,10,1,0
BRDA:148,11,0,0
BRDA:148,11,1,0
BRDA:152,12,0,0
BRDA:152,12,1,0
BRDA:161,13,0,0
BRDA:161,13,1,0
BRDA:162,14,0,0
BRDA:162,14,1,0
BRDA:165,15,0,0
BRDA:165,15,1,0
BRDA:166,16,0,0
BRDA:166,16,1,0
BRDA:181,17,0,0
BRDA:181,17,1,0
BRDA:181,17,2,0
BRDA:181,17,3,0
BRDA:206,18,0,0
BRDA:206,18,1,0
BRDA:245,19,0,0
BRDA:245,19,1,0
BRDA:259,20,0,0
BRDA:259,20,1,0
BRF:44
BRH:0
end_of_record
TN:
SF:hooks/use-cookie-jar-registry.ts
FN:23,useCookieJarData
FN:38,(anonymous_2)
FN:58,(anonymous_3)
FN:62,(anonymous_4)
FNF:4
FNH:0
FNDA:0,useCookieJarData
FNDA:0,(anonymous_2)
FNDA:0,(anonymous_3)
FNDA:0,(anonymous_4)
DA:3,0
DA:4,0
DA:5,0
DA:6,0
DA:23,0
DA:24,0
DA:25,0
DA:26,0
DA:29,0
DA:34,0
DA:38,0
DA:39,0
DA:40,0
DA:50,0
DA:57,0
DA:58,0
DA:59,0
DA:60,0
DA:62,0
DA:77,0
DA:78,0
DA:80,0
DA:85,0
LF:23
LH:0
BRDA:34,0,0,0
BRDA:34,0,1,0
BRDA:39,1,0,0
BRDA:39,1,1,0
BRDA:39,2,0,0
BRDA:39,2,1,0
BRDA:54,3,0,0
BRDA:54,3,1,0
BRDA:59,4,0,0
BRDA:59,4,1,0
BRDA:59,5,0,0
BRDA:59,5,1,0
BRDA:88,6,0,0
BRDA:88,6,1,0
BRF:14
BRH:0
end_of_record
TN:
SF:hooks/use-cookie-jar.ts
FN:11,(anonymous_1)
FN:19,(anonymous_2)
FN:239,(anonymous_3)
FNF:3
FNH:0
FNDA:0,(anonymous_1)
FNDA:0,(anonymous_2)
FNDA:0,(anonymous_3)
DA:3,0
DA:4,0
DA:11,0
DA:19,0
DA:239,0
DA:240,0
DA:242,0
DA:243,0
DA:244,0
DA:246,0
DA:269,0
DA:270,0
DA:272,0
LF:13
LH:0
BRDA:11,0,0,0
BRDA:11,0,1,0
BRDA:19,1,0,0
BRDA:19,1,1,0
BRDA:276,2,0,0
BRDA:276,2,1,0
BRDA:278,3,0,0
BRDA:278,3,1,0
BRDA:297,4,0,0
BRDA:297,4,1,0
BRF:10
BRH:0
end_of_record
TN:
SF:hooks/use-mobile.tsx
FN:5,useIsMobile
FN:8,(anonymous_5)
FN:10,(anonymous_6)
FN:15,(anonymous_7)
FNF:4
FNH:0
FNDA:0,useIsMobile
FNDA:0,(anonymous_5)
FNDA:0,(anonymous_6)
FNDA:0,(anonymous_7)
DA:1,0
DA:3,0
DA:5,0
DA:6,0
DA:8,0
DA:9,0
DA:10,0
DA:11,0
DA:13,0
DA:14,0
DA:15,0
DA:18,0
LF:12
LH:0
BRF:0
BRH:0
end_of_record
TN:
SF:hooks/use-toast.ts
FN:30,genId
FN:61,(anonymous_8)
FN:66,(anonymous_9)
FN:77,(anonymous_10)
FN:88,(anonymous_11)
FN:101,(anonymous_12)
FN:108,(anonymous_13)
FN:127,(anonymous_14)
FN:136,dispatch
FN:138,(anonymous_16)
FN:145,toast
FN:148,(anonymous_18)
FN:153,(anonymous_19)
FN:161,(anonymous_20)
FN:174,useToast
FN:177,(anonymous_22)
FN:179,(anonymous_23)
FN:190,(anonymous_24)
FNF:18
FNH:0
FNDA:0,genId
FNDA:0,(anonymous_8)
FNDA:0,(anonymous_9)
FNDA:0,(anonymous_10)
FNDA:0,(anonymous_11)
FNDA:0,(anonymous_12)
FNDA:0,(anonymous_13)
FNDA:0,(anonymous_14)
FNDA:0,dispatch
FNDA:0,(anonymous_16)
FNDA:0,toast
FNDA:0,(anonymous_18)
FNDA:0,(anonymous_19)
FNDA:0,(anonymous_20)
FNDA:0,useToast
FNDA:0,(anonymous_22)
FNDA:0,(anonymous_23)
FNDA:0,(anonymous_24)
DA:4,0
DA:11,0
DA:12,0
DA:21,0
DA:28,0
DA:31,0
DA:32,0
DA:59,0
DA:61,0
DA:62,0
DA:63,0
DA:66,0
DA:67,0
DA:68,0
DA:74,0
DA:77,0
DA:78,0
DA:80,0
DA:86,0
DA:89,0
DA:94,0
DA:98,0
DA:99,0
DA:101,0
DA:102,0
DA:106,0
DA:109,0
DA:119,0
DA:120,0
DA:125,0
DA:127,0
DA:132,0
DA:134,0
DA:137,0
DA:138,0
DA:139,0
DA:146,0
DA:148,0
DA:149,0
DA:153,0
DA:155,0
DA:162,0
DA:167,0
DA:175,0
DA:177,0
DA:178,0
DA:179,0
DA:180,0
DA:181,0
DA:182,0
DA:187,0
DA:190,0
DA:194,0
LF:53
LH:0
BRDA:62,0,0,0
BRDA:62,0,1,0
BRDA:78,1,0,0
BRDA:78,1,1,0
BRDA:78,1,2,0
BRDA:78,1,3,0
BRDA:89,2,0,0
BRDA:89,2,1,0
BRDA:98,3,0,0
BRDA:98,3,1,0
BRDA:109,4,0,0
BRDA:109,4,1,0
BRDA:109,5,0,0
BRDA:109,5,1,0
BRDA:119,6,0,0
BRDA:119,6,1,0
BRDA:162,7,0,0
BRDA:162,7,1,0
BRDA:181,8,0,0
BRDA:181,8,1,0
BRF:20
BRH:0
end_of_record
TN:
SF:hooks/use-whitelist-status.ts
FN:8,useWhitelistStatus
FN:25,(anonymous_2)
FNF:2
FNH:0
FNDA:0,useWhitelistStatus
FNDA:0,(anonymous_2)
DA:3,0
DA:4,0
DA:5,0
DA:6,0
DA:8,0
DA:9,0
DA:10,0
DA:11,0
DA:14,0
DA:17,0
DA:25,0
DA:26,0
DA:27,0
DA:28,0
DA:32,0
LF:15
LH:0
BRDA:19,0,0,0
BRDA:19,0,1,0
BRDA:21,1,0,0
BRDA:21,1,1,0
BRDA:26,2,0,0
BRDA:26,2,1,0
BRF:6
BRH:0
end_of_record
TN:
SF:hooks/design/use-mobile.tsx
FN:7,useIsMobile
FN:10,(anonymous_5)
FN:12,(anonymous_6)
FN:17,(anonymous_7)
FNF:4
FNH:0
FNDA:0,useIsMobile
FNDA:0,(anonymous_5)
FNDA:0,(anonymous_6)
FNDA:0,(anonymous_7)
DA:3,0
DA:5,0
DA:7,0
DA:8,0
DA:10,0
DA:11,0
DA:12,0
DA:13,0
DA:15,0
DA:16,0
DA:17,0
DA:20,0
LF:12
LH:0
BRF:0
BRH:0
end_of_record
TN:
SF:hooks/design/use-toast.ts
FN:27,genId
FN:58,(anonymous_8)
FN:63,(anonymous_9)
FN:74,(anonymous_10)
FN:85,(anonymous_11)
FN:96,(anonymous_12)
FN:103,(anonymous_13)
FN:122,(anonymous_14)
FN:131,dispatch
FN:133,(anonymous_16)
FN:140,toast
FN:143,(anonymous_18)
FN:148,(anonymous_19)
FN:156,(anonymous_20)
FN:169,useToast
FN:172,(anonymous_22)
FN:174,(anonymous_23)
FN:185,(anonymous_24)
FNF:18
FNH:0
FNDA:0,genId
FNDA:0,(anonymous_8)
FNDA:0,(anonymous_9)
FNDA:0,(anonymous_10)
FNDA:0,(anonymous_11)
FNDA:0,(anonymous_12)
FNDA:0,(anonymous_13)
FNDA:0,(anonymous_14)
FNDA:0,dispatch
FNDA:0,(anonymous_16)
FNDA:0,toast
FNDA:0,(anonymous_18)
FNDA:0,(anonymous_19)
FNDA:0,(anonymous_20)
FNDA:0,useToast
FNDA:0,(anonymous_22)
FNDA:0,(anonymous_23)
FNDA:0,(anonymous_24)
DA:4,0
DA:8,0
DA:9,0
DA:18,0
DA:25,0
DA:28,0
DA:29,0
DA:56,0
DA:58,0
DA:59,0
DA:60,0
DA:63,0
DA:64,0
DA:65,0
DA:71,0
DA:74,0
DA:75,0
DA:77,0
DA:83,0
DA:85,0
DA:89,0
DA:93,0
DA:94,0
DA:96,0
DA:97,0
DA:101,0
DA:104,0
DA:114,0
DA:115,0
DA:120,0
DA:122,0
DA:127,0
DA:129,0
DA:132,0
DA:133,0
DA:134,0
DA:141,0
DA:143,0
DA:144,0
DA:148,0
DA:150,0
DA:157,0
DA:162,0
DA:170,0
DA:172,0
DA:173,0
DA:174,0
DA:175,0
DA:176,0
DA:177,0
DA:182,0
DA:185,0
DA:189,0
LF:53
LH:0
BRDA:59,0,0,0
BRDA:59,0,1,0
BRDA:75,1,0,0
BRDA:75,1,1,0
BRDA:75,1,2,0
BRDA:75,1,3,0
BRDA:85,2,0,0
BRDA:85,2,1,0
BRDA:93,3,0,0
BRDA:93,3,1,0
BRDA:104,4,0,0
BRDA:104,4,1,0
BRDA:104,5,0,0
BRDA:104,5,1,0
BRDA:114,6,0,0
BRDA:114,6,1,0
BRDA:157,7,0,0
BRDA:157,7,1,0
BRDA:176,8,0,0
BRDA:176,8,1,0
BRF:20
BRH:0
end_of_record
TN:
SF:lib/utils.ts
FN:4,cn
FNF:1
FNH:0
FNDA:0,cn
DA:1,0
DA:2,0
DA:4,0
DA:5,0
LF:4
LH:0
BRF:0
BRH:0
end_of_record
TN:
SF:lib/utils/format.ts
FN:2,(anonymous_4)
FN:8,(anonymous_5)
FN:18,(anonymous_6)
FNF:3
FNH:0
FNDA:0,(anonymous_4)
FNDA:0,(anonymous_5)
FNDA:0,(anonymous_6)
DA:2,0
DA:3,0
DA:4,0
DA:8,0
DA:10,0
DA:11,0
DA:12,0
DA:14,0
DA:18,0
DA:19,0
DA:20,0
DA:21,0
DA:22,0
LF:13
LH:0
BRDA:3,0,0,0
BRDA:3,0,1,0
BRDA:19,1,0,0
BRDA:19,1,1,0
BRDA:19,2,0,0
BRDA:19,2,1,0
BRDA:20,3,0,0
BRDA:20,3,1,0
BRDA:20,4,0,0
BRDA:20,4,1,0
BRDA:21,5,0,0
BRDA:21,5,1,0
BRDA:21,6,0,0
BRDA:21,6,1,0
BRF:14
BRH:0
end_of_record
TN:
SF:lib/utils/network-utils.ts
FN:9,getChainById
FN:10,(anonymous_5)
FN:18,getNetworkName
FN:29,getExplorerAddressUrl
FN:47,getExplorerTxUrl
FNF:5
FNH:0
FNDA:0,getChainById
FNDA:0,(anonymous_5)
FNDA:0,getNetworkName
FNDA:0,getExplorerAddressUrl
FNDA:0,getExplorerTxUrl
DA:2,0
DA:10,0
DA:18,0
DA:19,0
DA:20,0
DA:29,0
DA:30,0
DA:33,0
DA:34,0
DA:38,0
DA:47,0
DA:48,0
DA:51,0
DA:52,0
DA:56,0
LF:15
LH:0
BRDA:20,0,0,0
BRDA:20,0,1,0
BRDA:33,1,0,0
BRDA:33,1,1,0
BRDA:51,2,0,0
BRDA:51,2,1,0
BRF:6
BRH:0
end_of_record
TN:
SF:lib/utils/time-utils.ts
FN:2,(anonymous_4)
FN:14,(anonymous_5)
FN:41,(anonymous_6)
FNF:3
FNH:0
FNDA:0,(anonymous_4)
FNDA:0,(anonymous_5)
FNDA:0,(anonymous_6)
DA:2,0
DA:5,0
DA:6,0
DA:7,0
DA:8,0
DA:10,0
DA:14,0
DA:15,0
DA:17,0
DA:18,0
DA:21,0
DA:22,0
DA:25,0
DA:26,0
DA:29,0
DA:30,0
DA:33,0
DA:34,0
DA:37,0
DA:41,0
DA:42,0
LF:21
LH:0
BRDA:17,0,0,0
BRDA:17,0,1,0
BRDA:18,1,0,0
BRDA:18,1,1,0
BRDA:21,2,0,0
BRDA:21,2,1,0
BRDA:22,3,0,0
BRDA:22,3,1,0
BRDA:25,4,0,0
BRDA:25,4,1,0
BRDA:26,5,0,0
BRDA:26,5,1,0
BRDA:29,6,0,0
BRDA:29,6,1,0
BRDA:30,7,0,0
BRDA:30,7,1,0
BRDA:33,8,0,0
BRDA:33,8,1,0
BRF:18
BRH:0
end_of_record
TN:
SF:lib/utils/token-utils.ts
FN:16,useTokenInfo
FN:88,formatTokenAmount
FN:111,parseTokenAmount
FN:122,checkDecimals
FNF:4
FNH:0
FNDA:0,useTokenInfo
FNDA:0,formatTokenAmount
FNDA:0,parseTokenAmount
FNDA:0,checkDecimals
DA:1,0
DA:2,0
DA:6,0
DA:9,0
DA:16,0
DA:17,0
DA:18,0
DA:19,0
DA:21,0
DA:40,0
DA:41,0
DA:52,0
DA:53,0
DA:54,0
DA:55,0
DA:56,0
DA:59,0
DA:60,0
DA:61,0
DA:62,0
DA:63,0
DA:64,0
DA:65,0
DA:66,0
DA:70,0
DA:88,0
DA:94,0
DA:96,0
DA:97,0
DA:98,0
DA:100,0
DA:101,0
DA:111,0
DA:112,0
DA:113,0
DA:122,0
DA:123,0
DA:124,0
DA:127,0
DA:129,0
DA:130,0
DA:134,0
DA:137,0
DA:144,0
LF:44
LH:0
BRDA:19,0,0,0
BRDA:19,0,1,0
BRDA:40,1,0,0
BRDA:40,1,1,0
BRDA:54,2,0,0
BRDA:54,2,1,0
BRDA:54,2,2,0
BRDA:55,3,0,0
BRDA:55,3,1,0
BRDA:56,4,0,0
BRDA:56,4,1,0
BRDA:60,5,0,0
BRDA:60,5,1,0
BRDA:61,6,0,0
BRDA:61,6,1,0
BRDA:61,7,0,0
BRDA:61,7,1,0
BRDA:63,8,0,0
BRDA:63,8,1,0
BRDA:65,9,0,0
BRDA:65,9,1,0
BRDA:92,10,0,0
BRDA:94,11,0,0
BRDA:94,11,1,0
BRDA:101,12,0,0
BRDA:101,12,1,0
BRDA:112,13,0,0
BRDA:112,13,1,0
BRDA:112,14,0,0
BRDA:112,14,1,0
BRDA:113,15,0,0
BRDA:113,15,1,0
BRDA:123,16,0,0
BRDA:123,16,1,0
BRDA:127,17,0,0
BRDA:127,17,1,0
BRDA:130,18,0,0
BRDA:130,18,1,0
BRDA:131,19,0,0
BRDA:131,19,1,0
BRF:40
BRH:0
end_of_record
TN:
SF:lib/utils/utils.ts
FN:6,cn
FN:10,shortenAddress
FNF:2
FNH:0
FNDA:0,cn
FNDA:0,shortenAddress
DA:3,0
DA:4,0
DA:6,0
DA:7,0
DA:10,0
DA:11,0
DA:12,0
LF:7
LH:0
BRDA:10,0,0,0
BRDA:11,1,0,0
BRDA:11,1,1,0
BRF:3
BRH:0
end_of_record
